28-Feb-2023 17:18:38.968 INFO [main] org.apache.catalina.startup.VersionLoggerListener.log Server version name:   Apache Tomcat/10.1.5
28-Feb-2023 17:18:38.973 INFO [main] org.apache.catalina.startup.VersionLoggerListener.log Server built:          Jan 9 2023 19:52:50 UTC
28-Feb-2023 17:18:38.973 INFO [main] org.apache.catalina.startup.VersionLoggerListener.log Server version number: 10.1.5.0
28-Feb-2023 17:18:38.974 INFO [main] org.apache.catalina.startup.VersionLoggerListener.log OS Name:               Mac OS X
28-Feb-2023 17:18:38.974 INFO [main] org.apache.catalina.startup.VersionLoggerListener.log OS Version:            12.5
28-Feb-2023 17:18:38.974 INFO [main] org.apache.catalina.startup.VersionLoggerListener.log Architecture:          x86_64
28-Feb-2023 17:18:38.974 INFO [main] org.apache.catalina.startup.VersionLoggerListener.log Java Home:             /Library/Java/JavaVirtualMachines/temurin-17.jdk/Contents/Home
28-Feb-2023 17:18:38.974 INFO [main] org.apache.catalina.startup.VersionLoggerListener.log JVM Version:           17.0.5+8
28-Feb-2023 17:18:38.974 INFO [main] org.apache.catalina.startup.VersionLoggerListener.log JVM Vendor:            Eclipse Adoptium
28-Feb-2023 17:18:38.974 INFO [main] org.apache.catalina.startup.VersionLoggerListener.log CATALINA_BASE:         /Users/nghsinkai/Library/Mobile Documents/com~apple~CloudDocs/NTU/Y2S2/OOP/OldEgg/apache-tomcat-10.1.5
28-Feb-2023 17:18:38.974 INFO [main] org.apache.catalina.startup.VersionLoggerListener.log CATALINA_HOME:         /Users/nghsinkai/Library/Mobile Documents/com~apple~CloudDocs/NTU/Y2S2/OOP/OldEgg/apache-tomcat-10.1.5
28-Feb-2023 17:18:39.033 INFO [main] org.apache.catalina.startup.VersionLoggerListener.log Command line argument: -Djava.util.logging.config.file=/Users/nghsinkai/Library/Mobile Documents/com~apple~CloudDocs/NTU/Y2S2/OOP/OldEgg/apache-tomcat-10.1.5/conf/logging.properties
28-Feb-2023 17:18:39.034 INFO [main] org.apache.catalina.startup.VersionLoggerListener.log Command line argument: -Djava.util.logging.manager=org.apache.juli.ClassLoaderLogManager
28-Feb-2023 17:18:39.034 INFO [main] org.apache.catalina.startup.VersionLoggerListener.log Command line argument: -Djdk.tls.ephemeralDHKeySize=2048
28-Feb-2023 17:18:39.034 INFO [main] org.apache.catalina.startup.VersionLoggerListener.log Command line argument: -Djava.protocol.handler.pkgs=org.apache.catalina.webresources
28-Feb-2023 17:18:39.034 INFO [main] org.apache.catalina.startup.VersionLoggerListener.log Command line argument: -Dorg.apache.catalina.security.SecurityListener.UMASK=0027
28-Feb-2023 17:18:39.034 INFO [main] org.apache.catalina.startup.VersionLoggerListener.log Command line argument: --add-opens=java.base/java.lang=ALL-UNNAMED
28-Feb-2023 17:18:39.035 INFO [main] org.apache.catalina.startup.VersionLoggerListener.log Command line argument: --add-opens=java.base/java.io=ALL-UNNAMED
28-Feb-2023 17:18:39.035 INFO [main] org.apache.catalina.startup.VersionLoggerListener.log Command line argument: --add-opens=java.base/java.util=ALL-UNNAMED
28-Feb-2023 17:18:39.035 INFO [main] org.apache.catalina.startup.VersionLoggerListener.log Command line argument: --add-opens=java.base/java.util.concurrent=ALL-UNNAMED
28-Feb-2023 17:18:39.035 INFO [main] org.apache.catalina.startup.VersionLoggerListener.log Command line argument: --add-opens=java.rmi/sun.rmi.transport=ALL-UNNAMED
28-Feb-2023 17:18:39.035 INFO [main] org.apache.catalina.startup.VersionLoggerListener.log Command line argument: -Dcatalina.base=/Users/nghsinkai/Library/Mobile Documents/com~apple~CloudDocs/NTU/Y2S2/OOP/OldEgg/apache-tomcat-10.1.5
28-Feb-2023 17:18:39.035 INFO [main] org.apache.catalina.startup.VersionLoggerListener.log Command line argument: -Dcatalina.home=/Users/nghsinkai/Library/Mobile Documents/com~apple~CloudDocs/NTU/Y2S2/OOP/OldEgg/apache-tomcat-10.1.5
28-Feb-2023 17:18:39.035 INFO [main] org.apache.catalina.startup.VersionLoggerListener.log Command line argument: -Djava.io.tmpdir=/Users/nghsinkai/Library/Mobile Documents/com~apple~CloudDocs/NTU/Y2S2/OOP/OldEgg/apache-tomcat-10.1.5/temp
28-Feb-2023 17:18:39.043 INFO [main] org.apache.catalina.core.AprLifecycleListener.lifecycleEvent The Apache Tomcat Native library which allows using OpenSSL was not found on the java.library.path: [/Users/nghsinkai/Library/Java/Extensions:/Library/Java/Extensions:/Network/Library/Java/Extensions:/System/Library/Java/Extensions:/usr/lib/java:.]
28-Feb-2023 17:18:39.332 INFO [main] org.apache.coyote.AbstractProtocol.init Initializing ProtocolHandler ["http-nio-9999"]
28-Feb-2023 17:18:39.384 INFO [main] org.apache.catalina.startup.Catalina.load Server initialization in [640] milliseconds
28-Feb-2023 17:18:39.447 INFO [main] org.apache.catalina.core.StandardService.startInternal Starting service [Catalina]
28-Feb-2023 17:18:39.447 INFO [main] org.apache.catalina.core.StandardEngine.startInternal Starting Servlet engine: [Apache Tomcat/10.1.5]
28-Feb-2023 17:18:39.463 INFO [main] org.apache.catalina.startup.HostConfig.deployDirectory Deploying web application directory [/Users/nghsinkai/Library/Mobile Documents/com~apple~CloudDocs/NTU/Y2S2/OOP/OldEgg/apache-tomcat-10.1.5/webapps/oldegg]
28-Feb-2023 17:18:40.308 INFO [main] org.apache.jasper.servlet.TldScanner.scanJars At least one JAR was scanned for TLDs yet contained no TLDs. Enable debug logging for this logger for a complete list of JARs that were scanned but no TLDs were found in them. Skipping unneeded JARs during scanning can improve startup time and JSP compilation time.
28-Feb-2023 17:18:40.358 INFO [main] org.apache.catalina.startup.HostConfig.deployDirectory Deployment of web application directory [/Users/nghsinkai/Library/Mobile Documents/com~apple~CloudDocs/NTU/Y2S2/OOP/OldEgg/apache-tomcat-10.1.5/webapps/oldegg] has finished in [894] ms
28-Feb-2023 17:18:40.359 INFO [main] org.apache.catalina.startup.HostConfig.deployDirectory Deploying web application directory [/Users/nghsinkai/Library/Mobile Documents/com~apple~CloudDocs/NTU/Y2S2/OOP/OldEgg/apache-tomcat-10.1.5/webapps/docs]
28-Feb-2023 17:18:40.774 INFO [main] org.apache.jasper.servlet.TldScanner.scanJars At least one JAR was scanned for TLDs yet contained no TLDs. Enable debug logging for this logger for a complete list of JARs that were scanned but no TLDs were found in them. Skipping unneeded JARs during scanning can improve startup time and JSP compilation time.
28-Feb-2023 17:18:40.776 INFO [main] org.apache.catalina.startup.HostConfig.deployDirectory Deployment of web application directory [/Users/nghsinkai/Library/Mobile Documents/com~apple~CloudDocs/NTU/Y2S2/OOP/OldEgg/apache-tomcat-10.1.5/webapps/docs] has finished in [418] ms
28-Feb-2023 17:18:40.776 INFO [main] org.apache.catalina.startup.HostConfig.deployDirectory Deploying web application directory [/Users/nghsinkai/Library/Mobile Documents/com~apple~CloudDocs/NTU/Y2S2/OOP/OldEgg/apache-tomcat-10.1.5/webapps/manager]
28-Feb-2023 17:18:41.046 INFO [main] org.apache.jasper.servlet.TldScanner.scanJars At least one JAR was scanned for TLDs yet contained no TLDs. Enable debug logging for this logger for a complete list of JARs that were scanned but no TLDs were found in them. Skipping unneeded JARs during scanning can improve startup time and JSP compilation time.
28-Feb-2023 17:18:41.053 INFO [main] org.apache.catalina.startup.HostConfig.deployDirectory Deployment of web application directory [/Users/nghsinkai/Library/Mobile Documents/com~apple~CloudDocs/NTU/Y2S2/OOP/OldEgg/apache-tomcat-10.1.5/webapps/manager] has finished in [276] ms
28-Feb-2023 17:18:41.053 INFO [main] org.apache.catalina.startup.HostConfig.deployDirectory Deploying web application directory [/Users/nghsinkai/Library/Mobile Documents/com~apple~CloudDocs/NTU/Y2S2/OOP/OldEgg/apache-tomcat-10.1.5/webapps/examples]
28-Feb-2023 17:18:41.509 INFO [main] org.apache.jasper.servlet.TldScanner.scanJars At least one JAR was scanned for TLDs yet contained no TLDs. Enable debug logging for this logger for a complete list of JARs that were scanned but no TLDs were found in them. Skipping unneeded JARs during scanning can improve startup time and JSP compilation time.
28-Feb-2023 17:18:41.525 INFO [main] org.apache.catalina.startup.HostConfig.deployDirectory Deployment of web application directory [/Users/nghsinkai/Library/Mobile Documents/com~apple~CloudDocs/NTU/Y2S2/OOP/OldEgg/apache-tomcat-10.1.5/webapps/examples] has finished in [472] ms
28-Feb-2023 17:18:41.526 INFO [main] org.apache.catalina.startup.HostConfig.deployDirectory Deploying web application directory [/Users/nghsinkai/Library/Mobile Documents/com~apple~CloudDocs/NTU/Y2S2/OOP/OldEgg/apache-tomcat-10.1.5/webapps/ROOT]
28-Feb-2023 17:18:41.793 INFO [main] org.apache.jasper.servlet.TldScanner.scanJars At least one JAR was scanned for TLDs yet contained no TLDs. Enable debug logging for this logger for a complete list of JARs that were scanned but no TLDs were found in them. Skipping unneeded JARs during scanning can improve startup time and JSP compilation time.
28-Feb-2023 17:18:41.795 INFO [main] org.apache.catalina.startup.HostConfig.deployDirectory Deployment of web application directory [/Users/nghsinkai/Library/Mobile Documents/com~apple~CloudDocs/NTU/Y2S2/OOP/OldEgg/apache-tomcat-10.1.5/webapps/ROOT] has finished in [269] ms
28-Feb-2023 17:18:41.795 INFO [main] org.apache.catalina.startup.HostConfig.deployDirectory Deploying web application directory [/Users/nghsinkai/Library/Mobile Documents/com~apple~CloudDocs/NTU/Y2S2/OOP/OldEgg/apache-tomcat-10.1.5/webapps/host-manager]
28-Feb-2023 17:18:42.058 INFO [main] org.apache.jasper.servlet.TldScanner.scanJars At least one JAR was scanned for TLDs yet contained no TLDs. Enable debug logging for this logger for a complete list of JARs that were scanned but no TLDs were found in them. Skipping unneeded JARs during scanning can improve startup time and JSP compilation time.
28-Feb-2023 17:18:42.063 INFO [main] org.apache.catalina.startup.HostConfig.deployDirectory Deployment of web application directory [/Users/nghsinkai/Library/Mobile Documents/com~apple~CloudDocs/NTU/Y2S2/OOP/OldEgg/apache-tomcat-10.1.5/webapps/host-manager] has finished in [267] ms
28-Feb-2023 17:18:42.067 INFO [main] org.apache.coyote.AbstractProtocol.start Starting ProtocolHandler ["http-nio-9999"]
28-Feb-2023 17:18:42.090 INFO [main] org.apache.catalina.startup.Catalina.start Server startup in [2706] milliseconds
28-Feb-2023 21:20:14.469 INFO [Catalina-utility-2] org.apache.catalina.startup.HostConfig.deployDirectory Deploying web application directory [/Users/nghsinkai/Library/Mobile Documents/com~apple~CloudDocs/NTU/Y2S2/OOP/OldEgg/apache-tomcat-10.1.5/webapps/css]
28-Feb-2023 21:20:14.988 INFO [Catalina-utility-2] org.apache.jasper.servlet.TldScanner.scanJars At least one JAR was scanned for TLDs yet contained no TLDs. Enable debug logging for this logger for a complete list of JARs that were scanned but no TLDs were found in them. Skipping unneeded JARs during scanning can improve startup time and JSP compilation time.
28-Feb-2023 21:20:14.991 INFO [Catalina-utility-2] org.apache.catalina.startup.HostConfig.deployDirectory Deployment of web application directory [/Users/nghsinkai/Library/Mobile Documents/com~apple~CloudDocs/NTU/Y2S2/OOP/OldEgg/apache-tomcat-10.1.5/webapps/css] has finished in [522] ms
28-Feb-2023 21:20:14.991 INFO [Catalina-utility-2] org.apache.catalina.startup.HostConfig.deployDirectory Deploying web application directory [/Users/nghsinkai/Library/Mobile Documents/com~apple~CloudDocs/NTU/Y2S2/OOP/OldEgg/apache-tomcat-10.1.5/webapps/js]
28-Feb-2023 21:20:15.421 INFO [Catalina-utility-2] org.apache.jasper.servlet.TldScanner.scanJars At least one JAR was scanned for TLDs yet contained no TLDs. Enable debug logging for this logger for a complete list of JARs that were scanned but no TLDs were found in them. Skipping unneeded JARs during scanning can improve startup time and JSP compilation time.
28-Feb-2023 21:20:15.422 INFO [Catalina-utility-2] org.apache.catalina.startup.HostConfig.deployDirectory Deployment of web application directory [/Users/nghsinkai/Library/Mobile Documents/com~apple~CloudDocs/NTU/Y2S2/OOP/OldEgg/apache-tomcat-10.1.5/webapps/js] has finished in [431] ms
28-Feb-2023 21:23:26.180 INFO [Catalina-utility-2] org.apache.catalina.startup.HostConfig.undeploy Undeploying context [/css]
28-Feb-2023 21:23:26.716 INFO [Catalina-utility-2] org.apache.catalina.startup.HostConfig.undeploy Undeploying context [/js]
