16-Mar-2023 11:13:50.911 INFO [main] org.apache.catalina.startup.VersionLoggerListener.log Server version name:   Apache Tomcat/10.1.5
16-Mar-2023 11:13:50.919 INFO [main] org.apache.catalina.startup.VersionLoggerListener.log Server built:          Jan 9 2023 19:52:50 UTC
16-Mar-2023 11:13:50.919 INFO [main] org.apache.catalina.startup.VersionLoggerListener.log Server version number: 10.1.5.0
16-Mar-2023 11:13:50.919 INFO [main] org.apache.catalina.startup.VersionLoggerListener.log OS Name:               Mac OS X
16-Mar-2023 11:13:50.920 INFO [main] org.apache.catalina.startup.VersionLoggerListener.log OS Version:            13.2.1
16-Mar-2023 11:13:50.920 INFO [main] org.apache.catalina.startup.VersionLoggerListener.log Architecture:          x86_64
16-Mar-2023 11:13:50.920 INFO [main] org.apache.catalina.startup.VersionLoggerListener.log Java Home:             /Library/Java/JavaVirtualMachines/temurin-17.jdk/Contents/Home
16-Mar-2023 11:13:50.920 INFO [main] org.apache.catalina.startup.VersionLoggerListener.log JVM Version:           17.0.5+8
16-Mar-2023 11:13:50.920 INFO [main] org.apache.catalina.startup.VersionLoggerListener.log JVM Vendor:            Eclipse Adoptium
16-Mar-2023 11:13:50.921 INFO [main] org.apache.catalina.startup.VersionLoggerListener.log CATALINA_BASE:         /Users/nghsinkai/Library/Mobile Documents/com~apple~CloudDocs/NTU/Y2S2/OOP/OldEgg copy/apache-tomcat-10.1.5
16-Mar-2023 11:13:50.921 INFO [main] org.apache.catalina.startup.VersionLoggerListener.log CATALINA_HOME:         /Users/nghsinkai/Library/Mobile Documents/com~apple~CloudDocs/NTU/Y2S2/OOP/OldEgg copy/apache-tomcat-10.1.5
16-Mar-2023 11:13:50.989 INFO [main] org.apache.catalina.startup.VersionLoggerListener.log Command line argument: -Djava.util.logging.config.file=/Users/nghsinkai/Library/Mobile Documents/com~apple~CloudDocs/NTU/Y2S2/OOP/OldEgg copy/apache-tomcat-10.1.5/conf/logging.properties
16-Mar-2023 11:13:50.989 INFO [main] org.apache.catalina.startup.VersionLoggerListener.log Command line argument: -Djava.util.logging.manager=org.apache.juli.ClassLoaderLogManager
16-Mar-2023 11:13:50.990 INFO [main] org.apache.catalina.startup.VersionLoggerListener.log Command line argument: -Djdk.tls.ephemeralDHKeySize=2048
16-Mar-2023 11:13:50.990 INFO [main] org.apache.catalina.startup.VersionLoggerListener.log Command line argument: -Djava.protocol.handler.pkgs=org.apache.catalina.webresources
16-Mar-2023 11:13:50.990 INFO [main] org.apache.catalina.startup.VersionLoggerListener.log Command line argument: -Dorg.apache.catalina.security.SecurityListener.UMASK=0027
16-Mar-2023 11:13:50.990 INFO [main] org.apache.catalina.startup.VersionLoggerListener.log Command line argument: --add-opens=java.base/java.lang=ALL-UNNAMED
16-Mar-2023 11:13:50.990 INFO [main] org.apache.catalina.startup.VersionLoggerListener.log Command line argument: --add-opens=java.base/java.io=ALL-UNNAMED
16-Mar-2023 11:13:50.990 INFO [main] org.apache.catalina.startup.VersionLoggerListener.log Command line argument: --add-opens=java.base/java.util=ALL-UNNAMED
16-Mar-2023 11:13:50.991 INFO [main] org.apache.catalina.startup.VersionLoggerListener.log Command line argument: --add-opens=java.base/java.util.concurrent=ALL-UNNAMED
16-Mar-2023 11:13:50.991 INFO [main] org.apache.catalina.startup.VersionLoggerListener.log Command line argument: --add-opens=java.rmi/sun.rmi.transport=ALL-UNNAMED
16-Mar-2023 11:13:50.991 INFO [main] org.apache.catalina.startup.VersionLoggerListener.log Command line argument: -Dcatalina.base=/Users/nghsinkai/Library/Mobile Documents/com~apple~CloudDocs/NTU/Y2S2/OOP/OldEgg copy/apache-tomcat-10.1.5
16-Mar-2023 11:13:50.991 INFO [main] org.apache.catalina.startup.VersionLoggerListener.log Command line argument: -Dcatalina.home=/Users/nghsinkai/Library/Mobile Documents/com~apple~CloudDocs/NTU/Y2S2/OOP/OldEgg copy/apache-tomcat-10.1.5
16-Mar-2023 11:13:50.991 INFO [main] org.apache.catalina.startup.VersionLoggerListener.log Command line argument: -Djava.io.tmpdir=/Users/nghsinkai/Library/Mobile Documents/com~apple~CloudDocs/NTU/Y2S2/OOP/OldEgg copy/apache-tomcat-10.1.5/temp
16-Mar-2023 11:13:51.006 INFO [main] org.apache.catalina.core.AprLifecycleListener.lifecycleEvent The Apache Tomcat Native library which allows using OpenSSL was not found on the java.library.path: [/Users/nghsinkai/Library/Java/Extensions:/Library/Java/Extensions:/Network/Library/Java/Extensions:/System/Library/Java/Extensions:/usr/lib/java:.]
16-Mar-2023 11:13:51.382 INFO [main] org.apache.coyote.AbstractProtocol.init Initializing ProtocolHandler ["http-nio-9999"]
16-Mar-2023 11:13:51.450 INFO [main] org.apache.catalina.startup.Catalina.load Server initialization in [792] milliseconds
16-Mar-2023 11:13:51.509 INFO [main] org.apache.catalina.core.StandardService.startInternal Starting service [Catalina]
16-Mar-2023 11:13:51.509 INFO [main] org.apache.catalina.core.StandardEngine.startInternal Starting Servlet engine: [Apache Tomcat/10.1.5]
16-Mar-2023 11:13:51.529 INFO [main] org.apache.catalina.startup.HostConfig.deployDirectory Deploying web application directory [/Users/nghsinkai/Library/Mobile Documents/com~apple~CloudDocs/NTU/Y2S2/OOP/OldEgg copy/apache-tomcat-10.1.5/webapps/oldegg]
16-Mar-2023 11:13:52.635 INFO [main] org.apache.jasper.servlet.TldScanner.scanJars At least one JAR was scanned for TLDs yet contained no TLDs. Enable debug logging for this logger for a complete list of JARs that were scanned but no TLDs were found in them. Skipping unneeded JARs during scanning can improve startup time and JSP compilation time.
16-Mar-2023 11:13:52.705 INFO [main] org.apache.catalina.startup.HostConfig.deployDirectory Deployment of web application directory [/Users/nghsinkai/Library/Mobile Documents/com~apple~CloudDocs/NTU/Y2S2/OOP/OldEgg copy/apache-tomcat-10.1.5/webapps/oldegg] has finished in [1,175] ms
16-Mar-2023 11:13:52.706 INFO [main] org.apache.catalina.startup.HostConfig.deployDirectory Deploying web application directory [/Users/nghsinkai/Library/Mobile Documents/com~apple~CloudDocs/NTU/Y2S2/OOP/OldEgg copy/apache-tomcat-10.1.5/webapps/docs]
16-Mar-2023 11:13:53.336 INFO [main] org.apache.jasper.servlet.TldScanner.scanJars At least one JAR was scanned for TLDs yet contained no TLDs. Enable debug logging for this logger for a complete list of JARs that were scanned but no TLDs were found in them. Skipping unneeded JARs during scanning can improve startup time and JSP compilation time.
16-Mar-2023 11:13:53.340 INFO [main] org.apache.catalina.startup.HostConfig.deployDirectory Deployment of web application directory [/Users/nghsinkai/Library/Mobile Documents/com~apple~CloudDocs/NTU/Y2S2/OOP/OldEgg copy/apache-tomcat-10.1.5/webapps/docs] has finished in [633] ms
16-Mar-2023 11:13:53.340 INFO [main] org.apache.catalina.startup.HostConfig.deployDirectory Deploying web application directory [/Users/nghsinkai/Library/Mobile Documents/com~apple~CloudDocs/NTU/Y2S2/OOP/OldEgg copy/apache-tomcat-10.1.5/webapps/manager]
16-Mar-2023 11:13:53.914 INFO [main] org.apache.jasper.servlet.TldScanner.scanJars At least one JAR was scanned for TLDs yet contained no TLDs. Enable debug logging for this logger for a complete list of JARs that were scanned but no TLDs were found in them. Skipping unneeded JARs during scanning can improve startup time and JSP compilation time.
16-Mar-2023 11:13:53.922 INFO [main] org.apache.catalina.startup.HostConfig.deployDirectory Deployment of web application directory [/Users/nghsinkai/Library/Mobile Documents/com~apple~CloudDocs/NTU/Y2S2/OOP/OldEgg copy/apache-tomcat-10.1.5/webapps/manager] has finished in [582] ms
16-Mar-2023 11:13:53.923 INFO [main] org.apache.catalina.startup.HostConfig.deployDirectory Deploying web application directory [/Users/nghsinkai/Library/Mobile Documents/com~apple~CloudDocs/NTU/Y2S2/OOP/OldEgg copy/apache-tomcat-10.1.5/webapps/examples]
16-Mar-2023 11:13:54.654 INFO [main] org.apache.jasper.servlet.TldScanner.scanJars At least one JAR was scanned for TLDs yet contained no TLDs. Enable debug logging for this logger for a complete list of JARs that were scanned but no TLDs were found in them. Skipping unneeded JARs during scanning can improve startup time and JSP compilation time.
16-Mar-2023 11:13:54.683 INFO [main] org.apache.catalina.startup.HostConfig.deployDirectory Deployment of web application directory [/Users/nghsinkai/Library/Mobile Documents/com~apple~CloudDocs/NTU/Y2S2/OOP/OldEgg copy/apache-tomcat-10.1.5/webapps/examples] has finished in [761] ms
16-Mar-2023 11:13:54.684 INFO [main] org.apache.catalina.startup.HostConfig.deployDirectory Deploying web application directory [/Users/nghsinkai/Library/Mobile Documents/com~apple~CloudDocs/NTU/Y2S2/OOP/OldEgg copy/apache-tomcat-10.1.5/webapps/ROOT]
16-Mar-2023 11:13:55.170 INFO [main] org.apache.jasper.servlet.TldScanner.scanJars At least one JAR was scanned for TLDs yet contained no TLDs. Enable debug logging for this logger for a complete list of JARs that were scanned but no TLDs were found in them. Skipping unneeded JARs during scanning can improve startup time and JSP compilation time.
16-Mar-2023 11:13:55.173 INFO [main] org.apache.catalina.startup.HostConfig.deployDirectory Deployment of web application directory [/Users/nghsinkai/Library/Mobile Documents/com~apple~CloudDocs/NTU/Y2S2/OOP/OldEgg copy/apache-tomcat-10.1.5/webapps/ROOT] has finished in [489] ms
16-Mar-2023 11:13:55.174 INFO [main] org.apache.catalina.startup.HostConfig.deployDirectory Deploying web application directory [/Users/nghsinkai/Library/Mobile Documents/com~apple~CloudDocs/NTU/Y2S2/OOP/OldEgg copy/apache-tomcat-10.1.5/webapps/host-manager]
16-Mar-2023 11:13:55.680 INFO [main] org.apache.jasper.servlet.TldScanner.scanJars At least one JAR was scanned for TLDs yet contained no TLDs. Enable debug logging for this logger for a complete list of JARs that were scanned but no TLDs were found in them. Skipping unneeded JARs during scanning can improve startup time and JSP compilation time.
16-Mar-2023 11:13:55.683 INFO [main] org.apache.catalina.startup.HostConfig.deployDirectory Deployment of web application directory [/Users/nghsinkai/Library/Mobile Documents/com~apple~CloudDocs/NTU/Y2S2/OOP/OldEgg copy/apache-tomcat-10.1.5/webapps/host-manager] has finished in [508] ms
16-Mar-2023 11:13:55.685 INFO [main] org.apache.coyote.AbstractProtocol.start Starting ProtocolHandler ["http-nio-9999"]
16-Mar-2023 11:13:55.705 INFO [main] org.apache.catalina.startup.Catalina.start Server startup in [4254] milliseconds
16-Mar-2023 11:35:13.604 INFO [Thread-1] org.apache.coyote.AbstractProtocol.pause Pausing ProtocolHandler ["http-nio-9999"]
16-Mar-2023 11:35:13.709 INFO [Thread-1] org.apache.catalina.core.StandardService.stopInternal Stopping service [Catalina]
16-Mar-2023 11:35:13.805 INFO [Thread-1] org.apache.coyote.AbstractProtocol.stop Stopping ProtocolHandler ["http-nio-9999"]
16-Mar-2023 11:35:13.819 INFO [Thread-1] org.apache.coyote.AbstractProtocol.destroy Destroying ProtocolHandler ["http-nio-9999"]
