30-Mar-2023 09:43:09.566 INFO [main] org.apache.catalina.startup.VersionLoggerListener.log Server version name:   Apache Tomcat/10.1.5
30-Mar-2023 09:43:09.567 INFO [main] org.apache.catalina.startup.VersionLoggerListener.log Server built:          Jan 9 2023 19:52:50 UTC
30-Mar-2023 09:43:09.568 INFO [main] org.apache.catalina.startup.VersionLoggerListener.log Server version number: 10.1.5.0
30-Mar-2023 09:43:09.568 INFO [main] org.apache.catalina.startup.VersionLoggerListener.log OS Name:               Mac OS X
30-Mar-2023 09:43:09.568 INFO [main] org.apache.catalina.startup.VersionLoggerListener.log OS Version:            13.2.1
30-Mar-2023 09:43:09.568 INFO [main] org.apache.catalina.startup.VersionLoggerListener.log Architecture:          aarch64
30-Mar-2023 09:43:09.568 INFO [main] org.apache.catalina.startup.VersionLoggerListener.log Java Home:             /Library/Java/JavaVirtualMachines/jdk-19.jdk/Contents/Home
30-Mar-2023 09:43:09.568 INFO [main] org.apache.catalina.startup.VersionLoggerListener.log JVM Version:           19.0.2+7-44
30-Mar-2023 09:43:09.568 INFO [main] org.apache.catalina.startup.VersionLoggerListener.log JVM Vendor:            Oracle Corporation
30-Mar-2023 09:43:09.568 INFO [main] org.apache.catalina.startup.VersionLoggerListener.log CATALINA_BASE:         /Users/irfansyakir/Documents/Bahoot/apache-tomcat-10.1.5
30-Mar-2023 09:43:09.568 INFO [main] org.apache.catalina.startup.VersionLoggerListener.log CATALINA_HOME:         /Users/irfansyakir/Documents/Bahoot/apache-tomcat-10.1.5
30-Mar-2023 09:43:09.604 INFO [main] org.apache.catalina.startup.VersionLoggerListener.log Command line argument: -Djava.util.logging.config.file=/Users/irfansyakir/Documents/Bahoot/apache-tomcat-10.1.5/conf/logging.properties
30-Mar-2023 09:43:09.605 INFO [main] org.apache.catalina.startup.VersionLoggerListener.log Command line argument: -Djava.util.logging.manager=org.apache.juli.ClassLoaderLogManager
30-Mar-2023 09:43:09.605 INFO [main] org.apache.catalina.startup.VersionLoggerListener.log Command line argument: -Djdk.tls.ephemeralDHKeySize=2048
30-Mar-2023 09:43:09.605 INFO [main] org.apache.catalina.startup.VersionLoggerListener.log Command line argument: -Djava.protocol.handler.pkgs=org.apache.catalina.webresources
30-Mar-2023 09:43:09.605 INFO [main] org.apache.catalina.startup.VersionLoggerListener.log Command line argument: -Dorg.apache.catalina.security.SecurityListener.UMASK=0027
30-Mar-2023 09:43:09.605 INFO [main] org.apache.catalina.startup.VersionLoggerListener.log Command line argument: --add-opens=java.base/java.lang=ALL-UNNAMED
30-Mar-2023 09:43:09.605 INFO [main] org.apache.catalina.startup.VersionLoggerListener.log Command line argument: --add-opens=java.base/java.io=ALL-UNNAMED
30-Mar-2023 09:43:09.605 INFO [main] org.apache.catalina.startup.VersionLoggerListener.log Command line argument: --add-opens=java.base/java.util=ALL-UNNAMED
30-Mar-2023 09:43:09.605 INFO [main] org.apache.catalina.startup.VersionLoggerListener.log Command line argument: --add-opens=java.base/java.util.concurrent=ALL-UNNAMED
30-Mar-2023 09:43:09.605 INFO [main] org.apache.catalina.startup.VersionLoggerListener.log Command line argument: --add-opens=java.rmi/sun.rmi.transport=ALL-UNNAMED
30-Mar-2023 09:43:09.605 INFO [main] org.apache.catalina.startup.VersionLoggerListener.log Command line argument: -Dcatalina.base=/Users/irfansyakir/Documents/Bahoot/apache-tomcat-10.1.5
30-Mar-2023 09:43:09.605 INFO [main] org.apache.catalina.startup.VersionLoggerListener.log Command line argument: -Dcatalina.home=/Users/irfansyakir/Documents/Bahoot/apache-tomcat-10.1.5
30-Mar-2023 09:43:09.605 INFO [main] org.apache.catalina.startup.VersionLoggerListener.log Command line argument: -Djava.io.tmpdir=/Users/irfansyakir/Documents/Bahoot/apache-tomcat-10.1.5/temp
30-Mar-2023 09:43:09.611 INFO [main] org.apache.catalina.core.AprLifecycleListener.lifecycleEvent The Apache Tomcat Native library which allows using OpenSSL was not found on the java.library.path: [/Users/irfansyakir/Library/Java/Extensions:/Library/Java/Extensions:/Network/Library/Java/Extensions:/System/Library/Java/Extensions:/usr/lib/java:.]
30-Mar-2023 09:43:09.768 INFO [main] org.apache.coyote.AbstractProtocol.init Initializing ProtocolHandler ["http-nio-9999"]
30-Mar-2023 09:43:09.801 INFO [main] org.apache.catalina.startup.Catalina.load Server initialization in [312] milliseconds
30-Mar-2023 09:43:09.816 INFO [main] org.apache.catalina.core.StandardService.startInternal Starting service [Catalina]
30-Mar-2023 09:43:09.816 INFO [main] org.apache.catalina.core.StandardEngine.startInternal Starting Servlet engine: [Apache Tomcat/10.1.5]
30-Mar-2023 09:43:09.820 INFO [main] org.apache.catalina.startup.HostConfig.deployDirectory Deploying web application directory [/Users/irfansyakir/Documents/Bahoot/apache-tomcat-10.1.5/webapps/docs]
30-Mar-2023 09:43:10.081 INFO [main] org.apache.jasper.servlet.TldScanner.scanJars At least one JAR was scanned for TLDs yet contained no TLDs. Enable debug logging for this logger for a complete list of JARs that were scanned but no TLDs were found in them. Skipping unneeded JARs during scanning can improve startup time and JSP compilation time.
30-Mar-2023 09:43:10.097 INFO [main] org.apache.catalina.startup.HostConfig.deployDirectory Deployment of web application directory [/Users/irfansyakir/Documents/Bahoot/apache-tomcat-10.1.5/webapps/docs] has finished in [277] ms
30-Mar-2023 09:43:10.097 INFO [main] org.apache.catalina.startup.HostConfig.deployDirectory Deploying web application directory [/Users/irfansyakir/Documents/Bahoot/apache-tomcat-10.1.5/webapps/manager]
30-Mar-2023 09:43:10.233 INFO [main] org.apache.jasper.servlet.TldScanner.scanJars At least one JAR was scanned for TLDs yet contained no TLDs. Enable debug logging for this logger for a complete list of JARs that were scanned but no TLDs were found in them. Skipping unneeded JARs during scanning can improve startup time and JSP compilation time.
30-Mar-2023 09:43:10.237 INFO [main] org.apache.catalina.startup.HostConfig.deployDirectory Deployment of web application directory [/Users/irfansyakir/Documents/Bahoot/apache-tomcat-10.1.5/webapps/manager] has finished in [139] ms
30-Mar-2023 09:43:10.237 INFO [main] org.apache.catalina.startup.HostConfig.deployDirectory Deploying web application directory [/Users/irfansyakir/Documents/Bahoot/apache-tomcat-10.1.5/webapps/examples]
30-Mar-2023 09:43:10.431 INFO [main] org.apache.jasper.servlet.TldScanner.scanJars At least one JAR was scanned for TLDs yet contained no TLDs. Enable debug logging for this logger for a complete list of JARs that were scanned but no TLDs were found in them. Skipping unneeded JARs during scanning can improve startup time and JSP compilation time.
30-Mar-2023 09:43:10.439 INFO [main] org.apache.catalina.startup.HostConfig.deployDirectory Deployment of web application directory [/Users/irfansyakir/Documents/Bahoot/apache-tomcat-10.1.5/webapps/examples] has finished in [201] ms
30-Mar-2023 09:43:10.439 INFO [main] org.apache.catalina.startup.HostConfig.deployDirectory Deploying web application directory [/Users/irfansyakir/Documents/Bahoot/apache-tomcat-10.1.5/webapps/ROOT]
30-Mar-2023 09:43:10.562 INFO [main] org.apache.jasper.servlet.TldScanner.scanJars At least one JAR was scanned for TLDs yet contained no TLDs. Enable debug logging for this logger for a complete list of JARs that were scanned but no TLDs were found in them. Skipping unneeded JARs during scanning can improve startup time and JSP compilation time.
30-Mar-2023 09:43:10.563 INFO [main] org.apache.catalina.startup.HostConfig.deployDirectory Deployment of web application directory [/Users/irfansyakir/Documents/Bahoot/apache-tomcat-10.1.5/webapps/ROOT] has finished in [124] ms
30-Mar-2023 09:43:10.563 INFO [main] org.apache.catalina.startup.HostConfig.deployDirectory Deploying web application directory [/Users/irfansyakir/Documents/Bahoot/apache-tomcat-10.1.5/webapps/host-manager]
30-Mar-2023 09:43:10.687 INFO [main] org.apache.jasper.servlet.TldScanner.scanJars At least one JAR was scanned for TLDs yet contained no TLDs. Enable debug logging for this logger for a complete list of JARs that were scanned but no TLDs were found in them. Skipping unneeded JARs during scanning can improve startup time and JSP compilation time.
30-Mar-2023 09:43:10.688 INFO [main] org.apache.catalina.startup.HostConfig.deployDirectory Deployment of web application directory [/Users/irfansyakir/Documents/Bahoot/apache-tomcat-10.1.5/webapps/host-manager] has finished in [124] ms
30-Mar-2023 09:43:10.688 INFO [main] org.apache.catalina.startup.HostConfig.deployDirectory Deploying web application directory [/Users/irfansyakir/Documents/Bahoot/apache-tomcat-10.1.5/webapps/Bahoot]
30-Mar-2023 09:43:10.815 INFO [main] org.apache.jasper.servlet.TldScanner.scanJars At least one JAR was scanned for TLDs yet contained no TLDs. Enable debug logging for this logger for a complete list of JARs that were scanned but no TLDs were found in them. Skipping unneeded JARs during scanning can improve startup time and JSP compilation time.
30-Mar-2023 09:43:10.818 INFO [main] org.apache.catalina.startup.HostConfig.deployDirectory Deployment of web application directory [/Users/irfansyakir/Documents/Bahoot/apache-tomcat-10.1.5/webapps/Bahoot] has finished in [130] ms
30-Mar-2023 09:43:10.819 INFO [main] org.apache.coyote.AbstractProtocol.start Starting ProtocolHandler ["http-nio-9999"]
30-Mar-2023 09:43:10.825 INFO [main] org.apache.catalina.startup.Catalina.start Server startup in [1022] milliseconds
