23-Mar-2023 11:19:39.324 INFO [main] org.apache.catalina.startup.VersionLoggerListener.log Server version name:   Apache Tomcat/10.1.5
23-Mar-2023 11:19:39.327 INFO [main] org.apache.catalina.startup.VersionLoggerListener.log Server built:          Jan 9 2023 19:52:50 UTC
23-Mar-2023 11:19:39.327 INFO [main] org.apache.catalina.startup.VersionLoggerListener.log Server version number: 10.1.5.0
23-Mar-2023 11:19:39.327 INFO [main] org.apache.catalina.startup.VersionLoggerListener.log OS Name:               Mac OS X
23-Mar-2023 11:19:39.327 INFO [main] org.apache.catalina.startup.VersionLoggerListener.log OS Version:            13.2.1
23-Mar-2023 11:19:39.327 INFO [main] org.apache.catalina.startup.VersionLoggerListener.log Architecture:          aarch64
23-Mar-2023 11:19:39.327 INFO [main] org.apache.catalina.startup.VersionLoggerListener.log Java Home:             /Library/Java/JavaVirtualMachines/jdk-19.jdk/Contents/Home
23-Mar-2023 11:19:39.327 INFO [main] org.apache.catalina.startup.VersionLoggerListener.log JVM Version:           19.0.2+7-44
23-Mar-2023 11:19:39.327 INFO [main] org.apache.catalina.startup.VersionLoggerListener.log JVM Vendor:            Oracle Corporation
23-Mar-2023 11:19:39.327 INFO [main] org.apache.catalina.startup.VersionLoggerListener.log CATALINA_BASE:         /Users/irfansyakir/Documents/Bahoot/apache-tomcat-10.1.5
23-Mar-2023 11:19:39.327 INFO [main] org.apache.catalina.startup.VersionLoggerListener.log CATALINA_HOME:         /Users/irfansyakir/Documents/Bahoot/apache-tomcat-10.1.5
23-Mar-2023 11:19:39.372 INFO [main] org.apache.catalina.startup.VersionLoggerListener.log Command line argument: -Djava.util.logging.config.file=/Users/irfansyakir/Documents/Bahoot/apache-tomcat-10.1.5/conf/logging.properties
23-Mar-2023 11:19:39.372 INFO [main] org.apache.catalina.startup.VersionLoggerListener.log Command line argument: -Djava.util.logging.manager=org.apache.juli.ClassLoaderLogManager
23-Mar-2023 11:19:39.372 INFO [main] org.apache.catalina.startup.VersionLoggerListener.log Command line argument: -Djdk.tls.ephemeralDHKeySize=2048
23-Mar-2023 11:19:39.372 INFO [main] org.apache.catalina.startup.VersionLoggerListener.log Command line argument: -Djava.protocol.handler.pkgs=org.apache.catalina.webresources
23-Mar-2023 11:19:39.372 INFO [main] org.apache.catalina.startup.VersionLoggerListener.log Command line argument: -Dorg.apache.catalina.security.SecurityListener.UMASK=0027
23-Mar-2023 11:19:39.372 INFO [main] org.apache.catalina.startup.VersionLoggerListener.log Command line argument: --add-opens=java.base/java.lang=ALL-UNNAMED
23-Mar-2023 11:19:39.372 INFO [main] org.apache.catalina.startup.VersionLoggerListener.log Command line argument: --add-opens=java.base/java.io=ALL-UNNAMED
23-Mar-2023 11:19:39.372 INFO [main] org.apache.catalina.startup.VersionLoggerListener.log Command line argument: --add-opens=java.base/java.util=ALL-UNNAMED
23-Mar-2023 11:19:39.372 INFO [main] org.apache.catalina.startup.VersionLoggerListener.log Command line argument: --add-opens=java.base/java.util.concurrent=ALL-UNNAMED
23-Mar-2023 11:19:39.373 INFO [main] org.apache.catalina.startup.VersionLoggerListener.log Command line argument: --add-opens=java.rmi/sun.rmi.transport=ALL-UNNAMED
23-Mar-2023 11:19:39.373 INFO [main] org.apache.catalina.startup.VersionLoggerListener.log Command line argument: -Dcatalina.base=/Users/irfansyakir/Documents/Bahoot/apache-tomcat-10.1.5
23-Mar-2023 11:19:39.373 INFO [main] org.apache.catalina.startup.VersionLoggerListener.log Command line argument: -Dcatalina.home=/Users/irfansyakir/Documents/Bahoot/apache-tomcat-10.1.5
23-Mar-2023 11:19:39.373 INFO [main] org.apache.catalina.startup.VersionLoggerListener.log Command line argument: -Djava.io.tmpdir=/Users/irfansyakir/Documents/Bahoot/apache-tomcat-10.1.5/temp
23-Mar-2023 11:19:39.378 INFO [main] org.apache.catalina.core.AprLifecycleListener.lifecycleEvent The Apache Tomcat Native library which allows using OpenSSL was not found on the java.library.path: [/Users/irfansyakir/Library/Java/Extensions:/Library/Java/Extensions:/Network/Library/Java/Extensions:/System/Library/Java/Extensions:/usr/lib/java:.]
23-Mar-2023 11:19:39.552 INFO [main] org.apache.coyote.AbstractProtocol.init Initializing ProtocolHandler ["http-nio-9999"]
23-Mar-2023 11:19:39.587 INFO [main] org.apache.catalina.startup.Catalina.load Server initialization in [358] milliseconds
23-Mar-2023 11:19:39.605 INFO [main] org.apache.catalina.core.StandardService.startInternal Starting service [Catalina]
23-Mar-2023 11:19:39.605 INFO [main] org.apache.catalina.core.StandardEngine.startInternal Starting Servlet engine: [Apache Tomcat/10.1.5]
23-Mar-2023 11:19:39.611 INFO [main] org.apache.catalina.startup.HostConfig.deployDirectory Deploying web application directory [/Users/irfansyakir/Documents/Bahoot/apache-tomcat-10.1.5/webapps/docs]
23-Mar-2023 11:19:39.900 INFO [main] org.apache.jasper.servlet.TldScanner.scanJars At least one JAR was scanned for TLDs yet contained no TLDs. Enable debug logging for this logger for a complete list of JARs that were scanned but no TLDs were found in them. Skipping unneeded JARs during scanning can improve startup time and JSP compilation time.
23-Mar-2023 11:19:39.919 INFO [main] org.apache.catalina.startup.HostConfig.deployDirectory Deployment of web application directory [/Users/irfansyakir/Documents/Bahoot/apache-tomcat-10.1.5/webapps/docs] has finished in [308] ms
23-Mar-2023 11:19:39.919 INFO [main] org.apache.catalina.startup.HostConfig.deployDirectory Deploying web application directory [/Users/irfansyakir/Documents/Bahoot/apache-tomcat-10.1.5/webapps/manager]
23-Mar-2023 11:19:40.057 INFO [main] org.apache.jasper.servlet.TldScanner.scanJars At least one JAR was scanned for TLDs yet contained no TLDs. Enable debug logging for this logger for a complete list of JARs that were scanned but no TLDs were found in them. Skipping unneeded JARs during scanning can improve startup time and JSP compilation time.
23-Mar-2023 11:19:40.061 INFO [main] org.apache.catalina.startup.HostConfig.deployDirectory Deployment of web application directory [/Users/irfansyakir/Documents/Bahoot/apache-tomcat-10.1.5/webapps/manager] has finished in [142] ms
23-Mar-2023 11:19:40.061 INFO [main] org.apache.catalina.startup.HostConfig.deployDirectory Deploying web application directory [/Users/irfansyakir/Documents/Bahoot/apache-tomcat-10.1.5/webapps/examples]
23-Mar-2023 11:19:40.260 INFO [main] org.apache.jasper.servlet.TldScanner.scanJars At least one JAR was scanned for TLDs yet contained no TLDs. Enable debug logging for this logger for a complete list of JARs that were scanned but no TLDs were found in them. Skipping unneeded JARs during scanning can improve startup time and JSP compilation time.
23-Mar-2023 11:19:40.269 INFO [main] org.apache.catalina.startup.HostConfig.deployDirectory Deployment of web application directory [/Users/irfansyakir/Documents/Bahoot/apache-tomcat-10.1.5/webapps/examples] has finished in [207] ms
23-Mar-2023 11:19:40.269 INFO [main] org.apache.catalina.startup.HostConfig.deployDirectory Deploying web application directory [/Users/irfansyakir/Documents/Bahoot/apache-tomcat-10.1.5/webapps/ROOT]
23-Mar-2023 11:19:40.393 INFO [main] org.apache.jasper.servlet.TldScanner.scanJars At least one JAR was scanned for TLDs yet contained no TLDs. Enable debug logging for this logger for a complete list of JARs that were scanned but no TLDs were found in them. Skipping unneeded JARs during scanning can improve startup time and JSP compilation time.
23-Mar-2023 11:19:40.394 INFO [main] org.apache.catalina.startup.HostConfig.deployDirectory Deployment of web application directory [/Users/irfansyakir/Documents/Bahoot/apache-tomcat-10.1.5/webapps/ROOT] has finished in [125] ms
23-Mar-2023 11:19:40.394 INFO [main] org.apache.catalina.startup.HostConfig.deployDirectory Deploying web application directory [/Users/irfansyakir/Documents/Bahoot/apache-tomcat-10.1.5/webapps/host-manager]
23-Mar-2023 11:19:40.512 INFO [main] org.apache.jasper.servlet.TldScanner.scanJars At least one JAR was scanned for TLDs yet contained no TLDs. Enable debug logging for this logger for a complete list of JARs that were scanned but no TLDs were found in them. Skipping unneeded JARs during scanning can improve startup time and JSP compilation time.
23-Mar-2023 11:19:40.513 INFO [main] org.apache.catalina.startup.HostConfig.deployDirectory Deployment of web application directory [/Users/irfansyakir/Documents/Bahoot/apache-tomcat-10.1.5/webapps/host-manager] has finished in [119] ms
23-Mar-2023 11:19:40.513 INFO [main] org.apache.catalina.startup.HostConfig.deployDirectory Deploying web application directory [/Users/irfansyakir/Documents/Bahoot/apache-tomcat-10.1.5/webapps/Bahoot]
23-Mar-2023 11:19:40.634 INFO [main] org.apache.jasper.servlet.TldScanner.scanJars At least one JAR was scanned for TLDs yet contained no TLDs. Enable debug logging for this logger for a complete list of JARs that were scanned but no TLDs were found in them. Skipping unneeded JARs during scanning can improve startup time and JSP compilation time.
23-Mar-2023 11:19:40.637 INFO [main] org.apache.catalina.startup.HostConfig.deployDirectory Deployment of web application directory [/Users/irfansyakir/Documents/Bahoot/apache-tomcat-10.1.5/webapps/Bahoot] has finished in [124] ms
23-Mar-2023 11:19:40.638 INFO [main] org.apache.coyote.AbstractProtocol.start Starting ProtocolHandler ["http-nio-9999"]
23-Mar-2023 11:19:40.643 INFO [main] org.apache.catalina.startup.Catalina.start Server startup in [1055] milliseconds
23-Mar-2023 12:05:32.840 INFO [Thread-1] org.apache.coyote.AbstractProtocol.pause Pausing ProtocolHandler ["http-nio-9999"]
23-Mar-2023 12:05:32.867 INFO [Thread-1] org.apache.catalina.core.StandardService.stopInternal Stopping service [Catalina]
23-Mar-2023 12:05:32.930 INFO [Thread-1] org.apache.coyote.AbstractProtocol.stop Stopping ProtocolHandler ["http-nio-9999"]
23-Mar-2023 12:05:32.951 INFO [Thread-1] org.apache.coyote.AbstractProtocol.destroy Destroying ProtocolHandler ["http-nio-9999"]
23-Mar-2023 12:05:35.340 INFO [main] org.apache.catalina.startup.VersionLoggerListener.log Server version name:   Apache Tomcat/10.1.5
23-Mar-2023 12:05:35.342 INFO [main] org.apache.catalina.startup.VersionLoggerListener.log Server built:          Jan 9 2023 19:52:50 UTC
23-Mar-2023 12:05:35.342 INFO [main] org.apache.catalina.startup.VersionLoggerListener.log Server version number: 10.1.5.0
23-Mar-2023 12:05:35.342 INFO [main] org.apache.catalina.startup.VersionLoggerListener.log OS Name:               Mac OS X
23-Mar-2023 12:05:35.342 INFO [main] org.apache.catalina.startup.VersionLoggerListener.log OS Version:            13.2.1
23-Mar-2023 12:05:35.342 INFO [main] org.apache.catalina.startup.VersionLoggerListener.log Architecture:          aarch64
23-Mar-2023 12:05:35.342 INFO [main] org.apache.catalina.startup.VersionLoggerListener.log Java Home:             /Library/Java/JavaVirtualMachines/jdk-19.jdk/Contents/Home
23-Mar-2023 12:05:35.342 INFO [main] org.apache.catalina.startup.VersionLoggerListener.log JVM Version:           19.0.2+7-44
23-Mar-2023 12:05:35.342 INFO [main] org.apache.catalina.startup.VersionLoggerListener.log JVM Vendor:            Oracle Corporation
23-Mar-2023 12:05:35.343 INFO [main] org.apache.catalina.startup.VersionLoggerListener.log CATALINA_BASE:         /Users/irfansyakir/Documents/Bahoot/apache-tomcat-10.1.5
23-Mar-2023 12:05:35.343 INFO [main] org.apache.catalina.startup.VersionLoggerListener.log CATALINA_HOME:         /Users/irfansyakir/Documents/Bahoot/apache-tomcat-10.1.5
23-Mar-2023 12:05:35.349 INFO [main] org.apache.catalina.startup.VersionLoggerListener.log Command line argument: -Djava.util.logging.config.file=/Users/irfansyakir/Documents/Bahoot/apache-tomcat-10.1.5/conf/logging.properties
23-Mar-2023 12:05:35.349 INFO [main] org.apache.catalina.startup.VersionLoggerListener.log Command line argument: -Djava.util.logging.manager=org.apache.juli.ClassLoaderLogManager
23-Mar-2023 12:05:35.349 INFO [main] org.apache.catalina.startup.VersionLoggerListener.log Command line argument: -Djdk.tls.ephemeralDHKeySize=2048
23-Mar-2023 12:05:35.349 INFO [main] org.apache.catalina.startup.VersionLoggerListener.log Command line argument: -Djava.protocol.handler.pkgs=org.apache.catalina.webresources
23-Mar-2023 12:05:35.349 INFO [main] org.apache.catalina.startup.VersionLoggerListener.log Command line argument: -Dorg.apache.catalina.security.SecurityListener.UMASK=0027
23-Mar-2023 12:05:35.350 INFO [main] org.apache.catalina.startup.VersionLoggerListener.log Command line argument: --add-opens=java.base/java.lang=ALL-UNNAMED
23-Mar-2023 12:05:35.350 INFO [main] org.apache.catalina.startup.VersionLoggerListener.log Command line argument: --add-opens=java.base/java.io=ALL-UNNAMED
23-Mar-2023 12:05:35.350 INFO [main] org.apache.catalina.startup.VersionLoggerListener.log Command line argument: --add-opens=java.base/java.util=ALL-UNNAMED
23-Mar-2023 12:05:35.350 INFO [main] org.apache.catalina.startup.VersionLoggerListener.log Command line argument: --add-opens=java.base/java.util.concurrent=ALL-UNNAMED
23-Mar-2023 12:05:35.350 INFO [main] org.apache.catalina.startup.VersionLoggerListener.log Command line argument: --add-opens=java.rmi/sun.rmi.transport=ALL-UNNAMED
23-Mar-2023 12:05:35.350 INFO [main] org.apache.catalina.startup.VersionLoggerListener.log Command line argument: -Dcatalina.base=/Users/irfansyakir/Documents/Bahoot/apache-tomcat-10.1.5
23-Mar-2023 12:05:35.350 INFO [main] org.apache.catalina.startup.VersionLoggerListener.log Command line argument: -Dcatalina.home=/Users/irfansyakir/Documents/Bahoot/apache-tomcat-10.1.5
23-Mar-2023 12:05:35.350 INFO [main] org.apache.catalina.startup.VersionLoggerListener.log Command line argument: -Djava.io.tmpdir=/Users/irfansyakir/Documents/Bahoot/apache-tomcat-10.1.5/temp
23-Mar-2023 12:05:35.354 INFO [main] org.apache.catalina.core.AprLifecycleListener.lifecycleEvent The Apache Tomcat Native library which allows using OpenSSL was not found on the java.library.path: [/Users/irfansyakir/Library/Java/Extensions:/Library/Java/Extensions:/Network/Library/Java/Extensions:/System/Library/Java/Extensions:/usr/lib/java:.]
23-Mar-2023 12:05:35.529 INFO [main] org.apache.coyote.AbstractProtocol.init Initializing ProtocolHandler ["http-nio-9999"]
23-Mar-2023 12:05:35.544 INFO [main] org.apache.catalina.startup.Catalina.load Server initialization in [295] milliseconds
23-Mar-2023 12:05:35.560 INFO [main] org.apache.catalina.core.StandardService.startInternal Starting service [Catalina]
23-Mar-2023 12:05:35.560 INFO [main] org.apache.catalina.core.StandardEngine.startInternal Starting Servlet engine: [Apache Tomcat/10.1.5]
23-Mar-2023 12:05:35.564 INFO [main] org.apache.catalina.startup.HostConfig.deployDirectory Deploying web application directory [/Users/irfansyakir/Documents/Bahoot/apache-tomcat-10.1.5/webapps/docs]
23-Mar-2023 12:05:35.840 INFO [main] org.apache.jasper.servlet.TldScanner.scanJars At least one JAR was scanned for TLDs yet contained no TLDs. Enable debug logging for this logger for a complete list of JARs that were scanned but no TLDs were found in them. Skipping unneeded JARs during scanning can improve startup time and JSP compilation time.
23-Mar-2023 12:05:35.859 INFO [main] org.apache.catalina.startup.HostConfig.deployDirectory Deployment of web application directory [/Users/irfansyakir/Documents/Bahoot/apache-tomcat-10.1.5/webapps/docs] has finished in [295] ms
23-Mar-2023 12:05:35.859 INFO [main] org.apache.catalina.startup.HostConfig.deployDirectory Deploying web application directory [/Users/irfansyakir/Documents/Bahoot/apache-tomcat-10.1.5/webapps/manager]
23-Mar-2023 12:05:35.997 INFO [main] org.apache.jasper.servlet.TldScanner.scanJars At least one JAR was scanned for TLDs yet contained no TLDs. Enable debug logging for this logger for a complete list of JARs that were scanned but no TLDs were found in them. Skipping unneeded JARs during scanning can improve startup time and JSP compilation time.
23-Mar-2023 12:05:36.001 INFO [main] org.apache.catalina.startup.HostConfig.deployDirectory Deployment of web application directory [/Users/irfansyakir/Documents/Bahoot/apache-tomcat-10.1.5/webapps/manager] has finished in [142] ms
23-Mar-2023 12:05:36.001 INFO [main] org.apache.catalina.startup.HostConfig.deployDirectory Deploying web application directory [/Users/irfansyakir/Documents/Bahoot/apache-tomcat-10.1.5/webapps/examples]
23-Mar-2023 12:05:36.192 INFO [main] org.apache.jasper.servlet.TldScanner.scanJars At least one JAR was scanned for TLDs yet contained no TLDs. Enable debug logging for this logger for a complete list of JARs that were scanned but no TLDs were found in them. Skipping unneeded JARs during scanning can improve startup time and JSP compilation time.
23-Mar-2023 12:05:36.199 INFO [main] org.apache.catalina.startup.HostConfig.deployDirectory Deployment of web application directory [/Users/irfansyakir/Documents/Bahoot/apache-tomcat-10.1.5/webapps/examples] has finished in [198] ms
23-Mar-2023 12:05:36.199 INFO [main] org.apache.catalina.startup.HostConfig.deployDirectory Deploying web application directory [/Users/irfansyakir/Documents/Bahoot/apache-tomcat-10.1.5/webapps/ROOT]
23-Mar-2023 12:05:36.320 INFO [main] org.apache.jasper.servlet.TldScanner.scanJars At least one JAR was scanned for TLDs yet contained no TLDs. Enable debug logging for this logger for a complete list of JARs that were scanned but no TLDs were found in them. Skipping unneeded JARs during scanning can improve startup time and JSP compilation time.
23-Mar-2023 12:05:36.320 INFO [main] org.apache.catalina.startup.HostConfig.deployDirectory Deployment of web application directory [/Users/irfansyakir/Documents/Bahoot/apache-tomcat-10.1.5/webapps/ROOT] has finished in [121] ms
23-Mar-2023 12:05:36.321 INFO [main] org.apache.catalina.startup.HostConfig.deployDirectory Deploying web application directory [/Users/irfansyakir/Documents/Bahoot/apache-tomcat-10.1.5/webapps/host-manager]
23-Mar-2023 12:05:36.450 INFO [main] org.apache.jasper.servlet.TldScanner.scanJars At least one JAR was scanned for TLDs yet contained no TLDs. Enable debug logging for this logger for a complete list of JARs that were scanned but no TLDs were found in them. Skipping unneeded JARs during scanning can improve startup time and JSP compilation time.
23-Mar-2023 12:05:36.452 INFO [main] org.apache.catalina.startup.HostConfig.deployDirectory Deployment of web application directory [/Users/irfansyakir/Documents/Bahoot/apache-tomcat-10.1.5/webapps/host-manager] has finished in [131] ms
23-Mar-2023 12:05:36.452 INFO [main] org.apache.catalina.startup.HostConfig.deployDirectory Deploying web application directory [/Users/irfansyakir/Documents/Bahoot/apache-tomcat-10.1.5/webapps/Bahoot]
23-Mar-2023 12:05:36.603 INFO [main] org.apache.jasper.servlet.TldScanner.scanJars At least one JAR was scanned for TLDs yet contained no TLDs. Enable debug logging for this logger for a complete list of JARs that were scanned but no TLDs were found in them. Skipping unneeded JARs during scanning can improve startup time and JSP compilation time.
23-Mar-2023 12:05:36.607 INFO [main] org.apache.catalina.startup.HostConfig.deployDirectory Deployment of web application directory [/Users/irfansyakir/Documents/Bahoot/apache-tomcat-10.1.5/webapps/Bahoot] has finished in [155] ms
23-Mar-2023 12:05:36.608 INFO [main] org.apache.coyote.AbstractProtocol.start Starting ProtocolHandler ["http-nio-9999"]
23-Mar-2023 12:05:36.615 INFO [main] org.apache.catalina.startup.Catalina.start Server startup in [1070] milliseconds
23-Mar-2023 12:06:58.468 INFO [Thread-1] org.apache.coyote.AbstractProtocol.pause Pausing ProtocolHandler ["http-nio-9999"]
23-Mar-2023 12:06:58.479 INFO [Thread-1] org.apache.catalina.core.StandardService.stopInternal Stopping service [Catalina]
23-Mar-2023 12:06:58.509 INFO [Thread-1] org.apache.coyote.AbstractProtocol.stop Stopping ProtocolHandler ["http-nio-9999"]
23-Mar-2023 12:06:58.517 INFO [Thread-1] org.apache.coyote.AbstractProtocol.destroy Destroying ProtocolHandler ["http-nio-9999"]
23-Mar-2023 12:07:02.557 INFO [main] org.apache.catalina.startup.VersionLoggerListener.log Server version name:   Apache Tomcat/10.1.5
23-Mar-2023 12:07:02.559 INFO [main] org.apache.catalina.startup.VersionLoggerListener.log Server built:          Jan 9 2023 19:52:50 UTC
23-Mar-2023 12:07:02.559 INFO [main] org.apache.catalina.startup.VersionLoggerListener.log Server version number: 10.1.5.0
23-Mar-2023 12:07:02.559 INFO [main] org.apache.catalina.startup.VersionLoggerListener.log OS Name:               Mac OS X
23-Mar-2023 12:07:02.559 INFO [main] org.apache.catalina.startup.VersionLoggerListener.log OS Version:            13.2.1
23-Mar-2023 12:07:02.559 INFO [main] org.apache.catalina.startup.VersionLoggerListener.log Architecture:          aarch64
23-Mar-2023 12:07:02.559 INFO [main] org.apache.catalina.startup.VersionLoggerListener.log Java Home:             /Library/Java/JavaVirtualMachines/jdk-19.jdk/Contents/Home
23-Mar-2023 12:07:02.559 INFO [main] org.apache.catalina.startup.VersionLoggerListener.log JVM Version:           19.0.2+7-44
23-Mar-2023 12:07:02.559 INFO [main] org.apache.catalina.startup.VersionLoggerListener.log JVM Vendor:            Oracle Corporation
23-Mar-2023 12:07:02.559 INFO [main] org.apache.catalina.startup.VersionLoggerListener.log CATALINA_BASE:         /Users/irfansyakir/Documents/Bahoot/apache-tomcat-10.1.5
23-Mar-2023 12:07:02.560 INFO [main] org.apache.catalina.startup.VersionLoggerListener.log CATALINA_HOME:         /Users/irfansyakir/Documents/Bahoot/apache-tomcat-10.1.5
23-Mar-2023 12:07:02.565 INFO [main] org.apache.catalina.startup.VersionLoggerListener.log Command line argument: -Djava.util.logging.config.file=/Users/irfansyakir/Documents/Bahoot/apache-tomcat-10.1.5/conf/logging.properties
23-Mar-2023 12:07:02.565 INFO [main] org.apache.catalina.startup.VersionLoggerListener.log Command line argument: -Djava.util.logging.manager=org.apache.juli.ClassLoaderLogManager
23-Mar-2023 12:07:02.565 INFO [main] org.apache.catalina.startup.VersionLoggerListener.log Command line argument: -Djdk.tls.ephemeralDHKeySize=2048
23-Mar-2023 12:07:02.565 INFO [main] org.apache.catalina.startup.VersionLoggerListener.log Command line argument: -Djava.protocol.handler.pkgs=org.apache.catalina.webresources
23-Mar-2023 12:07:02.565 INFO [main] org.apache.catalina.startup.VersionLoggerListener.log Command line argument: -Dorg.apache.catalina.security.SecurityListener.UMASK=0027
23-Mar-2023 12:07:02.565 INFO [main] org.apache.catalina.startup.VersionLoggerListener.log Command line argument: --add-opens=java.base/java.lang=ALL-UNNAMED
23-Mar-2023 12:07:02.565 INFO [main] org.apache.catalina.startup.VersionLoggerListener.log Command line argument: --add-opens=java.base/java.io=ALL-UNNAMED
23-Mar-2023 12:07:02.565 INFO [main] org.apache.catalina.startup.VersionLoggerListener.log Command line argument: --add-opens=java.base/java.util=ALL-UNNAMED
23-Mar-2023 12:07:02.565 INFO [main] org.apache.catalina.startup.VersionLoggerListener.log Command line argument: --add-opens=java.base/java.util.concurrent=ALL-UNNAMED
23-Mar-2023 12:07:02.565 INFO [main] org.apache.catalina.startup.VersionLoggerListener.log Command line argument: --add-opens=java.rmi/sun.rmi.transport=ALL-UNNAMED
23-Mar-2023 12:07:02.565 INFO [main] org.apache.catalina.startup.VersionLoggerListener.log Command line argument: -Dcatalina.base=/Users/irfansyakir/Documents/Bahoot/apache-tomcat-10.1.5
23-Mar-2023 12:07:02.565 INFO [main] org.apache.catalina.startup.VersionLoggerListener.log Command line argument: -Dcatalina.home=/Users/irfansyakir/Documents/Bahoot/apache-tomcat-10.1.5
23-Mar-2023 12:07:02.565 INFO [main] org.apache.catalina.startup.VersionLoggerListener.log Command line argument: -Djava.io.tmpdir=/Users/irfansyakir/Documents/Bahoot/apache-tomcat-10.1.5/temp
23-Mar-2023 12:07:02.569 INFO [main] org.apache.catalina.core.AprLifecycleListener.lifecycleEvent The Apache Tomcat Native library which allows using OpenSSL was not found on the java.library.path: [/Users/irfansyakir/Library/Java/Extensions:/Library/Java/Extensions:/Network/Library/Java/Extensions:/System/Library/Java/Extensions:/usr/lib/java:.]
23-Mar-2023 12:07:02.734 INFO [main] org.apache.coyote.AbstractProtocol.init Initializing ProtocolHandler ["http-nio-9999"]
23-Mar-2023 12:07:02.748 INFO [main] org.apache.catalina.startup.Catalina.load Server initialization in [261] milliseconds
23-Mar-2023 12:07:02.762 INFO [main] org.apache.catalina.core.StandardService.startInternal Starting service [Catalina]
23-Mar-2023 12:07:02.762 INFO [main] org.apache.catalina.core.StandardEngine.startInternal Starting Servlet engine: [Apache Tomcat/10.1.5]
23-Mar-2023 12:07:02.766 INFO [main] org.apache.catalina.startup.HostConfig.deployDirectory Deploying web application directory [/Users/irfansyakir/Documents/Bahoot/apache-tomcat-10.1.5/webapps/docs]
23-Mar-2023 12:07:03.030 INFO [main] org.apache.jasper.servlet.TldScanner.scanJars At least one JAR was scanned for TLDs yet contained no TLDs. Enable debug logging for this logger for a complete list of JARs that were scanned but no TLDs were found in them. Skipping unneeded JARs during scanning can improve startup time and JSP compilation time.
23-Mar-2023 12:07:03.047 INFO [main] org.apache.catalina.startup.HostConfig.deployDirectory Deployment of web application directory [/Users/irfansyakir/Documents/Bahoot/apache-tomcat-10.1.5/webapps/docs] has finished in [281] ms
23-Mar-2023 12:07:03.048 INFO [main] org.apache.catalina.startup.HostConfig.deployDirectory Deploying web application directory [/Users/irfansyakir/Documents/Bahoot/apache-tomcat-10.1.5/webapps/manager]
23-Mar-2023 12:07:03.185 INFO [main] org.apache.jasper.servlet.TldScanner.scanJars At least one JAR was scanned for TLDs yet contained no TLDs. Enable debug logging for this logger for a complete list of JARs that were scanned but no TLDs were found in them. Skipping unneeded JARs during scanning can improve startup time and JSP compilation time.
23-Mar-2023 12:07:03.188 INFO [main] org.apache.catalina.startup.HostConfig.deployDirectory Deployment of web application directory [/Users/irfansyakir/Documents/Bahoot/apache-tomcat-10.1.5/webapps/manager] has finished in [140] ms
23-Mar-2023 12:07:03.188 INFO [main] org.apache.catalina.startup.HostConfig.deployDirectory Deploying web application directory [/Users/irfansyakir/Documents/Bahoot/apache-tomcat-10.1.5/webapps/examples]
23-Mar-2023 12:07:03.383 INFO [main] org.apache.jasper.servlet.TldScanner.scanJars At least one JAR was scanned for TLDs yet contained no TLDs. Enable debug logging for this logger for a complete list of JARs that were scanned but no TLDs were found in them. Skipping unneeded JARs during scanning can improve startup time and JSP compilation time.
23-Mar-2023 12:07:03.389 INFO [main] org.apache.catalina.startup.HostConfig.deployDirectory Deployment of web application directory [/Users/irfansyakir/Documents/Bahoot/apache-tomcat-10.1.5/webapps/examples] has finished in [201] ms
23-Mar-2023 12:07:03.390 INFO [main] org.apache.catalina.startup.HostConfig.deployDirectory Deploying web application directory [/Users/irfansyakir/Documents/Bahoot/apache-tomcat-10.1.5/webapps/ROOT]
23-Mar-2023 12:07:03.511 INFO [main] org.apache.jasper.servlet.TldScanner.scanJars At least one JAR was scanned for TLDs yet contained no TLDs. Enable debug logging for this logger for a complete list of JARs that were scanned but no TLDs were found in them. Skipping unneeded JARs during scanning can improve startup time and JSP compilation time.
23-Mar-2023 12:07:03.512 INFO [main] org.apache.catalina.startup.HostConfig.deployDirectory Deployment of web application directory [/Users/irfansyakir/Documents/Bahoot/apache-tomcat-10.1.5/webapps/ROOT] has finished in [122] ms
23-Mar-2023 12:07:03.512 INFO [main] org.apache.catalina.startup.HostConfig.deployDirectory Deploying web application directory [/Users/irfansyakir/Documents/Bahoot/apache-tomcat-10.1.5/webapps/host-manager]
23-Mar-2023 12:07:03.631 INFO [main] org.apache.jasper.servlet.TldScanner.scanJars At least one JAR was scanned for TLDs yet contained no TLDs. Enable debug logging for this logger for a complete list of JARs that were scanned but no TLDs were found in them. Skipping unneeded JARs during scanning can improve startup time and JSP compilation time.
23-Mar-2023 12:07:03.632 INFO [main] org.apache.catalina.startup.HostConfig.deployDirectory Deployment of web application directory [/Users/irfansyakir/Documents/Bahoot/apache-tomcat-10.1.5/webapps/host-manager] has finished in [120] ms
23-Mar-2023 12:07:03.632 INFO [main] org.apache.catalina.startup.HostConfig.deployDirectory Deploying web application directory [/Users/irfansyakir/Documents/Bahoot/apache-tomcat-10.1.5/webapps/Bahoot]
23-Mar-2023 12:07:03.756 INFO [main] org.apache.jasper.servlet.TldScanner.scanJars At least one JAR was scanned for TLDs yet contained no TLDs. Enable debug logging for this logger for a complete list of JARs that were scanned but no TLDs were found in them. Skipping unneeded JARs during scanning can improve startup time and JSP compilation time.
23-Mar-2023 12:07:03.758 INFO [main] org.apache.catalina.startup.HostConfig.deployDirectory Deployment of web application directory [/Users/irfansyakir/Documents/Bahoot/apache-tomcat-10.1.5/webapps/Bahoot] has finished in [126] ms
23-Mar-2023 12:07:03.759 INFO [main] org.apache.coyote.AbstractProtocol.start Starting ProtocolHandler ["http-nio-9999"]
23-Mar-2023 12:07:03.764 INFO [main] org.apache.catalina.startup.Catalina.start Server startup in [1015] milliseconds
23-Mar-2023 12:08:13.909 INFO [Catalina-utility-1] org.apache.catalina.core.StandardContext.reload Reloading Context with name [/Bahoot] has started
23-Mar-2023 12:08:14.075 INFO [Catalina-utility-1] org.apache.jasper.servlet.TldScanner.scanJars At least one JAR was scanned for TLDs yet contained no TLDs. Enable debug logging for this logger for a complete list of JARs that were scanned but no TLDs were found in them. Skipping unneeded JARs during scanning can improve startup time and JSP compilation time.
23-Mar-2023 12:08:14.076 INFO [Catalina-utility-1] org.apache.catalina.core.StandardContext.reload Reloading Context with name [/Bahoot] is completed
23-Mar-2023 12:08:21.720 INFO [Thread-1] org.apache.coyote.AbstractProtocol.pause Pausing ProtocolHandler ["http-nio-9999"]
23-Mar-2023 12:08:21.732 INFO [Thread-1] org.apache.catalina.core.StandardService.stopInternal Stopping service [Catalina]
23-Mar-2023 12:08:21.752 INFO [Thread-1] org.apache.coyote.AbstractProtocol.stop Stopping ProtocolHandler ["http-nio-9999"]
23-Mar-2023 12:08:21.760 INFO [Thread-1] org.apache.coyote.AbstractProtocol.destroy Destroying ProtocolHandler ["http-nio-9999"]
23-Mar-2023 12:08:26.145 INFO [main] org.apache.catalina.startup.VersionLoggerListener.log Server version name:   Apache Tomcat/10.1.5
23-Mar-2023 12:08:26.147 INFO [main] org.apache.catalina.startup.VersionLoggerListener.log Server built:          Jan 9 2023 19:52:50 UTC
23-Mar-2023 12:08:26.147 INFO [main] org.apache.catalina.startup.VersionLoggerListener.log Server version number: 10.1.5.0
23-Mar-2023 12:08:26.147 INFO [main] org.apache.catalina.startup.VersionLoggerListener.log OS Name:               Mac OS X
23-Mar-2023 12:08:26.147 INFO [main] org.apache.catalina.startup.VersionLoggerListener.log OS Version:            13.2.1
23-Mar-2023 12:08:26.147 INFO [main] org.apache.catalina.startup.VersionLoggerListener.log Architecture:          aarch64
23-Mar-2023 12:08:26.147 INFO [main] org.apache.catalina.startup.VersionLoggerListener.log Java Home:             /Library/Java/JavaVirtualMachines/jdk-19.jdk/Contents/Home
23-Mar-2023 12:08:26.147 INFO [main] org.apache.catalina.startup.VersionLoggerListener.log JVM Version:           19.0.2+7-44
23-Mar-2023 12:08:26.147 INFO [main] org.apache.catalina.startup.VersionLoggerListener.log JVM Vendor:            Oracle Corporation
23-Mar-2023 12:08:26.147 INFO [main] org.apache.catalina.startup.VersionLoggerListener.log CATALINA_BASE:         /Users/irfansyakir/Documents/Bahoot/apache-tomcat-10.1.5
23-Mar-2023 12:08:26.147 INFO [main] org.apache.catalina.startup.VersionLoggerListener.log CATALINA_HOME:         /Users/irfansyakir/Documents/Bahoot/apache-tomcat-10.1.5
23-Mar-2023 12:08:26.151 INFO [main] org.apache.catalina.startup.VersionLoggerListener.log Command line argument: -Djava.util.logging.config.file=/Users/irfansyakir/Documents/Bahoot/apache-tomcat-10.1.5/conf/logging.properties
23-Mar-2023 12:08:26.151 INFO [main] org.apache.catalina.startup.VersionLoggerListener.log Command line argument: -Djava.util.logging.manager=org.apache.juli.ClassLoaderLogManager
23-Mar-2023 12:08:26.151 INFO [main] org.apache.catalina.startup.VersionLoggerListener.log Command line argument: -Djdk.tls.ephemeralDHKeySize=2048
23-Mar-2023 12:08:26.152 INFO [main] org.apache.catalina.startup.VersionLoggerListener.log Command line argument: -Djava.protocol.handler.pkgs=org.apache.catalina.webresources
23-Mar-2023 12:08:26.152 INFO [main] org.apache.catalina.startup.VersionLoggerListener.log Command line argument: -Dorg.apache.catalina.security.SecurityListener.UMASK=0027
23-Mar-2023 12:08:26.152 INFO [main] org.apache.catalina.startup.VersionLoggerListener.log Command line argument: --add-opens=java.base/java.lang=ALL-UNNAMED
23-Mar-2023 12:08:26.152 INFO [main] org.apache.catalina.startup.VersionLoggerListener.log Command line argument: --add-opens=java.base/java.io=ALL-UNNAMED
23-Mar-2023 12:08:26.152 INFO [main] org.apache.catalina.startup.VersionLoggerListener.log Command line argument: --add-opens=java.base/java.util=ALL-UNNAMED
23-Mar-2023 12:08:26.152 INFO [main] org.apache.catalina.startup.VersionLoggerListener.log Command line argument: --add-opens=java.base/java.util.concurrent=ALL-UNNAMED
23-Mar-2023 12:08:26.152 INFO [main] org.apache.catalina.startup.VersionLoggerListener.log Command line argument: --add-opens=java.rmi/sun.rmi.transport=ALL-UNNAMED
23-Mar-2023 12:08:26.152 INFO [main] org.apache.catalina.startup.VersionLoggerListener.log Command line argument: -Dcatalina.base=/Users/irfansyakir/Documents/Bahoot/apache-tomcat-10.1.5
23-Mar-2023 12:08:26.152 INFO [main] org.apache.catalina.startup.VersionLoggerListener.log Command line argument: -Dcatalina.home=/Users/irfansyakir/Documents/Bahoot/apache-tomcat-10.1.5
23-Mar-2023 12:08:26.152 INFO [main] org.apache.catalina.startup.VersionLoggerListener.log Command line argument: -Djava.io.tmpdir=/Users/irfansyakir/Documents/Bahoot/apache-tomcat-10.1.5/temp
23-Mar-2023 12:08:26.156 INFO [main] org.apache.catalina.core.AprLifecycleListener.lifecycleEvent The Apache Tomcat Native library which allows using OpenSSL was not found on the java.library.path: [/Users/irfansyakir/Library/Java/Extensions:/Library/Java/Extensions:/Network/Library/Java/Extensions:/System/Library/Java/Extensions:/usr/lib/java:.]
23-Mar-2023 12:08:26.313 INFO [main] org.apache.coyote.AbstractProtocol.init Initializing ProtocolHandler ["http-nio-9999"]
23-Mar-2023 12:08:26.326 INFO [main] org.apache.catalina.startup.Catalina.load Server initialization in [250] milliseconds
23-Mar-2023 12:08:26.340 INFO [main] org.apache.catalina.core.StandardService.startInternal Starting service [Catalina]
23-Mar-2023 12:08:26.340 INFO [main] org.apache.catalina.core.StandardEngine.startInternal Starting Servlet engine: [Apache Tomcat/10.1.5]
23-Mar-2023 12:08:26.344 INFO [main] org.apache.catalina.startup.HostConfig.deployDirectory Deploying web application directory [/Users/irfansyakir/Documents/Bahoot/apache-tomcat-10.1.5/webapps/docs]
23-Mar-2023 12:08:26.599 INFO [main] org.apache.jasper.servlet.TldScanner.scanJars At least one JAR was scanned for TLDs yet contained no TLDs. Enable debug logging for this logger for a complete list of JARs that were scanned but no TLDs were found in them. Skipping unneeded JARs during scanning can improve startup time and JSP compilation time.
23-Mar-2023 12:08:26.616 INFO [main] org.apache.catalina.startup.HostConfig.deployDirectory Deployment of web application directory [/Users/irfansyakir/Documents/Bahoot/apache-tomcat-10.1.5/webapps/docs] has finished in [272] ms
23-Mar-2023 12:08:26.616 INFO [main] org.apache.catalina.startup.HostConfig.deployDirectory Deploying web application directory [/Users/irfansyakir/Documents/Bahoot/apache-tomcat-10.1.5/webapps/manager]
23-Mar-2023 12:08:26.750 INFO [main] org.apache.jasper.servlet.TldScanner.scanJars At least one JAR was scanned for TLDs yet contained no TLDs. Enable debug logging for this logger for a complete list of JARs that were scanned but no TLDs were found in them. Skipping unneeded JARs during scanning can improve startup time and JSP compilation time.
23-Mar-2023 12:08:26.754 INFO [main] org.apache.catalina.startup.HostConfig.deployDirectory Deployment of web application directory [/Users/irfansyakir/Documents/Bahoot/apache-tomcat-10.1.5/webapps/manager] has finished in [138] ms
23-Mar-2023 12:08:26.754 INFO [main] org.apache.catalina.startup.HostConfig.deployDirectory Deploying web application directory [/Users/irfansyakir/Documents/Bahoot/apache-tomcat-10.1.5/webapps/examples]
23-Mar-2023 12:08:26.953 INFO [main] org.apache.jasper.servlet.TldScanner.scanJars At least one JAR was scanned for TLDs yet contained no TLDs. Enable debug logging for this logger for a complete list of JARs that were scanned but no TLDs were found in them. Skipping unneeded JARs during scanning can improve startup time and JSP compilation time.
23-Mar-2023 12:08:26.961 INFO [main] org.apache.catalina.startup.HostConfig.deployDirectory Deployment of web application directory [/Users/irfansyakir/Documents/Bahoot/apache-tomcat-10.1.5/webapps/examples] has finished in [207] ms
23-Mar-2023 12:08:26.962 INFO [main] org.apache.catalina.startup.HostConfig.deployDirectory Deploying web application directory [/Users/irfansyakir/Documents/Bahoot/apache-tomcat-10.1.5/webapps/ROOT]
23-Mar-2023 12:08:27.085 INFO [main] org.apache.jasper.servlet.TldScanner.scanJars At least one JAR was scanned for TLDs yet contained no TLDs. Enable debug logging for this logger for a complete list of JARs that were scanned but no TLDs were found in them. Skipping unneeded JARs during scanning can improve startup time and JSP compilation time.
23-Mar-2023 12:08:27.086 INFO [main] org.apache.catalina.startup.HostConfig.deployDirectory Deployment of web application directory [/Users/irfansyakir/Documents/Bahoot/apache-tomcat-10.1.5/webapps/ROOT] has finished in [124] ms
23-Mar-2023 12:08:27.086 INFO [main] org.apache.catalina.startup.HostConfig.deployDirectory Deploying web application directory [/Users/irfansyakir/Documents/Bahoot/apache-tomcat-10.1.5/webapps/host-manager]
23-Mar-2023 12:08:27.206 INFO [main] org.apache.jasper.servlet.TldScanner.scanJars At least one JAR was scanned for TLDs yet contained no TLDs. Enable debug logging for this logger for a complete list of JARs that were scanned but no TLDs were found in them. Skipping unneeded JARs during scanning can improve startup time and JSP compilation time.
23-Mar-2023 12:08:27.207 INFO [main] org.apache.catalina.startup.HostConfig.deployDirectory Deployment of web application directory [/Users/irfansyakir/Documents/Bahoot/apache-tomcat-10.1.5/webapps/host-manager] has finished in [121] ms
23-Mar-2023 12:08:27.207 INFO [main] org.apache.catalina.startup.HostConfig.deployDirectory Deploying web application directory [/Users/irfansyakir/Documents/Bahoot/apache-tomcat-10.1.5/webapps/Bahoot]
23-Mar-2023 12:08:27.337 INFO [main] org.apache.jasper.servlet.TldScanner.scanJars At least one JAR was scanned for TLDs yet contained no TLDs. Enable debug logging for this logger for a complete list of JARs that were scanned but no TLDs were found in them. Skipping unneeded JARs during scanning can improve startup time and JSP compilation time.
23-Mar-2023 12:08:27.340 INFO [main] org.apache.catalina.startup.HostConfig.deployDirectory Deployment of web application directory [/Users/irfansyakir/Documents/Bahoot/apache-tomcat-10.1.5/webapps/Bahoot] has finished in [133] ms
23-Mar-2023 12:08:27.340 INFO [main] org.apache.coyote.AbstractProtocol.start Starting ProtocolHandler ["http-nio-9999"]
23-Mar-2023 12:08:27.346 INFO [main] org.apache.catalina.startup.Catalina.start Server startup in [1019] milliseconds
23-Mar-2023 12:09:12.272 INFO [Thread-1] org.apache.coyote.AbstractProtocol.pause Pausing ProtocolHandler ["http-nio-9999"]
23-Mar-2023 12:09:12.282 INFO [Thread-1] org.apache.catalina.core.StandardService.stopInternal Stopping service [Catalina]
23-Mar-2023 12:09:12.317 INFO [Thread-1] org.apache.coyote.AbstractProtocol.stop Stopping ProtocolHandler ["http-nio-9999"]
23-Mar-2023 12:09:12.334 INFO [Thread-1] org.apache.coyote.AbstractProtocol.destroy Destroying ProtocolHandler ["http-nio-9999"]
23-Mar-2023 12:12:17.743 INFO [main] org.apache.catalina.startup.VersionLoggerListener.log Server version name:   Apache Tomcat/10.1.5
23-Mar-2023 12:12:17.744 INFO [main] org.apache.catalina.startup.VersionLoggerListener.log Server built:          Jan 9 2023 19:52:50 UTC
23-Mar-2023 12:12:17.744 INFO [main] org.apache.catalina.startup.VersionLoggerListener.log Server version number: 10.1.5.0
23-Mar-2023 12:12:17.744 INFO [main] org.apache.catalina.startup.VersionLoggerListener.log OS Name:               Mac OS X
23-Mar-2023 12:12:17.744 INFO [main] org.apache.catalina.startup.VersionLoggerListener.log OS Version:            13.2.1
23-Mar-2023 12:12:17.745 INFO [main] org.apache.catalina.startup.VersionLoggerListener.log Architecture:          aarch64
23-Mar-2023 12:12:17.745 INFO [main] org.apache.catalina.startup.VersionLoggerListener.log Java Home:             /Library/Java/JavaVirtualMachines/jdk-19.jdk/Contents/Home
23-Mar-2023 12:12:17.745 INFO [main] org.apache.catalina.startup.VersionLoggerListener.log JVM Version:           19.0.2+7-44
23-Mar-2023 12:12:17.745 INFO [main] org.apache.catalina.startup.VersionLoggerListener.log JVM Vendor:            Oracle Corporation
23-Mar-2023 12:12:17.745 INFO [main] org.apache.catalina.startup.VersionLoggerListener.log CATALINA_BASE:         /Users/irfansyakir/Documents/Bahoot/apache-tomcat-10.1.5
23-Mar-2023 12:12:17.745 INFO [main] org.apache.catalina.startup.VersionLoggerListener.log CATALINA_HOME:         /Users/irfansyakir/Documents/Bahoot/apache-tomcat-10.1.5
23-Mar-2023 12:12:17.751 INFO [main] org.apache.catalina.startup.VersionLoggerListener.log Command line argument: -Djava.util.logging.config.file=/Users/irfansyakir/Documents/Bahoot/apache-tomcat-10.1.5/conf/logging.properties
23-Mar-2023 12:12:17.751 INFO [main] org.apache.catalina.startup.VersionLoggerListener.log Command line argument: -Djava.util.logging.manager=org.apache.juli.ClassLoaderLogManager
23-Mar-2023 12:12:17.751 INFO [main] org.apache.catalina.startup.VersionLoggerListener.log Command line argument: -Djdk.tls.ephemeralDHKeySize=2048
23-Mar-2023 12:12:17.751 INFO [main] org.apache.catalina.startup.VersionLoggerListener.log Command line argument: -Djava.protocol.handler.pkgs=org.apache.catalina.webresources
23-Mar-2023 12:12:17.752 INFO [main] org.apache.catalina.startup.VersionLoggerListener.log Command line argument: -Dorg.apache.catalina.security.SecurityListener.UMASK=0027
23-Mar-2023 12:12:17.752 INFO [main] org.apache.catalina.startup.VersionLoggerListener.log Command line argument: --add-opens=java.base/java.lang=ALL-UNNAMED
23-Mar-2023 12:12:17.752 INFO [main] org.apache.catalina.startup.VersionLoggerListener.log Command line argument: --add-opens=java.base/java.io=ALL-UNNAMED
23-Mar-2023 12:12:17.752 INFO [main] org.apache.catalina.startup.VersionLoggerListener.log Command line argument: --add-opens=java.base/java.util=ALL-UNNAMED
23-Mar-2023 12:12:17.752 INFO [main] org.apache.catalina.startup.VersionLoggerListener.log Command line argument: --add-opens=java.base/java.util.concurrent=ALL-UNNAMED
23-Mar-2023 12:12:17.752 INFO [main] org.apache.catalina.startup.VersionLoggerListener.log Command line argument: --add-opens=java.rmi/sun.rmi.transport=ALL-UNNAMED
23-Mar-2023 12:12:17.752 INFO [main] org.apache.catalina.startup.VersionLoggerListener.log Command line argument: -Dcatalina.base=/Users/irfansyakir/Documents/Bahoot/apache-tomcat-10.1.5
23-Mar-2023 12:12:17.752 INFO [main] org.apache.catalina.startup.VersionLoggerListener.log Command line argument: -Dcatalina.home=/Users/irfansyakir/Documents/Bahoot/apache-tomcat-10.1.5
23-Mar-2023 12:12:17.752 INFO [main] org.apache.catalina.startup.VersionLoggerListener.log Command line argument: -Djava.io.tmpdir=/Users/irfansyakir/Documents/Bahoot/apache-tomcat-10.1.5/temp
23-Mar-2023 12:12:17.756 INFO [main] org.apache.catalina.core.AprLifecycleListener.lifecycleEvent The Apache Tomcat Native library which allows using OpenSSL was not found on the java.library.path: [/Users/irfansyakir/Library/Java/Extensions:/Library/Java/Extensions:/Network/Library/Java/Extensions:/System/Library/Java/Extensions:/usr/lib/java:.]
23-Mar-2023 12:12:17.921 INFO [main] org.apache.coyote.AbstractProtocol.init Initializing ProtocolHandler ["http-nio-9999"]
23-Mar-2023 12:12:17.936 INFO [main] org.apache.catalina.startup.Catalina.load Server initialization in [271] milliseconds
23-Mar-2023 12:12:17.950 INFO [main] org.apache.catalina.core.StandardService.startInternal Starting service [Catalina]
23-Mar-2023 12:12:17.950 INFO [main] org.apache.catalina.core.StandardEngine.startInternal Starting Servlet engine: [Apache Tomcat/10.1.5]
23-Mar-2023 12:12:17.954 INFO [main] org.apache.catalina.startup.HostConfig.deployDirectory Deploying web application directory [/Users/irfansyakir/Documents/Bahoot/apache-tomcat-10.1.5/webapps/docs]
23-Mar-2023 12:12:18.219 INFO [main] org.apache.jasper.servlet.TldScanner.scanJars At least one JAR was scanned for TLDs yet contained no TLDs. Enable debug logging for this logger for a complete list of JARs that were scanned but no TLDs were found in them. Skipping unneeded JARs during scanning can improve startup time and JSP compilation time.
23-Mar-2023 12:12:18.237 INFO [main] org.apache.catalina.startup.HostConfig.deployDirectory Deployment of web application directory [/Users/irfansyakir/Documents/Bahoot/apache-tomcat-10.1.5/webapps/docs] has finished in [282] ms
23-Mar-2023 12:12:18.237 INFO [main] org.apache.catalina.startup.HostConfig.deployDirectory Deploying web application directory [/Users/irfansyakir/Documents/Bahoot/apache-tomcat-10.1.5/webapps/manager]
23-Mar-2023 12:12:18.373 INFO [main] org.apache.jasper.servlet.TldScanner.scanJars At least one JAR was scanned for TLDs yet contained no TLDs. Enable debug logging for this logger for a complete list of JARs that were scanned but no TLDs were found in them. Skipping unneeded JARs during scanning can improve startup time and JSP compilation time.
23-Mar-2023 12:12:18.377 INFO [main] org.apache.catalina.startup.HostConfig.deployDirectory Deployment of web application directory [/Users/irfansyakir/Documents/Bahoot/apache-tomcat-10.1.5/webapps/manager] has finished in [140] ms
23-Mar-2023 12:12:18.377 INFO [main] org.apache.catalina.startup.HostConfig.deployDirectory Deploying web application directory [/Users/irfansyakir/Documents/Bahoot/apache-tomcat-10.1.5/webapps/examples]
23-Mar-2023 12:12:18.573 INFO [main] org.apache.jasper.servlet.TldScanner.scanJars At least one JAR was scanned for TLDs yet contained no TLDs. Enable debug logging for this logger for a complete list of JARs that were scanned but no TLDs were found in them. Skipping unneeded JARs during scanning can improve startup time and JSP compilation time.
23-Mar-2023 12:12:18.581 INFO [main] org.apache.catalina.startup.HostConfig.deployDirectory Deployment of web application directory [/Users/irfansyakir/Documents/Bahoot/apache-tomcat-10.1.5/webapps/examples] has finished in [203] ms
23-Mar-2023 12:12:18.581 INFO [main] org.apache.catalina.startup.HostConfig.deployDirectory Deploying web application directory [/Users/irfansyakir/Documents/Bahoot/apache-tomcat-10.1.5/webapps/ROOT]
23-Mar-2023 12:12:18.703 INFO [main] org.apache.jasper.servlet.TldScanner.scanJars At least one JAR was scanned for TLDs yet contained no TLDs. Enable debug logging for this logger for a complete list of JARs that were scanned but no TLDs were found in them. Skipping unneeded JARs during scanning can improve startup time and JSP compilation time.
23-Mar-2023 12:12:18.704 INFO [main] org.apache.catalina.startup.HostConfig.deployDirectory Deployment of web application directory [/Users/irfansyakir/Documents/Bahoot/apache-tomcat-10.1.5/webapps/ROOT] has finished in [123] ms
23-Mar-2023 12:12:18.704 INFO [main] org.apache.catalina.startup.HostConfig.deployDirectory Deploying web application directory [/Users/irfansyakir/Documents/Bahoot/apache-tomcat-10.1.5/webapps/host-manager]
23-Mar-2023 12:12:18.823 INFO [main] org.apache.jasper.servlet.TldScanner.scanJars At least one JAR was scanned for TLDs yet contained no TLDs. Enable debug logging for this logger for a complete list of JARs that were scanned but no TLDs were found in them. Skipping unneeded JARs during scanning can improve startup time and JSP compilation time.
23-Mar-2023 12:12:18.824 INFO [main] org.apache.catalina.startup.HostConfig.deployDirectory Deployment of web application directory [/Users/irfansyakir/Documents/Bahoot/apache-tomcat-10.1.5/webapps/host-manager] has finished in [119] ms
23-Mar-2023 12:12:18.824 INFO [main] org.apache.catalina.startup.HostConfig.deployDirectory Deploying web application directory [/Users/irfansyakir/Documents/Bahoot/apache-tomcat-10.1.5/webapps/Bahoot]
23-Mar-2023 12:12:18.947 INFO [main] org.apache.jasper.servlet.TldScanner.scanJars At least one JAR was scanned for TLDs yet contained no TLDs. Enable debug logging for this logger for a complete list of JARs that were scanned but no TLDs were found in them. Skipping unneeded JARs during scanning can improve startup time and JSP compilation time.
23-Mar-2023 12:12:18.950 INFO [main] org.apache.catalina.startup.HostConfig.deployDirectory Deployment of web application directory [/Users/irfansyakir/Documents/Bahoot/apache-tomcat-10.1.5/webapps/Bahoot] has finished in [126] ms
23-Mar-2023 12:12:18.951 INFO [main] org.apache.coyote.AbstractProtocol.start Starting ProtocolHandler ["http-nio-9999"]
23-Mar-2023 12:12:18.956 INFO [main] org.apache.catalina.startup.Catalina.start Server startup in [1019] milliseconds
23-Mar-2023 12:13:46.924 INFO [Thread-1] org.apache.coyote.AbstractProtocol.pause Pausing ProtocolHandler ["http-nio-9999"]
23-Mar-2023 12:13:46.935 INFO [Thread-1] org.apache.catalina.core.StandardService.stopInternal Stopping service [Catalina]
23-Mar-2023 12:13:46.965 INFO [Thread-1] org.apache.coyote.AbstractProtocol.stop Stopping ProtocolHandler ["http-nio-9999"]
23-Mar-2023 12:13:46.971 INFO [Thread-1] org.apache.coyote.AbstractProtocol.destroy Destroying ProtocolHandler ["http-nio-9999"]
23-Mar-2023 12:13:50.168 INFO [main] org.apache.catalina.startup.VersionLoggerListener.log Server version name:   Apache Tomcat/10.1.5
23-Mar-2023 12:13:50.170 INFO [main] org.apache.catalina.startup.VersionLoggerListener.log Server built:          Jan 9 2023 19:52:50 UTC
23-Mar-2023 12:13:50.171 INFO [main] org.apache.catalina.startup.VersionLoggerListener.log Server version number: 10.1.5.0
23-Mar-2023 12:13:50.171 INFO [main] org.apache.catalina.startup.VersionLoggerListener.log OS Name:               Mac OS X
23-Mar-2023 12:13:50.171 INFO [main] org.apache.catalina.startup.VersionLoggerListener.log OS Version:            13.2.1
23-Mar-2023 12:13:50.171 INFO [main] org.apache.catalina.startup.VersionLoggerListener.log Architecture:          aarch64
23-Mar-2023 12:13:50.171 INFO [main] org.apache.catalina.startup.VersionLoggerListener.log Java Home:             /Library/Java/JavaVirtualMachines/jdk-19.jdk/Contents/Home
23-Mar-2023 12:13:50.171 INFO [main] org.apache.catalina.startup.VersionLoggerListener.log JVM Version:           19.0.2+7-44
23-Mar-2023 12:13:50.171 INFO [main] org.apache.catalina.startup.VersionLoggerListener.log JVM Vendor:            Oracle Corporation
23-Mar-2023 12:13:50.171 INFO [main] org.apache.catalina.startup.VersionLoggerListener.log CATALINA_BASE:         /Users/irfansyakir/Documents/Bahoot/apache-tomcat-10.1.5
23-Mar-2023 12:13:50.171 INFO [main] org.apache.catalina.startup.VersionLoggerListener.log CATALINA_HOME:         /Users/irfansyakir/Documents/Bahoot/apache-tomcat-10.1.5
23-Mar-2023 12:13:50.178 INFO [main] org.apache.catalina.startup.VersionLoggerListener.log Command line argument: -Djava.util.logging.config.file=/Users/irfansyakir/Documents/Bahoot/apache-tomcat-10.1.5/conf/logging.properties
23-Mar-2023 12:13:50.178 INFO [main] org.apache.catalina.startup.VersionLoggerListener.log Command line argument: -Djava.util.logging.manager=org.apache.juli.ClassLoaderLogManager
23-Mar-2023 12:13:50.178 INFO [main] org.apache.catalina.startup.VersionLoggerListener.log Command line argument: -Djdk.tls.ephemeralDHKeySize=2048
23-Mar-2023 12:13:50.178 INFO [main] org.apache.catalina.startup.VersionLoggerListener.log Command line argument: -Djava.protocol.handler.pkgs=org.apache.catalina.webresources
23-Mar-2023 12:13:50.178 INFO [main] org.apache.catalina.startup.VersionLoggerListener.log Command line argument: -Dorg.apache.catalina.security.SecurityListener.UMASK=0027
23-Mar-2023 12:13:50.178 INFO [main] org.apache.catalina.startup.VersionLoggerListener.log Command line argument: --add-opens=java.base/java.lang=ALL-UNNAMED
23-Mar-2023 12:13:50.178 INFO [main] org.apache.catalina.startup.VersionLoggerListener.log Command line argument: --add-opens=java.base/java.io=ALL-UNNAMED
23-Mar-2023 12:13:50.178 INFO [main] org.apache.catalina.startup.VersionLoggerListener.log Command line argument: --add-opens=java.base/java.util=ALL-UNNAMED
23-Mar-2023 12:13:50.178 INFO [main] org.apache.catalina.startup.VersionLoggerListener.log Command line argument: --add-opens=java.base/java.util.concurrent=ALL-UNNAMED
23-Mar-2023 12:13:50.178 INFO [main] org.apache.catalina.startup.VersionLoggerListener.log Command line argument: --add-opens=java.rmi/sun.rmi.transport=ALL-UNNAMED
23-Mar-2023 12:13:50.178 INFO [main] org.apache.catalina.startup.VersionLoggerListener.log Command line argument: -Dcatalina.base=/Users/irfansyakir/Documents/Bahoot/apache-tomcat-10.1.5
23-Mar-2023 12:13:50.178 INFO [main] org.apache.catalina.startup.VersionLoggerListener.log Command line argument: -Dcatalina.home=/Users/irfansyakir/Documents/Bahoot/apache-tomcat-10.1.5
23-Mar-2023 12:13:50.178 INFO [main] org.apache.catalina.startup.VersionLoggerListener.log Command line argument: -Djava.io.tmpdir=/Users/irfansyakir/Documents/Bahoot/apache-tomcat-10.1.5/temp
23-Mar-2023 12:13:50.183 INFO [main] org.apache.catalina.core.AprLifecycleListener.lifecycleEvent The Apache Tomcat Native library which allows using OpenSSL was not found on the java.library.path: [/Users/irfansyakir/Library/Java/Extensions:/Library/Java/Extensions:/Network/Library/Java/Extensions:/System/Library/Java/Extensions:/usr/lib/java:.]
23-Mar-2023 12:13:50.342 INFO [main] org.apache.coyote.AbstractProtocol.init Initializing ProtocolHandler ["http-nio-9999"]
23-Mar-2023 12:13:50.356 INFO [main] org.apache.catalina.startup.Catalina.load Server initialization in [267] milliseconds
23-Mar-2023 12:13:50.370 INFO [main] org.apache.catalina.core.StandardService.startInternal Starting service [Catalina]
23-Mar-2023 12:13:50.370 INFO [main] org.apache.catalina.core.StandardEngine.startInternal Starting Servlet engine: [Apache Tomcat/10.1.5]
23-Mar-2023 12:13:50.374 INFO [main] org.apache.catalina.startup.HostConfig.deployDirectory Deploying web application directory [/Users/irfansyakir/Documents/Bahoot/apache-tomcat-10.1.5/webapps/docs]
23-Mar-2023 12:13:50.637 INFO [main] org.apache.jasper.servlet.TldScanner.scanJars At least one JAR was scanned for TLDs yet contained no TLDs. Enable debug logging for this logger for a complete list of JARs that were scanned but no TLDs were found in them. Skipping unneeded JARs during scanning can improve startup time and JSP compilation time.
23-Mar-2023 12:13:50.654 INFO [main] org.apache.catalina.startup.HostConfig.deployDirectory Deployment of web application directory [/Users/irfansyakir/Documents/Bahoot/apache-tomcat-10.1.5/webapps/docs] has finished in [279] ms
23-Mar-2023 12:13:50.654 INFO [main] org.apache.catalina.startup.HostConfig.deployDirectory Deploying web application directory [/Users/irfansyakir/Documents/Bahoot/apache-tomcat-10.1.5/webapps/manager]
23-Mar-2023 12:13:50.790 INFO [main] org.apache.jasper.servlet.TldScanner.scanJars At least one JAR was scanned for TLDs yet contained no TLDs. Enable debug logging for this logger for a complete list of JARs that were scanned but no TLDs were found in them. Skipping unneeded JARs during scanning can improve startup time and JSP compilation time.
23-Mar-2023 12:13:50.794 INFO [main] org.apache.catalina.startup.HostConfig.deployDirectory Deployment of web application directory [/Users/irfansyakir/Documents/Bahoot/apache-tomcat-10.1.5/webapps/manager] has finished in [140] ms
23-Mar-2023 12:13:50.794 INFO [main] org.apache.catalina.startup.HostConfig.deployDirectory Deploying web application directory [/Users/irfansyakir/Documents/Bahoot/apache-tomcat-10.1.5/webapps/examples]
23-Mar-2023 12:13:50.991 INFO [main] org.apache.jasper.servlet.TldScanner.scanJars At least one JAR was scanned for TLDs yet contained no TLDs. Enable debug logging for this logger for a complete list of JARs that were scanned but no TLDs were found in them. Skipping unneeded JARs during scanning can improve startup time and JSP compilation time.
23-Mar-2023 12:13:50.998 INFO [main] org.apache.catalina.startup.HostConfig.deployDirectory Deployment of web application directory [/Users/irfansyakir/Documents/Bahoot/apache-tomcat-10.1.5/webapps/examples] has finished in [204] ms
23-Mar-2023 12:13:50.998 INFO [main] org.apache.catalina.startup.HostConfig.deployDirectory Deploying web application directory [/Users/irfansyakir/Documents/Bahoot/apache-tomcat-10.1.5/webapps/ROOT]
23-Mar-2023 12:13:51.122 INFO [main] org.apache.jasper.servlet.TldScanner.scanJars At least one JAR was scanned for TLDs yet contained no TLDs. Enable debug logging for this logger for a complete list of JARs that were scanned but no TLDs were found in them. Skipping unneeded JARs during scanning can improve startup time and JSP compilation time.
23-Mar-2023 12:13:51.123 INFO [main] org.apache.catalina.startup.HostConfig.deployDirectory Deployment of web application directory [/Users/irfansyakir/Documents/Bahoot/apache-tomcat-10.1.5/webapps/ROOT] has finished in [125] ms
23-Mar-2023 12:13:51.123 INFO [main] org.apache.catalina.startup.HostConfig.deployDirectory Deploying web application directory [/Users/irfansyakir/Documents/Bahoot/apache-tomcat-10.1.5/webapps/host-manager]
23-Mar-2023 12:13:51.243 INFO [main] org.apache.jasper.servlet.TldScanner.scanJars At least one JAR was scanned for TLDs yet contained no TLDs. Enable debug logging for this logger for a complete list of JARs that were scanned but no TLDs were found in them. Skipping unneeded JARs during scanning can improve startup time and JSP compilation time.
23-Mar-2023 12:13:51.243 INFO [main] org.apache.catalina.startup.HostConfig.deployDirectory Deployment of web application directory [/Users/irfansyakir/Documents/Bahoot/apache-tomcat-10.1.5/webapps/host-manager] has finished in [120] ms
23-Mar-2023 12:13:51.244 INFO [main] org.apache.catalina.startup.HostConfig.deployDirectory Deploying web application directory [/Users/irfansyakir/Documents/Bahoot/apache-tomcat-10.1.5/webapps/Bahoot]
23-Mar-2023 12:13:51.365 INFO [main] org.apache.jasper.servlet.TldScanner.scanJars At least one JAR was scanned for TLDs yet contained no TLDs. Enable debug logging for this logger for a complete list of JARs that were scanned but no TLDs were found in them. Skipping unneeded JARs during scanning can improve startup time and JSP compilation time.
23-Mar-2023 12:13:51.367 INFO [main] org.apache.catalina.startup.HostConfig.deployDirectory Deployment of web application directory [/Users/irfansyakir/Documents/Bahoot/apache-tomcat-10.1.5/webapps/Bahoot] has finished in [123] ms
23-Mar-2023 12:13:51.368 INFO [main] org.apache.coyote.AbstractProtocol.start Starting ProtocolHandler ["http-nio-9999"]
23-Mar-2023 12:13:51.374 INFO [main] org.apache.catalina.startup.Catalina.start Server startup in [1017] milliseconds
23-Mar-2023 12:15:21.563 INFO [Catalina-utility-1] org.apache.catalina.core.StandardContext.reload Reloading Context with name [/Bahoot] has started
23-Mar-2023 12:15:21.719 INFO [Catalina-utility-1] org.apache.jasper.servlet.TldScanner.scanJars At least one JAR was scanned for TLDs yet contained no TLDs. Enable debug logging for this logger for a complete list of JARs that were scanned but no TLDs were found in them. Skipping unneeded JARs during scanning can improve startup time and JSP compilation time.
23-Mar-2023 12:15:21.720 INFO [Catalina-utility-1] org.apache.catalina.core.StandardContext.reload Reloading Context with name [/Bahoot] is completed
23-Mar-2023 12:15:23.971 INFO [Thread-1] org.apache.coyote.AbstractProtocol.pause Pausing ProtocolHandler ["http-nio-9999"]
23-Mar-2023 12:15:23.979 INFO [Thread-1] org.apache.catalina.core.StandardService.stopInternal Stopping service [Catalina]
23-Mar-2023 12:15:23.999 INFO [Thread-1] org.apache.coyote.AbstractProtocol.stop Stopping ProtocolHandler ["http-nio-9999"]
23-Mar-2023 12:15:24.006 INFO [Thread-1] org.apache.coyote.AbstractProtocol.destroy Destroying ProtocolHandler ["http-nio-9999"]
23-Mar-2023 12:15:25.910 INFO [main] org.apache.catalina.startup.VersionLoggerListener.log Server version name:   Apache Tomcat/10.1.5
23-Mar-2023 12:15:25.911 INFO [main] org.apache.catalina.startup.VersionLoggerListener.log Server built:          Jan 9 2023 19:52:50 UTC
23-Mar-2023 12:15:25.911 INFO [main] org.apache.catalina.startup.VersionLoggerListener.log Server version number: 10.1.5.0
23-Mar-2023 12:15:25.911 INFO [main] org.apache.catalina.startup.VersionLoggerListener.log OS Name:               Mac OS X
23-Mar-2023 12:15:25.911 INFO [main] org.apache.catalina.startup.VersionLoggerListener.log OS Version:            13.2.1
23-Mar-2023 12:15:25.911 INFO [main] org.apache.catalina.startup.VersionLoggerListener.log Architecture:          aarch64
23-Mar-2023 12:15:25.911 INFO [main] org.apache.catalina.startup.VersionLoggerListener.log Java Home:             /Library/Java/JavaVirtualMachines/jdk-19.jdk/Contents/Home
23-Mar-2023 12:15:25.911 INFO [main] org.apache.catalina.startup.VersionLoggerListener.log JVM Version:           19.0.2+7-44
23-Mar-2023 12:15:25.911 INFO [main] org.apache.catalina.startup.VersionLoggerListener.log JVM Vendor:            Oracle Corporation
23-Mar-2023 12:15:25.912 INFO [main] org.apache.catalina.startup.VersionLoggerListener.log CATALINA_BASE:         /Users/irfansyakir/Documents/Bahoot/apache-tomcat-10.1.5
23-Mar-2023 12:15:25.912 INFO [main] org.apache.catalina.startup.VersionLoggerListener.log CATALINA_HOME:         /Users/irfansyakir/Documents/Bahoot/apache-tomcat-10.1.5
23-Mar-2023 12:15:25.917 INFO [main] org.apache.catalina.startup.VersionLoggerListener.log Command line argument: -Djava.util.logging.config.file=/Users/irfansyakir/Documents/Bahoot/apache-tomcat-10.1.5/conf/logging.properties
23-Mar-2023 12:15:25.917 INFO [main] org.apache.catalina.startup.VersionLoggerListener.log Command line argument: -Djava.util.logging.manager=org.apache.juli.ClassLoaderLogManager
23-Mar-2023 12:15:25.917 INFO [main] org.apache.catalina.startup.VersionLoggerListener.log Command line argument: -Djdk.tls.ephemeralDHKeySize=2048
23-Mar-2023 12:15:25.917 INFO [main] org.apache.catalina.startup.VersionLoggerListener.log Command line argument: -Djava.protocol.handler.pkgs=org.apache.catalina.webresources
23-Mar-2023 12:15:25.917 INFO [main] org.apache.catalina.startup.VersionLoggerListener.log Command line argument: -Dorg.apache.catalina.security.SecurityListener.UMASK=0027
23-Mar-2023 12:15:25.917 INFO [main] org.apache.catalina.startup.VersionLoggerListener.log Command line argument: --add-opens=java.base/java.lang=ALL-UNNAMED
23-Mar-2023 12:15:25.917 INFO [main] org.apache.catalina.startup.VersionLoggerListener.log Command line argument: --add-opens=java.base/java.io=ALL-UNNAMED
23-Mar-2023 12:15:25.917 INFO [main] org.apache.catalina.startup.VersionLoggerListener.log Command line argument: --add-opens=java.base/java.util=ALL-UNNAMED
23-Mar-2023 12:15:25.917 INFO [main] org.apache.catalina.startup.VersionLoggerListener.log Command line argument: --add-opens=java.base/java.util.concurrent=ALL-UNNAMED
23-Mar-2023 12:15:25.917 INFO [main] org.apache.catalina.startup.VersionLoggerListener.log Command line argument: --add-opens=java.rmi/sun.rmi.transport=ALL-UNNAMED
23-Mar-2023 12:15:25.917 INFO [main] org.apache.catalina.startup.VersionLoggerListener.log Command line argument: -Dcatalina.base=/Users/irfansyakir/Documents/Bahoot/apache-tomcat-10.1.5
23-Mar-2023 12:15:25.917 INFO [main] org.apache.catalina.startup.VersionLoggerListener.log Command line argument: -Dcatalina.home=/Users/irfansyakir/Documents/Bahoot/apache-tomcat-10.1.5
23-Mar-2023 12:15:25.917 INFO [main] org.apache.catalina.startup.VersionLoggerListener.log Command line argument: -Djava.io.tmpdir=/Users/irfansyakir/Documents/Bahoot/apache-tomcat-10.1.5/temp
23-Mar-2023 12:15:25.921 INFO [main] org.apache.catalina.core.AprLifecycleListener.lifecycleEvent The Apache Tomcat Native library which allows using OpenSSL was not found on the java.library.path: [/Users/irfansyakir/Library/Java/Extensions:/Library/Java/Extensions:/Network/Library/Java/Extensions:/System/Library/Java/Extensions:/usr/lib/java:.]
23-Mar-2023 12:15:26.075 INFO [main] org.apache.coyote.AbstractProtocol.init Initializing ProtocolHandler ["http-nio-9999"]
23-Mar-2023 12:15:26.088 INFO [main] org.apache.catalina.startup.Catalina.load Server initialization in [246] milliseconds
23-Mar-2023 12:15:26.102 INFO [main] org.apache.catalina.core.StandardService.startInternal Starting service [Catalina]
23-Mar-2023 12:15:26.102 INFO [main] org.apache.catalina.core.StandardEngine.startInternal Starting Servlet engine: [Apache Tomcat/10.1.5]
23-Mar-2023 12:15:26.105 INFO [main] org.apache.catalina.startup.HostConfig.deployDirectory Deploying web application directory [/Users/irfansyakir/Documents/Bahoot/apache-tomcat-10.1.5/webapps/docs]
23-Mar-2023 12:15:26.361 INFO [main] org.apache.jasper.servlet.TldScanner.scanJars At least one JAR was scanned for TLDs yet contained no TLDs. Enable debug logging for this logger for a complete list of JARs that were scanned but no TLDs were found in them. Skipping unneeded JARs during scanning can improve startup time and JSP compilation time.
23-Mar-2023 12:15:26.377 INFO [main] org.apache.catalina.startup.HostConfig.deployDirectory Deployment of web application directory [/Users/irfansyakir/Documents/Bahoot/apache-tomcat-10.1.5/webapps/docs] has finished in [272] ms
23-Mar-2023 12:15:26.377 INFO [main] org.apache.catalina.startup.HostConfig.deployDirectory Deploying web application directory [/Users/irfansyakir/Documents/Bahoot/apache-tomcat-10.1.5/webapps/manager]
23-Mar-2023 12:15:26.517 INFO [main] org.apache.jasper.servlet.TldScanner.scanJars At least one JAR was scanned for TLDs yet contained no TLDs. Enable debug logging for this logger for a complete list of JARs that were scanned but no TLDs were found in them. Skipping unneeded JARs during scanning can improve startup time and JSP compilation time.
23-Mar-2023 12:15:26.521 INFO [main] org.apache.catalina.startup.HostConfig.deployDirectory Deployment of web application directory [/Users/irfansyakir/Documents/Bahoot/apache-tomcat-10.1.5/webapps/manager] has finished in [144] ms
23-Mar-2023 12:15:26.521 INFO [main] org.apache.catalina.startup.HostConfig.deployDirectory Deploying web application directory [/Users/irfansyakir/Documents/Bahoot/apache-tomcat-10.1.5/webapps/examples]
23-Mar-2023 12:15:26.708 INFO [main] org.apache.jasper.servlet.TldScanner.scanJars At least one JAR was scanned for TLDs yet contained no TLDs. Enable debug logging for this logger for a complete list of JARs that were scanned but no TLDs were found in them. Skipping unneeded JARs during scanning can improve startup time and JSP compilation time.
23-Mar-2023 12:15:26.716 INFO [main] org.apache.catalina.startup.HostConfig.deployDirectory Deployment of web application directory [/Users/irfansyakir/Documents/Bahoot/apache-tomcat-10.1.5/webapps/examples] has finished in [195] ms
23-Mar-2023 12:15:26.716 INFO [main] org.apache.catalina.startup.HostConfig.deployDirectory Deploying web application directory [/Users/irfansyakir/Documents/Bahoot/apache-tomcat-10.1.5/webapps/ROOT]
23-Mar-2023 12:15:26.838 INFO [main] org.apache.jasper.servlet.TldScanner.scanJars At least one JAR was scanned for TLDs yet contained no TLDs. Enable debug logging for this logger for a complete list of JARs that were scanned but no TLDs were found in them. Skipping unneeded JARs during scanning can improve startup time and JSP compilation time.
23-Mar-2023 12:15:26.839 INFO [main] org.apache.catalina.startup.HostConfig.deployDirectory Deployment of web application directory [/Users/irfansyakir/Documents/Bahoot/apache-tomcat-10.1.5/webapps/ROOT] has finished in [123] ms
23-Mar-2023 12:15:26.839 INFO [main] org.apache.catalina.startup.HostConfig.deployDirectory Deploying web application directory [/Users/irfansyakir/Documents/Bahoot/apache-tomcat-10.1.5/webapps/host-manager]
23-Mar-2023 12:15:26.962 INFO [main] org.apache.jasper.servlet.TldScanner.scanJars At least one JAR was scanned for TLDs yet contained no TLDs. Enable debug logging for this logger for a complete list of JARs that were scanned but no TLDs were found in them. Skipping unneeded JARs during scanning can improve startup time and JSP compilation time.
23-Mar-2023 12:15:26.963 INFO [main] org.apache.catalina.startup.HostConfig.deployDirectory Deployment of web application directory [/Users/irfansyakir/Documents/Bahoot/apache-tomcat-10.1.5/webapps/host-manager] has finished in [124] ms
23-Mar-2023 12:15:26.963 INFO [main] org.apache.catalina.startup.HostConfig.deployDirectory Deploying web application directory [/Users/irfansyakir/Documents/Bahoot/apache-tomcat-10.1.5/webapps/Bahoot]
23-Mar-2023 12:15:27.085 INFO [main] org.apache.jasper.servlet.TldScanner.scanJars At least one JAR was scanned for TLDs yet contained no TLDs. Enable debug logging for this logger for a complete list of JARs that were scanned but no TLDs were found in them. Skipping unneeded JARs during scanning can improve startup time and JSP compilation time.
23-Mar-2023 12:15:27.088 INFO [main] org.apache.catalina.startup.HostConfig.deployDirectory Deployment of web application directory [/Users/irfansyakir/Documents/Bahoot/apache-tomcat-10.1.5/webapps/Bahoot] has finished in [125] ms
23-Mar-2023 12:15:27.088 INFO [main] org.apache.coyote.AbstractProtocol.start Starting ProtocolHandler ["http-nio-9999"]
23-Mar-2023 12:15:27.095 INFO [main] org.apache.catalina.startup.Catalina.start Server startup in [1006] milliseconds
23-Mar-2023 12:21:07.802 INFO [Catalina-utility-2] org.apache.catalina.core.StandardContext.reload Reloading Context with name [/Bahoot] has started
23-Mar-2023 12:21:07.973 INFO [Catalina-utility-2] org.apache.jasper.servlet.TldScanner.scanJars At least one JAR was scanned for TLDs yet contained no TLDs. Enable debug logging for this logger for a complete list of JARs that were scanned but no TLDs were found in them. Skipping unneeded JARs during scanning can improve startup time and JSP compilation time.
23-Mar-2023 12:21:07.974 INFO [Catalina-utility-2] org.apache.catalina.core.StandardContext.reload Reloading Context with name [/Bahoot] is completed
23-Mar-2023 12:28:35.967 INFO [Thread-1] org.apache.coyote.AbstractProtocol.pause Pausing ProtocolHandler ["http-nio-9999"]
23-Mar-2023 12:28:35.979 INFO [Thread-1] org.apache.catalina.core.StandardService.stopInternal Stopping service [Catalina]
23-Mar-2023 12:28:36.000 INFO [Thread-1] org.apache.coyote.AbstractProtocol.stop Stopping ProtocolHandler ["http-nio-9999"]
23-Mar-2023 12:28:36.006 INFO [Thread-1] org.apache.coyote.AbstractProtocol.destroy Destroying ProtocolHandler ["http-nio-9999"]
23-Mar-2023 12:28:37.432 INFO [main] org.apache.catalina.startup.VersionLoggerListener.log Server version name:   Apache Tomcat/10.1.5
23-Mar-2023 12:28:37.434 INFO [main] org.apache.catalina.startup.VersionLoggerListener.log Server built:          Jan 9 2023 19:52:50 UTC
23-Mar-2023 12:28:37.434 INFO [main] org.apache.catalina.startup.VersionLoggerListener.log Server version number: 10.1.5.0
23-Mar-2023 12:28:37.434 INFO [main] org.apache.catalina.startup.VersionLoggerListener.log OS Name:               Mac OS X
23-Mar-2023 12:28:37.434 INFO [main] org.apache.catalina.startup.VersionLoggerListener.log OS Version:            13.2.1
23-Mar-2023 12:28:37.434 INFO [main] org.apache.catalina.startup.VersionLoggerListener.log Architecture:          aarch64
23-Mar-2023 12:28:37.434 INFO [main] org.apache.catalina.startup.VersionLoggerListener.log Java Home:             /Library/Java/JavaVirtualMachines/jdk-19.jdk/Contents/Home
23-Mar-2023 12:28:37.434 INFO [main] org.apache.catalina.startup.VersionLoggerListener.log JVM Version:           19.0.2+7-44
23-Mar-2023 12:28:37.434 INFO [main] org.apache.catalina.startup.VersionLoggerListener.log JVM Vendor:            Oracle Corporation
23-Mar-2023 12:28:37.435 INFO [main] org.apache.catalina.startup.VersionLoggerListener.log CATALINA_BASE:         /Users/irfansyakir/Documents/Bahoot/apache-tomcat-10.1.5
23-Mar-2023 12:28:37.435 INFO [main] org.apache.catalina.startup.VersionLoggerListener.log CATALINA_HOME:         /Users/irfansyakir/Documents/Bahoot/apache-tomcat-10.1.5
23-Mar-2023 12:28:37.441 INFO [main] org.apache.catalina.startup.VersionLoggerListener.log Command line argument: -Djava.util.logging.config.file=/Users/irfansyakir/Documents/Bahoot/apache-tomcat-10.1.5/conf/logging.properties
23-Mar-2023 12:28:37.442 INFO [main] org.apache.catalina.startup.VersionLoggerListener.log Command line argument: -Djava.util.logging.manager=org.apache.juli.ClassLoaderLogManager
23-Mar-2023 12:28:37.442 INFO [main] org.apache.catalina.startup.VersionLoggerListener.log Command line argument: -Djdk.tls.ephemeralDHKeySize=2048
23-Mar-2023 12:28:37.442 INFO [main] org.apache.catalina.startup.VersionLoggerListener.log Command line argument: -Djava.protocol.handler.pkgs=org.apache.catalina.webresources
23-Mar-2023 12:28:37.442 INFO [main] org.apache.catalina.startup.VersionLoggerListener.log Command line argument: -Dorg.apache.catalina.security.SecurityListener.UMASK=0027
23-Mar-2023 12:28:37.442 INFO [main] org.apache.catalina.startup.VersionLoggerListener.log Command line argument: --add-opens=java.base/java.lang=ALL-UNNAMED
23-Mar-2023 12:28:37.442 INFO [main] org.apache.catalina.startup.VersionLoggerListener.log Command line argument: --add-opens=java.base/java.io=ALL-UNNAMED
23-Mar-2023 12:28:37.442 INFO [main] org.apache.catalina.startup.VersionLoggerListener.log Command line argument: --add-opens=java.base/java.util=ALL-UNNAMED
23-Mar-2023 12:28:37.442 INFO [main] org.apache.catalina.startup.VersionLoggerListener.log Command line argument: --add-opens=java.base/java.util.concurrent=ALL-UNNAMED
23-Mar-2023 12:28:37.442 INFO [main] org.apache.catalina.startup.VersionLoggerListener.log Command line argument: --add-opens=java.rmi/sun.rmi.transport=ALL-UNNAMED
23-Mar-2023 12:28:37.442 INFO [main] org.apache.catalina.startup.VersionLoggerListener.log Command line argument: -Dcatalina.base=/Users/irfansyakir/Documents/Bahoot/apache-tomcat-10.1.5
23-Mar-2023 12:28:37.442 INFO [main] org.apache.catalina.startup.VersionLoggerListener.log Command line argument: -Dcatalina.home=/Users/irfansyakir/Documents/Bahoot/apache-tomcat-10.1.5
23-Mar-2023 12:28:37.442 INFO [main] org.apache.catalina.startup.VersionLoggerListener.log Command line argument: -Djava.io.tmpdir=/Users/irfansyakir/Documents/Bahoot/apache-tomcat-10.1.5/temp
23-Mar-2023 12:28:37.447 INFO [main] org.apache.catalina.core.AprLifecycleListener.lifecycleEvent The Apache Tomcat Native library which allows using OpenSSL was not found on the java.library.path: [/Users/irfansyakir/Library/Java/Extensions:/Library/Java/Extensions:/Network/Library/Java/Extensions:/System/Library/Java/Extensions:/usr/lib/java:.]
23-Mar-2023 12:28:37.614 INFO [main] org.apache.coyote.AbstractProtocol.init Initializing ProtocolHandler ["http-nio-9999"]
23-Mar-2023 12:28:37.630 INFO [main] org.apache.catalina.startup.Catalina.load Server initialization in [283] milliseconds
23-Mar-2023 12:28:37.646 INFO [main] org.apache.catalina.core.StandardService.startInternal Starting service [Catalina]
23-Mar-2023 12:28:37.646 INFO [main] org.apache.catalina.core.StandardEngine.startInternal Starting Servlet engine: [Apache Tomcat/10.1.5]
23-Mar-2023 12:28:37.650 INFO [main] org.apache.catalina.startup.HostConfig.deployDirectory Deploying web application directory [/Users/irfansyakir/Documents/Bahoot/apache-tomcat-10.1.5/webapps/docs]
23-Mar-2023 12:28:37.932 INFO [main] org.apache.jasper.servlet.TldScanner.scanJars At least one JAR was scanned for TLDs yet contained no TLDs. Enable debug logging for this logger for a complete list of JARs that were scanned but no TLDs were found in them. Skipping unneeded JARs during scanning can improve startup time and JSP compilation time.
23-Mar-2023 12:28:37.951 INFO [main] org.apache.catalina.startup.HostConfig.deployDirectory Deployment of web application directory [/Users/irfansyakir/Documents/Bahoot/apache-tomcat-10.1.5/webapps/docs] has finished in [301] ms
23-Mar-2023 12:28:37.951 INFO [main] org.apache.catalina.startup.HostConfig.deployDirectory Deploying web application directory [/Users/irfansyakir/Documents/Bahoot/apache-tomcat-10.1.5/webapps/manager]
23-Mar-2023 12:28:38.087 INFO [main] org.apache.jasper.servlet.TldScanner.scanJars At least one JAR was scanned for TLDs yet contained no TLDs. Enable debug logging for this logger for a complete list of JARs that were scanned but no TLDs were found in them. Skipping unneeded JARs during scanning can improve startup time and JSP compilation time.
23-Mar-2023 12:28:38.090 INFO [main] org.apache.catalina.startup.HostConfig.deployDirectory Deployment of web application directory [/Users/irfansyakir/Documents/Bahoot/apache-tomcat-10.1.5/webapps/manager] has finished in [139] ms
23-Mar-2023 12:28:38.090 INFO [main] org.apache.catalina.startup.HostConfig.deployDirectory Deploying web application directory [/Users/irfansyakir/Documents/Bahoot/apache-tomcat-10.1.5/webapps/examples]
23-Mar-2023 12:28:38.287 INFO [main] org.apache.jasper.servlet.TldScanner.scanJars At least one JAR was scanned for TLDs yet contained no TLDs. Enable debug logging for this logger for a complete list of JARs that were scanned but no TLDs were found in them. Skipping unneeded JARs during scanning can improve startup time and JSP compilation time.
23-Mar-2023 12:28:38.295 INFO [main] org.apache.catalina.startup.HostConfig.deployDirectory Deployment of web application directory [/Users/irfansyakir/Documents/Bahoot/apache-tomcat-10.1.5/webapps/examples] has finished in [205] ms
23-Mar-2023 12:28:38.295 INFO [main] org.apache.catalina.startup.HostConfig.deployDirectory Deploying web application directory [/Users/irfansyakir/Documents/Bahoot/apache-tomcat-10.1.5/webapps/ROOT]
23-Mar-2023 12:28:38.417 INFO [main] org.apache.jasper.servlet.TldScanner.scanJars At least one JAR was scanned for TLDs yet contained no TLDs. Enable debug logging for this logger for a complete list of JARs that were scanned but no TLDs were found in them. Skipping unneeded JARs during scanning can improve startup time and JSP compilation time.
23-Mar-2023 12:28:38.418 INFO [main] org.apache.catalina.startup.HostConfig.deployDirectory Deployment of web application directory [/Users/irfansyakir/Documents/Bahoot/apache-tomcat-10.1.5/webapps/ROOT] has finished in [123] ms
23-Mar-2023 12:28:38.418 INFO [main] org.apache.catalina.startup.HostConfig.deployDirectory Deploying web application directory [/Users/irfansyakir/Documents/Bahoot/apache-tomcat-10.1.5/webapps/host-manager]
23-Mar-2023 12:28:38.537 INFO [main] org.apache.jasper.servlet.TldScanner.scanJars At least one JAR was scanned for TLDs yet contained no TLDs. Enable debug logging for this logger for a complete list of JARs that were scanned but no TLDs were found in them. Skipping unneeded JARs during scanning can improve startup time and JSP compilation time.
23-Mar-2023 12:28:38.537 INFO [main] org.apache.catalina.startup.HostConfig.deployDirectory Deployment of web application directory [/Users/irfansyakir/Documents/Bahoot/apache-tomcat-10.1.5/webapps/host-manager] has finished in [119] ms
23-Mar-2023 12:28:38.538 INFO [main] org.apache.catalina.startup.HostConfig.deployDirectory Deploying web application directory [/Users/irfansyakir/Documents/Bahoot/apache-tomcat-10.1.5/webapps/Bahoot]
23-Mar-2023 12:28:38.656 INFO [main] org.apache.jasper.servlet.TldScanner.scanJars At least one JAR was scanned for TLDs yet contained no TLDs. Enable debug logging for this logger for a complete list of JARs that were scanned but no TLDs were found in them. Skipping unneeded JARs during scanning can improve startup time and JSP compilation time.
23-Mar-2023 12:28:38.660 INFO [main] org.apache.catalina.startup.HostConfig.deployDirectory Deployment of web application directory [/Users/irfansyakir/Documents/Bahoot/apache-tomcat-10.1.5/webapps/Bahoot] has finished in [122] ms
23-Mar-2023 12:28:38.660 INFO [main] org.apache.coyote.AbstractProtocol.start Starting ProtocolHandler ["http-nio-9999"]
23-Mar-2023 12:28:38.666 INFO [main] org.apache.catalina.startup.Catalina.start Server startup in [1035] milliseconds
