25-Feb-2023 13:01:35.573 INFO [main] org.apache.catalina.startup.VersionLoggerListener.log Server version name:   Apache Tomcat/10.1.5
25-Feb-2023 13:01:35.580 INFO [main] org.apache.catalina.startup.VersionLoggerListener.log Server built:          Jan 9 2023 19:52:50 UTC
25-Feb-2023 13:01:35.580 INFO [main] org.apache.catalina.startup.VersionLoggerListener.log Server version number: 10.1.5.0
25-Feb-2023 13:01:35.580 INFO [main] org.apache.catalina.startup.VersionLoggerListener.log OS Name:               Mac OS X
25-Feb-2023 13:01:35.581 INFO [main] org.apache.catalina.startup.VersionLoggerListener.log OS Version:            12.5
25-Feb-2023 13:01:35.581 INFO [main] org.apache.catalina.startup.VersionLoggerListener.log Architecture:          x86_64
25-Feb-2023 13:01:35.581 INFO [main] org.apache.catalina.startup.VersionLoggerListener.log Java Home:             /Library/Java/JavaVirtualMachines/temurin-17.jdk/Contents/Home
25-Feb-2023 13:01:35.581 INFO [main] org.apache.catalina.startup.VersionLoggerListener.log JVM Version:           17.0.5+8
25-Feb-2023 13:01:35.581 INFO [main] org.apache.catalina.startup.VersionLoggerListener.log JVM Vendor:            Eclipse Adoptium
25-Feb-2023 13:01:35.581 INFO [main] org.apache.catalina.startup.VersionLoggerListener.log CATALINA_BASE:         /Users/nghsinkai/Library/Mobile Documents/com~apple~CloudDocs/NTU/Y2S2/OOP/OldEgg/apache-tomcat-10.1.5
25-Feb-2023 13:01:35.582 INFO [main] org.apache.catalina.startup.VersionLoggerListener.log CATALINA_HOME:         /Users/nghsinkai/Library/Mobile Documents/com~apple~CloudDocs/NTU/Y2S2/OOP/OldEgg/apache-tomcat-10.1.5
25-Feb-2023 13:01:35.652 INFO [main] org.apache.catalina.startup.VersionLoggerListener.log Command line argument: -Djava.util.logging.config.file=/Users/nghsinkai/Library/Mobile Documents/com~apple~CloudDocs/NTU/Y2S2/OOP/OldEgg/apache-tomcat-10.1.5/conf/logging.properties
25-Feb-2023 13:01:35.652 INFO [main] org.apache.catalina.startup.VersionLoggerListener.log Command line argument: -Djava.util.logging.manager=org.apache.juli.ClassLoaderLogManager
25-Feb-2023 13:01:35.653 INFO [main] org.apache.catalina.startup.VersionLoggerListener.log Command line argument: -Djdk.tls.ephemeralDHKeySize=2048
25-Feb-2023 13:01:35.653 INFO [main] org.apache.catalina.startup.VersionLoggerListener.log Command line argument: -Djava.protocol.handler.pkgs=org.apache.catalina.webresources
25-Feb-2023 13:01:35.653 INFO [main] org.apache.catalina.startup.VersionLoggerListener.log Command line argument: -Dorg.apache.catalina.security.SecurityListener.UMASK=0027
25-Feb-2023 13:01:35.653 INFO [main] org.apache.catalina.startup.VersionLoggerListener.log Command line argument: --add-opens=java.base/java.lang=ALL-UNNAMED
25-Feb-2023 13:01:35.653 INFO [main] org.apache.catalina.startup.VersionLoggerListener.log Command line argument: --add-opens=java.base/java.io=ALL-UNNAMED
25-Feb-2023 13:01:35.653 INFO [main] org.apache.catalina.startup.VersionLoggerListener.log Command line argument: --add-opens=java.base/java.util=ALL-UNNAMED
25-Feb-2023 13:01:35.653 INFO [main] org.apache.catalina.startup.VersionLoggerListener.log Command line argument: --add-opens=java.base/java.util.concurrent=ALL-UNNAMED
25-Feb-2023 13:01:35.654 INFO [main] org.apache.catalina.startup.VersionLoggerListener.log Command line argument: --add-opens=java.rmi/sun.rmi.transport=ALL-UNNAMED
25-Feb-2023 13:01:35.654 INFO [main] org.apache.catalina.startup.VersionLoggerListener.log Command line argument: -Dcatalina.base=/Users/nghsinkai/Library/Mobile Documents/com~apple~CloudDocs/NTU/Y2S2/OOP/OldEgg/apache-tomcat-10.1.5
25-Feb-2023 13:01:35.654 INFO [main] org.apache.catalina.startup.VersionLoggerListener.log Command line argument: -Dcatalina.home=/Users/nghsinkai/Library/Mobile Documents/com~apple~CloudDocs/NTU/Y2S2/OOP/OldEgg/apache-tomcat-10.1.5
25-Feb-2023 13:01:35.654 INFO [main] org.apache.catalina.startup.VersionLoggerListener.log Command line argument: -Djava.io.tmpdir=/Users/nghsinkai/Library/Mobile Documents/com~apple~CloudDocs/NTU/Y2S2/OOP/OldEgg/apache-tomcat-10.1.5/temp
25-Feb-2023 13:01:35.665 INFO [main] org.apache.catalina.core.AprLifecycleListener.lifecycleEvent The Apache Tomcat Native library which allows using OpenSSL was not found on the java.library.path: [/Users/nghsinkai/Library/Java/Extensions:/Library/Java/Extensions:/Network/Library/Java/Extensions:/System/Library/Java/Extensions:/usr/lib/java:.]
25-Feb-2023 13:01:36.033 INFO [main] org.apache.coyote.AbstractProtocol.init Initializing ProtocolHandler ["http-nio-9999"]
25-Feb-2023 13:01:36.104 INFO [main] org.apache.catalina.startup.Catalina.load Server initialization in [811] milliseconds
25-Feb-2023 13:01:36.186 INFO [main] org.apache.catalina.core.StandardService.startInternal Starting service [Catalina]
25-Feb-2023 13:01:36.186 INFO [main] org.apache.catalina.core.StandardEngine.startInternal Starting Servlet engine: [Apache Tomcat/10.1.5]
25-Feb-2023 13:01:36.204 INFO [main] org.apache.catalina.startup.HostConfig.deployDirectory Deploying web application directory [/Users/nghsinkai/Library/Mobile Documents/com~apple~CloudDocs/NTU/Y2S2/OOP/OldEgg/apache-tomcat-10.1.5/webapps/OldEgg]
25-Feb-2023 13:01:37.175 INFO [main] org.apache.jasper.servlet.TldScanner.scanJars At least one JAR was scanned for TLDs yet contained no TLDs. Enable debug logging for this logger for a complete list of JARs that were scanned but no TLDs were found in them. Skipping unneeded JARs during scanning can improve startup time and JSP compilation time.
25-Feb-2023 13:01:37.237 INFO [main] org.apache.catalina.startup.HostConfig.deployDirectory Deployment of web application directory [/Users/nghsinkai/Library/Mobile Documents/com~apple~CloudDocs/NTU/Y2S2/OOP/OldEgg/apache-tomcat-10.1.5/webapps/OldEgg] has finished in [1,032] ms
25-Feb-2023 13:01:37.237 INFO [main] org.apache.catalina.startup.HostConfig.deployDirectory Deploying web application directory [/Users/nghsinkai/Library/Mobile Documents/com~apple~CloudDocs/NTU/Y2S2/OOP/OldEgg/apache-tomcat-10.1.5/webapps/docs]
25-Feb-2023 13:01:37.832 INFO [main] org.apache.jasper.servlet.TldScanner.scanJars At least one JAR was scanned for TLDs yet contained no TLDs. Enable debug logging for this logger for a complete list of JARs that were scanned but no TLDs were found in them. Skipping unneeded JARs during scanning can improve startup time and JSP compilation time.
25-Feb-2023 13:01:37.835 INFO [main] org.apache.catalina.startup.HostConfig.deployDirectory Deployment of web application directory [/Users/nghsinkai/Library/Mobile Documents/com~apple~CloudDocs/NTU/Y2S2/OOP/OldEgg/apache-tomcat-10.1.5/webapps/docs] has finished in [598] ms
25-Feb-2023 13:01:37.835 INFO [main] org.apache.catalina.startup.HostConfig.deployDirectory Deploying web application directory [/Users/nghsinkai/Library/Mobile Documents/com~apple~CloudDocs/NTU/Y2S2/OOP/OldEgg/apache-tomcat-10.1.5/webapps/manager]
25-Feb-2023 13:01:38.231 INFO [main] org.apache.jasper.servlet.TldScanner.scanJars At least one JAR was scanned for TLDs yet contained no TLDs. Enable debug logging for this logger for a complete list of JARs that were scanned but no TLDs were found in them. Skipping unneeded JARs during scanning can improve startup time and JSP compilation time.
25-Feb-2023 13:01:38.239 INFO [main] org.apache.catalina.startup.HostConfig.deployDirectory Deployment of web application directory [/Users/nghsinkai/Library/Mobile Documents/com~apple~CloudDocs/NTU/Y2S2/OOP/OldEgg/apache-tomcat-10.1.5/webapps/manager] has finished in [404] ms
25-Feb-2023 13:01:38.240 INFO [main] org.apache.catalina.startup.HostConfig.deployDirectory Deploying web application directory [/Users/nghsinkai/Library/Mobile Documents/com~apple~CloudDocs/NTU/Y2S2/OOP/OldEgg/apache-tomcat-10.1.5/webapps/examples]
25-Feb-2023 13:01:38.841 INFO [main] org.apache.jasper.servlet.TldScanner.scanJars At least one JAR was scanned for TLDs yet contained no TLDs. Enable debug logging for this logger for a complete list of JARs that were scanned but no TLDs were found in them. Skipping unneeded JARs during scanning can improve startup time and JSP compilation time.
25-Feb-2023 13:01:38.883 INFO [main] org.apache.catalina.startup.HostConfig.deployDirectory Deployment of web application directory [/Users/nghsinkai/Library/Mobile Documents/com~apple~CloudDocs/NTU/Y2S2/OOP/OldEgg/apache-tomcat-10.1.5/webapps/examples] has finished in [643] ms
25-Feb-2023 13:01:38.884 INFO [main] org.apache.catalina.startup.HostConfig.deployDirectory Deploying web application directory [/Users/nghsinkai/Library/Mobile Documents/com~apple~CloudDocs/NTU/Y2S2/OOP/OldEgg/apache-tomcat-10.1.5/webapps/ROOT]
25-Feb-2023 13:01:39.416 INFO [main] org.apache.jasper.servlet.TldScanner.scanJars At least one JAR was scanned for TLDs yet contained no TLDs. Enable debug logging for this logger for a complete list of JARs that were scanned but no TLDs were found in them. Skipping unneeded JARs during scanning can improve startup time and JSP compilation time.
25-Feb-2023 13:01:39.420 INFO [main] org.apache.catalina.startup.HostConfig.deployDirectory Deployment of web application directory [/Users/nghsinkai/Library/Mobile Documents/com~apple~CloudDocs/NTU/Y2S2/OOP/OldEgg/apache-tomcat-10.1.5/webapps/ROOT] has finished in [535] ms
25-Feb-2023 13:01:39.420 INFO [main] org.apache.catalina.startup.HostConfig.deployDirectory Deploying web application directory [/Users/nghsinkai/Library/Mobile Documents/com~apple~CloudDocs/NTU/Y2S2/OOP/OldEgg/apache-tomcat-10.1.5/webapps/host-manager]
25-Feb-2023 13:01:39.955 INFO [main] org.apache.jasper.servlet.TldScanner.scanJars At least one JAR was scanned for TLDs yet contained no TLDs. Enable debug logging for this logger for a complete list of JARs that were scanned but no TLDs were found in them. Skipping unneeded JARs during scanning can improve startup time and JSP compilation time.
25-Feb-2023 13:01:39.959 INFO [main] org.apache.catalina.startup.HostConfig.deployDirectory Deployment of web application directory [/Users/nghsinkai/Library/Mobile Documents/com~apple~CloudDocs/NTU/Y2S2/OOP/OldEgg/apache-tomcat-10.1.5/webapps/host-manager] has finished in [538] ms
25-Feb-2023 13:01:39.962 INFO [main] org.apache.coyote.AbstractProtocol.start Starting ProtocolHandler ["http-nio-9999"]
25-Feb-2023 13:01:39.980 INFO [main] org.apache.catalina.startup.Catalina.start Server startup in [3875] milliseconds
25-Feb-2023 13:01:59.987 INFO [Catalina-utility-2] org.apache.catalina.startup.HostConfig.deployDirectory Deploying web application directory [/Users/nghsinkai/Library/Mobile Documents/com~apple~CloudDocs/NTU/Y2S2/OOP/OldEgg/apache-tomcat-10.1.5/webapps/oldegg]
25-Feb-2023 13:02:00.038 INFO [Thread-1] org.apache.coyote.AbstractProtocol.pause Pausing ProtocolHandler ["http-nio-9999"]
25-Feb-2023 13:02:00.048 INFO [Thread-1] org.apache.catalina.core.StandardService.stopInternal Stopping service [Catalina]
25-Feb-2023 13:02:00.049 SEVERE [Catalina-utility-2] org.apache.catalina.startup.HostConfig.deployDirectory Error deploying web application directory [/Users/nghsinkai/Library/Mobile Documents/com~apple~CloudDocs/NTU/Y2S2/OOP/OldEgg/apache-tomcat-10.1.5/webapps/oldegg]
	java.lang.IllegalStateException: Error starting child
		at org.apache.catalina.core.ContainerBase.addChildInternal(ContainerBase.java:729)
		at org.apache.catalina.core.ContainerBase.addChild(ContainerBase.java:698)
		at org.apache.catalina.core.StandardHost.addChild(StandardHost.java:747)
		at org.apache.catalina.startup.HostConfig.deployDirectory(HostConfig.java:1136)
		at org.apache.catalina.startup.HostConfig$DeployDirectory.run(HostConfig.java:1971)
		at java.base/java.util.concurrent.Executors$RunnableAdapter.call(Executors.java:539)
		at java.base/java.util.concurrent.FutureTask.run(FutureTask.java:264)
		at org.apache.tomcat.util.threads.InlineExecutorService.execute(InlineExecutorService.java:75)
		at java.base/java.util.concurrent.AbstractExecutorService.submit(AbstractExecutorService.java:123)
		at org.apache.catalina.startup.HostConfig.deployDirectories(HostConfig.java:1046)
		at org.apache.catalina.startup.HostConfig.deployApps(HostConfig.java:428)
		at org.apache.catalina.startup.HostConfig.check(HostConfig.java:1705)
		at org.apache.catalina.startup.HostConfig.lifecycleEvent(HostConfig.java:305)
		at org.apache.catalina.util.LifecycleBase.fireLifecycleEvent(LifecycleBase.java:123)
		at org.apache.catalina.core.ContainerBase.backgroundProcess(ContainerBase.java:1159)
		at org.apache.catalina.core.ContainerBase$ContainerBackgroundProcessor.processChildren(ContainerBase.java:1362)
		at org.apache.catalina.core.ContainerBase$ContainerBackgroundProcessor.processChildren(ContainerBase.java:1366)
		at org.apache.catalina.core.ContainerBase$ContainerBackgroundProcessor.run(ContainerBase.java:1344)
		at java.base/java.util.concurrent.Executors$RunnableAdapter.call(Executors.java:539)
		at java.base/java.util.concurrent.FutureTask.runAndReset(FutureTask.java:305)
		at java.base/java.util.concurrent.ScheduledThreadPoolExecutor$ScheduledFutureTask.run(ScheduledThreadPoolExecutor.java:305)
		at java.base/java.util.concurrent.ThreadPoolExecutor.runWorker(ThreadPoolExecutor.java:1136)
		at java.base/java.util.concurrent.ThreadPoolExecutor$Worker.run(ThreadPoolExecutor.java:635)
		at org.apache.tomcat.util.threads.TaskThread$WrappingRunnable.run(TaskThread.java:61)
		at java.base/java.lang.Thread.run(Thread.java:833)
	Caused by: org.apache.catalina.LifecycleException: Failed to start component [StandardEngine[Catalina].StandardHost[localhost].StandardContext[/oldegg]]
		at org.apache.catalina.util.LifecycleBase.handleSubClassException(LifecycleBase.java:440)
		at org.apache.catalina.util.LifecycleBase.start(LifecycleBase.java:198)
		at org.apache.catalina.core.ContainerBase.addChildInternal(ContainerBase.java:726)
		... 24 more
	Caused by: java.lang.RuntimeException: Parallel execution failed
		at org.apache.catalina.startup.ContextConfig.processAnnotationsInParallel(ContextConfig.java:2212)
		at org.apache.catalina.startup.ContextConfig.processAnnotations(ContextConfig.java:2137)
		at org.apache.catalina.startup.ContextConfig.processClasses(ContextConfig.java:1409)
		at org.apache.catalina.startup.ContextConfig.webConfig(ContextConfig.java:1304)
		at org.apache.catalina.startup.ContextConfig.configureStart(ContextConfig.java:987)
		at org.apache.catalina.startup.ContextConfig.lifecycleEvent(ContextConfig.java:304)
		at org.apache.catalina.util.LifecycleBase.fireLifecycleEvent(LifecycleBase.java:123)
		at org.apache.catalina.core.StandardContext.startInternal(StandardContext.java:5060)
		at org.apache.catalina.util.LifecycleBase.start(LifecycleBase.java:183)
		... 25 more
	Caused by: java.lang.InterruptedException
		at java.base/java.util.concurrent.FutureTask.awaitDone(FutureTask.java:418)
		at java.base/java.util.concurrent.FutureTask.get(FutureTask.java:190)
		at org.apache.catalina.startup.ContextConfig.processAnnotationsInParallel(ContextConfig.java:2209)
		... 33 more
25-Feb-2023 13:02:00.053 INFO [Catalina-utility-2] org.apache.catalina.startup.HostConfig.deployDirectory Deployment of web application directory [/Users/nghsinkai/Library/Mobile Documents/com~apple~CloudDocs/NTU/Y2S2/OOP/OldEgg/apache-tomcat-10.1.5/webapps/oldegg] has finished in [66] ms
25-Feb-2023 13:02:00.097 INFO [Thread-1] org.apache.coyote.AbstractProtocol.stop Stopping ProtocolHandler ["http-nio-9999"]
25-Feb-2023 13:02:00.109 INFO [Thread-1] org.apache.coyote.AbstractProtocol.destroy Destroying ProtocolHandler ["http-nio-9999"]
25-Feb-2023 13:02:02.001 INFO [main] org.apache.catalina.startup.VersionLoggerListener.log Server version name:   Apache Tomcat/10.1.5
25-Feb-2023 13:02:02.008 INFO [main] org.apache.catalina.startup.VersionLoggerListener.log Server built:          Jan 9 2023 19:52:50 UTC
25-Feb-2023 13:02:02.008 INFO [main] org.apache.catalina.startup.VersionLoggerListener.log Server version number: 10.1.5.0
25-Feb-2023 13:02:02.008 INFO [main] org.apache.catalina.startup.VersionLoggerListener.log OS Name:               Mac OS X
25-Feb-2023 13:02:02.008 INFO [main] org.apache.catalina.startup.VersionLoggerListener.log OS Version:            12.5
25-Feb-2023 13:02:02.009 INFO [main] org.apache.catalina.startup.VersionLoggerListener.log Architecture:          x86_64
25-Feb-2023 13:02:02.009 INFO [main] org.apache.catalina.startup.VersionLoggerListener.log Java Home:             /Library/Java/JavaVirtualMachines/temurin-17.jdk/Contents/Home
25-Feb-2023 13:02:02.009 INFO [main] org.apache.catalina.startup.VersionLoggerListener.log JVM Version:           17.0.5+8
25-Feb-2023 13:02:02.009 INFO [main] org.apache.catalina.startup.VersionLoggerListener.log JVM Vendor:            Eclipse Adoptium
25-Feb-2023 13:02:02.009 INFO [main] org.apache.catalina.startup.VersionLoggerListener.log CATALINA_BASE:         /Users/nghsinkai/Library/Mobile Documents/com~apple~CloudDocs/NTU/Y2S2/OOP/OldEgg/apache-tomcat-10.1.5
25-Feb-2023 13:02:02.009 INFO [main] org.apache.catalina.startup.VersionLoggerListener.log CATALINA_HOME:         /Users/nghsinkai/Library/Mobile Documents/com~apple~CloudDocs/NTU/Y2S2/OOP/OldEgg/apache-tomcat-10.1.5
25-Feb-2023 13:02:02.021 INFO [main] org.apache.catalina.startup.VersionLoggerListener.log Command line argument: -Djava.util.logging.config.file=/Users/nghsinkai/Library/Mobile Documents/com~apple~CloudDocs/NTU/Y2S2/OOP/OldEgg/apache-tomcat-10.1.5/conf/logging.properties
25-Feb-2023 13:02:02.021 INFO [main] org.apache.catalina.startup.VersionLoggerListener.log Command line argument: -Djava.util.logging.manager=org.apache.juli.ClassLoaderLogManager
25-Feb-2023 13:02:02.021 INFO [main] org.apache.catalina.startup.VersionLoggerListener.log Command line argument: -Djdk.tls.ephemeralDHKeySize=2048
25-Feb-2023 13:02:02.021 INFO [main] org.apache.catalina.startup.VersionLoggerListener.log Command line argument: -Djava.protocol.handler.pkgs=org.apache.catalina.webresources
25-Feb-2023 13:02:02.022 INFO [main] org.apache.catalina.startup.VersionLoggerListener.log Command line argument: -Dorg.apache.catalina.security.SecurityListener.UMASK=0027
25-Feb-2023 13:02:02.022 INFO [main] org.apache.catalina.startup.VersionLoggerListener.log Command line argument: --add-opens=java.base/java.lang=ALL-UNNAMED
25-Feb-2023 13:02:02.022 INFO [main] org.apache.catalina.startup.VersionLoggerListener.log Command line argument: --add-opens=java.base/java.io=ALL-UNNAMED
25-Feb-2023 13:02:02.022 INFO [main] org.apache.catalina.startup.VersionLoggerListener.log Command line argument: --add-opens=java.base/java.util=ALL-UNNAMED
25-Feb-2023 13:02:02.023 INFO [main] org.apache.catalina.startup.VersionLoggerListener.log Command line argument: --add-opens=java.base/java.util.concurrent=ALL-UNNAMED
25-Feb-2023 13:02:02.023 INFO [main] org.apache.catalina.startup.VersionLoggerListener.log Command line argument: --add-opens=java.rmi/sun.rmi.transport=ALL-UNNAMED
25-Feb-2023 13:02:02.023 INFO [main] org.apache.catalina.startup.VersionLoggerListener.log Command line argument: -Dcatalina.base=/Users/nghsinkai/Library/Mobile Documents/com~apple~CloudDocs/NTU/Y2S2/OOP/OldEgg/apache-tomcat-10.1.5
25-Feb-2023 13:02:02.023 INFO [main] org.apache.catalina.startup.VersionLoggerListener.log Command line argument: -Dcatalina.home=/Users/nghsinkai/Library/Mobile Documents/com~apple~CloudDocs/NTU/Y2S2/OOP/OldEgg/apache-tomcat-10.1.5
25-Feb-2023 13:02:02.023 INFO [main] org.apache.catalina.startup.VersionLoggerListener.log Command line argument: -Djava.io.tmpdir=/Users/nghsinkai/Library/Mobile Documents/com~apple~CloudDocs/NTU/Y2S2/OOP/OldEgg/apache-tomcat-10.1.5/temp
25-Feb-2023 13:02:02.033 INFO [main] org.apache.catalina.core.AprLifecycleListener.lifecycleEvent The Apache Tomcat Native library which allows using OpenSSL was not found on the java.library.path: [/Users/nghsinkai/Library/Java/Extensions:/Library/Java/Extensions:/Network/Library/Java/Extensions:/System/Library/Java/Extensions:/usr/lib/java:.]
25-Feb-2023 13:02:02.387 INFO [main] org.apache.coyote.AbstractProtocol.init Initializing ProtocolHandler ["http-nio-9999"]
25-Feb-2023 13:02:02.420 INFO [main] org.apache.catalina.startup.Catalina.load Server initialization in [649] milliseconds
25-Feb-2023 13:02:02.470 INFO [main] org.apache.catalina.core.StandardService.startInternal Starting service [Catalina]
25-Feb-2023 13:02:02.470 INFO [main] org.apache.catalina.core.StandardEngine.startInternal Starting Servlet engine: [Apache Tomcat/10.1.5]
25-Feb-2023 13:02:02.482 INFO [main] org.apache.catalina.startup.HostConfig.deployDirectory Deploying web application directory [/Users/nghsinkai/Library/Mobile Documents/com~apple~CloudDocs/NTU/Y2S2/OOP/OldEgg/apache-tomcat-10.1.5/webapps/oldegg]
25-Feb-2023 13:02:03.246 INFO [main] org.apache.jasper.servlet.TldScanner.scanJars At least one JAR was scanned for TLDs yet contained no TLDs. Enable debug logging for this logger for a complete list of JARs that were scanned but no TLDs were found in them. Skipping unneeded JARs during scanning can improve startup time and JSP compilation time.
25-Feb-2023 13:02:03.293 INFO [main] org.apache.catalina.startup.HostConfig.deployDirectory Deployment of web application directory [/Users/nghsinkai/Library/Mobile Documents/com~apple~CloudDocs/NTU/Y2S2/OOP/OldEgg/apache-tomcat-10.1.5/webapps/oldegg] has finished in [810] ms
25-Feb-2023 13:02:03.294 INFO [main] org.apache.catalina.startup.HostConfig.deployDirectory Deploying web application directory [/Users/nghsinkai/Library/Mobile Documents/com~apple~CloudDocs/NTU/Y2S2/OOP/OldEgg/apache-tomcat-10.1.5/webapps/docs]
25-Feb-2023 13:02:03.734 INFO [main] org.apache.jasper.servlet.TldScanner.scanJars At least one JAR was scanned for TLDs yet contained no TLDs. Enable debug logging for this logger for a complete list of JARs that were scanned but no TLDs were found in them. Skipping unneeded JARs during scanning can improve startup time and JSP compilation time.
25-Feb-2023 13:02:03.738 INFO [main] org.apache.catalina.startup.HostConfig.deployDirectory Deployment of web application directory [/Users/nghsinkai/Library/Mobile Documents/com~apple~CloudDocs/NTU/Y2S2/OOP/OldEgg/apache-tomcat-10.1.5/webapps/docs] has finished in [445] ms
25-Feb-2023 13:02:03.739 INFO [main] org.apache.catalina.startup.HostConfig.deployDirectory Deploying web application directory [/Users/nghsinkai/Library/Mobile Documents/com~apple~CloudDocs/NTU/Y2S2/OOP/OldEgg/apache-tomcat-10.1.5/webapps/manager]
25-Feb-2023 13:02:04.206 INFO [main] org.apache.jasper.servlet.TldScanner.scanJars At least one JAR was scanned for TLDs yet contained no TLDs. Enable debug logging for this logger for a complete list of JARs that were scanned but no TLDs were found in them. Skipping unneeded JARs during scanning can improve startup time and JSP compilation time.
25-Feb-2023 13:02:04.216 INFO [main] org.apache.catalina.startup.HostConfig.deployDirectory Deployment of web application directory [/Users/nghsinkai/Library/Mobile Documents/com~apple~CloudDocs/NTU/Y2S2/OOP/OldEgg/apache-tomcat-10.1.5/webapps/manager] has finished in [476] ms
25-Feb-2023 13:02:04.216 INFO [main] org.apache.catalina.startup.HostConfig.deployDirectory Deploying web application directory [/Users/nghsinkai/Library/Mobile Documents/com~apple~CloudDocs/NTU/Y2S2/OOP/OldEgg/apache-tomcat-10.1.5/webapps/examples]
25-Feb-2023 13:02:04.896 INFO [main] org.apache.jasper.servlet.TldScanner.scanJars At least one JAR was scanned for TLDs yet contained no TLDs. Enable debug logging for this logger for a complete list of JARs that were scanned but no TLDs were found in them. Skipping unneeded JARs during scanning can improve startup time and JSP compilation time.
25-Feb-2023 13:02:04.925 INFO [main] org.apache.catalina.startup.HostConfig.deployDirectory Deployment of web application directory [/Users/nghsinkai/Library/Mobile Documents/com~apple~CloudDocs/NTU/Y2S2/OOP/OldEgg/apache-tomcat-10.1.5/webapps/examples] has finished in [709] ms
25-Feb-2023 13:02:04.925 INFO [main] org.apache.catalina.startup.HostConfig.deployDirectory Deploying web application directory [/Users/nghsinkai/Library/Mobile Documents/com~apple~CloudDocs/NTU/Y2S2/OOP/OldEgg/apache-tomcat-10.1.5/webapps/ROOT]
25-Feb-2023 13:02:05.447 INFO [main] org.apache.jasper.servlet.TldScanner.scanJars At least one JAR was scanned for TLDs yet contained no TLDs. Enable debug logging for this logger for a complete list of JARs that were scanned but no TLDs were found in them. Skipping unneeded JARs during scanning can improve startup time and JSP compilation time.
25-Feb-2023 13:02:05.450 INFO [main] org.apache.catalina.startup.HostConfig.deployDirectory Deployment of web application directory [/Users/nghsinkai/Library/Mobile Documents/com~apple~CloudDocs/NTU/Y2S2/OOP/OldEgg/apache-tomcat-10.1.5/webapps/ROOT] has finished in [525] ms
25-Feb-2023 13:02:05.450 INFO [main] org.apache.catalina.startup.HostConfig.deployDirectory Deploying web application directory [/Users/nghsinkai/Library/Mobile Documents/com~apple~CloudDocs/NTU/Y2S2/OOP/OldEgg/apache-tomcat-10.1.5/webapps/host-manager]
25-Feb-2023 13:02:05.827 INFO [main] org.apache.jasper.servlet.TldScanner.scanJars At least one JAR was scanned for TLDs yet contained no TLDs. Enable debug logging for this logger for a complete list of JARs that were scanned but no TLDs were found in them. Skipping unneeded JARs during scanning can improve startup time and JSP compilation time.
25-Feb-2023 13:02:05.830 INFO [main] org.apache.catalina.startup.HostConfig.deployDirectory Deployment of web application directory [/Users/nghsinkai/Library/Mobile Documents/com~apple~CloudDocs/NTU/Y2S2/OOP/OldEgg/apache-tomcat-10.1.5/webapps/host-manager] has finished in [380] ms
25-Feb-2023 13:02:05.832 INFO [main] org.apache.coyote.AbstractProtocol.start Starting ProtocolHandler ["http-nio-9999"]
25-Feb-2023 13:02:05.851 INFO [main] org.apache.catalina.startup.Catalina.start Server startup in [3430] milliseconds
