06-Apr-2023 09:33:46.718 INFO [main] org.apache.catalina.startup.VersionLoggerListener.log Server version name:   Apache Tomcat/10.1.5
06-Apr-2023 09:33:46.720 INFO [main] org.apache.catalina.startup.VersionLoggerListener.log Server built:          Jan 9 2023 19:52:50 UTC
06-Apr-2023 09:33:46.720 INFO [main] org.apache.catalina.startup.VersionLoggerListener.log Server version number: 10.1.5.0
06-Apr-2023 09:33:46.720 INFO [main] org.apache.catalina.startup.VersionLoggerListener.log OS Name:               Mac OS X
06-Apr-2023 09:33:46.720 INFO [main] org.apache.catalina.startup.VersionLoggerListener.log OS Version:            13.3
06-Apr-2023 09:33:46.720 INFO [main] org.apache.catalina.startup.VersionLoggerListener.log Architecture:          aarch64
06-Apr-2023 09:33:46.720 INFO [main] org.apache.catalina.startup.VersionLoggerListener.log Java Home:             /Library/Java/JavaVirtualMachines/jdk-19.jdk/Contents/Home
06-Apr-2023 09:33:46.721 INFO [main] org.apache.catalina.startup.VersionLoggerListener.log JVM Version:           19.0.2+7-44
06-Apr-2023 09:33:46.721 INFO [main] org.apache.catalina.startup.VersionLoggerListener.log JVM Vendor:            Oracle Corporation
06-Apr-2023 09:33:46.721 INFO [main] org.apache.catalina.startup.VersionLoggerListener.log CATALINA_BASE:         /Users/irfansyakir/Documents/Bahoot/apache-tomcat-10.1.5
06-Apr-2023 09:33:46.721 INFO [main] org.apache.catalina.startup.VersionLoggerListener.log CATALINA_HOME:         /Users/irfansyakir/Documents/Bahoot/apache-tomcat-10.1.5
06-Apr-2023 09:33:46.765 INFO [main] org.apache.catalina.startup.VersionLoggerListener.log Command line argument: -Djava.util.logging.config.file=/Users/irfansyakir/Documents/Bahoot/apache-tomcat-10.1.5/conf/logging.properties
06-Apr-2023 09:33:46.765 INFO [main] org.apache.catalina.startup.VersionLoggerListener.log Command line argument: -Djava.util.logging.manager=org.apache.juli.ClassLoaderLogManager
06-Apr-2023 09:33:46.765 INFO [main] org.apache.catalina.startup.VersionLoggerListener.log Command line argument: -Djdk.tls.ephemeralDHKeySize=2048
06-Apr-2023 09:33:46.765 INFO [main] org.apache.catalina.startup.VersionLoggerListener.log Command line argument: -Djava.protocol.handler.pkgs=org.apache.catalina.webresources
06-Apr-2023 09:33:46.765 INFO [main] org.apache.catalina.startup.VersionLoggerListener.log Command line argument: -Dorg.apache.catalina.security.SecurityListener.UMASK=0027
06-Apr-2023 09:33:46.765 INFO [main] org.apache.catalina.startup.VersionLoggerListener.log Command line argument: --add-opens=java.base/java.lang=ALL-UNNAMED
06-Apr-2023 09:33:46.765 INFO [main] org.apache.catalina.startup.VersionLoggerListener.log Command line argument: --add-opens=java.base/java.io=ALL-UNNAMED
06-Apr-2023 09:33:46.765 INFO [main] org.apache.catalina.startup.VersionLoggerListener.log Command line argument: --add-opens=java.base/java.util=ALL-UNNAMED
06-Apr-2023 09:33:46.765 INFO [main] org.apache.catalina.startup.VersionLoggerListener.log Command line argument: --add-opens=java.base/java.util.concurrent=ALL-UNNAMED
06-Apr-2023 09:33:46.765 INFO [main] org.apache.catalina.startup.VersionLoggerListener.log Command line argument: --add-opens=java.rmi/sun.rmi.transport=ALL-UNNAMED
06-Apr-2023 09:33:46.765 INFO [main] org.apache.catalina.startup.VersionLoggerListener.log Command line argument: -Dcatalina.base=/Users/irfansyakir/Documents/Bahoot/apache-tomcat-10.1.5
06-Apr-2023 09:33:46.765 INFO [main] org.apache.catalina.startup.VersionLoggerListener.log Command line argument: -Dcatalina.home=/Users/irfansyakir/Documents/Bahoot/apache-tomcat-10.1.5
06-Apr-2023 09:33:46.765 INFO [main] org.apache.catalina.startup.VersionLoggerListener.log Command line argument: -Djava.io.tmpdir=/Users/irfansyakir/Documents/Bahoot/apache-tomcat-10.1.5/temp
06-Apr-2023 09:33:46.770 INFO [main] org.apache.catalina.core.AprLifecycleListener.lifecycleEvent The Apache Tomcat Native library which allows using OpenSSL was not found on the java.library.path: [/Users/irfansyakir/Library/Java/Extensions:/Library/Java/Extensions:/Network/Library/Java/Extensions:/System/Library/Java/Extensions:/usr/lib/java:.]
06-Apr-2023 09:33:46.940 INFO [main] org.apache.coyote.AbstractProtocol.init Initializing ProtocolHandler ["http-nio-0.0.0.0-9999"]
06-Apr-2023 09:33:46.977 INFO [main] org.apache.catalina.startup.Catalina.load Server initialization in [354] milliseconds
06-Apr-2023 09:33:46.995 INFO [main] org.apache.catalina.core.StandardService.startInternal Starting service [Catalina]
06-Apr-2023 09:33:46.995 INFO [main] org.apache.catalina.core.StandardEngine.startInternal Starting Servlet engine: [Apache Tomcat/10.1.5]
06-Apr-2023 09:33:46.999 INFO [main] org.apache.catalina.startup.HostConfig.deployDirectory Deploying web application directory [/Users/irfansyakir/Documents/Bahoot/apache-tomcat-10.1.5/webapps/docs]
06-Apr-2023 09:33:47.284 INFO [main] org.apache.jasper.servlet.TldScanner.scanJars At least one JAR was scanned for TLDs yet contained no TLDs. Enable debug logging for this logger for a complete list of JARs that were scanned but no TLDs were found in them. Skipping unneeded JARs during scanning can improve startup time and JSP compilation time.
06-Apr-2023 09:33:47.303 INFO [main] org.apache.catalina.startup.HostConfig.deployDirectory Deployment of web application directory [/Users/irfansyakir/Documents/Bahoot/apache-tomcat-10.1.5/webapps/docs] has finished in [304] ms
06-Apr-2023 09:33:47.304 INFO [main] org.apache.catalina.startup.HostConfig.deployDirectory Deploying web application directory [/Users/irfansyakir/Documents/Bahoot/apache-tomcat-10.1.5/webapps/manager]
06-Apr-2023 09:33:47.441 INFO [main] org.apache.jasper.servlet.TldScanner.scanJars At least one JAR was scanned for TLDs yet contained no TLDs. Enable debug logging for this logger for a complete list of JARs that were scanned but no TLDs were found in them. Skipping unneeded JARs during scanning can improve startup time and JSP compilation time.
06-Apr-2023 09:33:47.445 INFO [main] org.apache.catalina.startup.HostConfig.deployDirectory Deployment of web application directory [/Users/irfansyakir/Documents/Bahoot/apache-tomcat-10.1.5/webapps/manager] has finished in [141] ms
06-Apr-2023 09:33:47.445 INFO [main] org.apache.catalina.startup.HostConfig.deployDirectory Deploying web application directory [/Users/irfansyakir/Documents/Bahoot/apache-tomcat-10.1.5/webapps/examples]
06-Apr-2023 09:33:47.654 INFO [main] org.apache.jasper.servlet.TldScanner.scanJars At least one JAR was scanned for TLDs yet contained no TLDs. Enable debug logging for this logger for a complete list of JARs that were scanned but no TLDs were found in them. Skipping unneeded JARs during scanning can improve startup time and JSP compilation time.
06-Apr-2023 09:33:47.662 INFO [main] org.apache.catalina.startup.HostConfig.deployDirectory Deployment of web application directory [/Users/irfansyakir/Documents/Bahoot/apache-tomcat-10.1.5/webapps/examples] has finished in [217] ms
06-Apr-2023 09:33:47.663 INFO [main] org.apache.catalina.startup.HostConfig.deployDirectory Deploying web application directory [/Users/irfansyakir/Documents/Bahoot/apache-tomcat-10.1.5/webapps/ROOT]
06-Apr-2023 09:33:47.787 INFO [main] org.apache.jasper.servlet.TldScanner.scanJars At least one JAR was scanned for TLDs yet contained no TLDs. Enable debug logging for this logger for a complete list of JARs that were scanned but no TLDs were found in them. Skipping unneeded JARs during scanning can improve startup time and JSP compilation time.
06-Apr-2023 09:33:47.787 INFO [main] org.apache.catalina.startup.HostConfig.deployDirectory Deployment of web application directory [/Users/irfansyakir/Documents/Bahoot/apache-tomcat-10.1.5/webapps/ROOT] has finished in [125] ms
06-Apr-2023 09:33:47.788 INFO [main] org.apache.catalina.startup.HostConfig.deployDirectory Deploying web application directory [/Users/irfansyakir/Documents/Bahoot/apache-tomcat-10.1.5/webapps/host-manager]
06-Apr-2023 09:33:47.909 INFO [main] org.apache.jasper.servlet.TldScanner.scanJars At least one JAR was scanned for TLDs yet contained no TLDs. Enable debug logging for this logger for a complete list of JARs that were scanned but no TLDs were found in them. Skipping unneeded JARs during scanning can improve startup time and JSP compilation time.
06-Apr-2023 09:33:47.910 INFO [main] org.apache.catalina.startup.HostConfig.deployDirectory Deployment of web application directory [/Users/irfansyakir/Documents/Bahoot/apache-tomcat-10.1.5/webapps/host-manager] has finished in [122] ms
06-Apr-2023 09:33:47.910 INFO [main] org.apache.catalina.startup.HostConfig.deployDirectory Deploying web application directory [/Users/irfansyakir/Documents/Bahoot/apache-tomcat-10.1.5/webapps/Bahoot]
06-Apr-2023 09:33:48.038 INFO [main] org.apache.jasper.servlet.TldScanner.scanJars At least one JAR was scanned for TLDs yet contained no TLDs. Enable debug logging for this logger for a complete list of JARs that were scanned but no TLDs were found in them. Skipping unneeded JARs during scanning can improve startup time and JSP compilation time.
06-Apr-2023 09:33:48.041 INFO [main] org.apache.catalina.startup.HostConfig.deployDirectory Deployment of web application directory [/Users/irfansyakir/Documents/Bahoot/apache-tomcat-10.1.5/webapps/Bahoot] has finished in [131] ms
06-Apr-2023 09:33:48.042 INFO [main] org.apache.coyote.AbstractProtocol.start Starting ProtocolHandler ["http-nio-0.0.0.0-9999"]
06-Apr-2023 09:33:48.048 INFO [main] org.apache.catalina.startup.Catalina.start Server startup in [1070] milliseconds
06-Apr-2023 09:48:17.119 INFO [Thread-1] org.apache.coyote.AbstractProtocol.pause Pausing ProtocolHandler ["http-nio-0.0.0.0-9999"]
06-Apr-2023 09:48:17.129 INFO [Thread-1] org.apache.catalina.core.StandardService.stopInternal Stopping service [Catalina]
06-Apr-2023 09:48:17.153 INFO [Thread-1] org.apache.coyote.AbstractProtocol.stop Stopping ProtocolHandler ["http-nio-0.0.0.0-9999"]
06-Apr-2023 09:48:17.169 INFO [Thread-1] org.apache.coyote.AbstractProtocol.destroy Destroying ProtocolHandler ["http-nio-0.0.0.0-9999"]
