16-Feb-2023 10:01:06.729 INFO [main] org.apache.catalina.core.ApplicationContext.log ContextListener: contextInitialized()
16-Feb-2023 10:01:06.729 INFO [main] org.apache.catalina.core.ApplicationContext.log SessionListener: contextInitialized()
16-Feb-2023 10:01:06.731 INFO [main] org.apache.catalina.core.ApplicationContext.log ContextListener: attributeAdded('StockTicker', 'async.Stockticker@1c7fd41f')
16-Feb-2023 10:01:38.511 INFO [Thread-1] org.apache.catalina.core.ApplicationContext.log SessionListener: contextDestroyed()
16-Feb-2023 10:01:38.511 INFO [Thread-1] org.apache.catalina.core.ApplicationContext.log ContextListener: contextDestroyed()
16-Feb-2023 10:01:42.411 INFO [main] org.apache.catalina.core.ApplicationContext.log ContextListener: contextInitialized()
16-Feb-2023 10:01:42.412 INFO [main] org.apache.catalina.core.ApplicationContext.log SessionListener: contextInitialized()
16-Feb-2023 10:01:42.414 INFO [main] org.apache.catalina.core.ApplicationContext.log ContextListener: attributeAdded('StockTicker', 'async.Stockticker@2e11485')
16-Feb-2023 10:03:53.699 INFO [Thread-1] org.apache.catalina.core.ApplicationContext.log SessionListener: contextDestroyed()
16-Feb-2023 10:03:53.699 INFO [Thread-1] org.apache.catalina.core.ApplicationContext.log ContextListener: contextDestroyed()
16-Feb-2023 10:03:57.729 INFO [main] org.apache.catalina.core.ApplicationContext.log ContextListener: contextInitialized()
16-Feb-2023 10:03:57.729 INFO [main] org.apache.catalina.core.ApplicationContext.log SessionListener: contextInitialized()
16-Feb-2023 10:03:57.731 INFO [main] org.apache.catalina.core.ApplicationContext.log ContextListener: attributeAdded('StockTicker', 'async.Stockticker@2e11485')
16-Feb-2023 10:20:27.632 INFO [Thread-1] org.apache.catalina.core.ApplicationContext.log SessionListener: contextDestroyed()
16-Feb-2023 10:20:27.632 INFO [Thread-1] org.apache.catalina.core.ApplicationContext.log ContextListener: contextDestroyed()
16-Feb-2023 10:20:30.352 INFO [main] org.apache.catalina.core.ApplicationContext.log ContextListener: contextInitialized()
16-Feb-2023 10:20:30.352 INFO [main] org.apache.catalina.core.ApplicationContext.log SessionListener: contextInitialized()
16-Feb-2023 10:20:30.354 INFO [main] org.apache.catalina.core.ApplicationContext.log ContextListener: attributeAdded('StockTicker', 'async.Stockticker@3b77a04f')
16-Feb-2023 10:57:52.983 INFO [Thread-1] org.apache.catalina.core.ApplicationContext.log SessionListener: contextDestroyed()
16-Feb-2023 10:57:52.983 INFO [Thread-1] org.apache.catalina.core.ApplicationContext.log ContextListener: contextDestroyed()
16-Feb-2023 10:57:57.064 INFO [main] org.apache.catalina.core.ApplicationContext.log ContextListener: contextInitialized()
16-Feb-2023 10:57:57.065 INFO [main] org.apache.catalina.core.ApplicationContext.log SessionListener: contextInitialized()
16-Feb-2023 10:57:57.066 INFO [main] org.apache.catalina.core.ApplicationContext.log ContextListener: attributeAdded('StockTicker', 'async.Stockticker@75f5fd58')
16-Feb-2023 10:58:50.424 INFO [Thread-1] org.apache.catalina.core.ApplicationContext.log SessionListener: contextDestroyed()
16-Feb-2023 10:58:50.424 INFO [Thread-1] org.apache.catalina.core.ApplicationContext.log ContextListener: contextDestroyed()
16-Feb-2023 10:58:57.379 INFO [main] org.apache.catalina.core.ApplicationContext.log ContextListener: contextInitialized()
16-Feb-2023 10:58:57.380 INFO [main] org.apache.catalina.core.ApplicationContext.log SessionListener: contextInitialized()
16-Feb-2023 10:58:57.382 INFO [main] org.apache.catalina.core.ApplicationContext.log ContextListener: attributeAdded('StockTicker', 'async.Stockticker@75c9e76b')
16-Feb-2023 11:37:57.514 INFO [Thread-1] org.apache.catalina.core.ApplicationContext.log SessionListener: contextDestroyed()
16-Feb-2023 11:37:57.514 INFO [Thread-1] org.apache.catalina.core.ApplicationContext.log ContextListener: contextDestroyed()
16-Feb-2023 11:38:00.791 INFO [main] org.apache.catalina.core.ApplicationContext.log ContextListener: contextInitialized()
16-Feb-2023 11:38:00.792 INFO [main] org.apache.catalina.core.ApplicationContext.log SessionListener: contextInitialized()
16-Feb-2023 11:38:00.793 INFO [main] org.apache.catalina.core.ApplicationContext.log ContextListener: attributeAdded('StockTicker', 'async.Stockticker@5c3b6c6e')
16-Feb-2023 11:40:19.884 INFO [Thread-1] org.apache.catalina.core.ApplicationContext.log SessionListener: contextDestroyed()
16-Feb-2023 11:40:19.884 INFO [Thread-1] org.apache.catalina.core.ApplicationContext.log ContextListener: contextDestroyed()
16-Feb-2023 11:40:37.047 INFO [main] org.apache.catalina.core.ApplicationContext.log ContextListener: contextInitialized()
16-Feb-2023 11:40:37.047 INFO [main] org.apache.catalina.core.ApplicationContext.log SessionListener: contextInitialized()
16-Feb-2023 11:40:37.049 INFO [main] org.apache.catalina.core.ApplicationContext.log ContextListener: attributeAdded('StockTicker', 'async.Stockticker@435871cb')
16-Feb-2023 11:48:16.339 INFO [Thread-1] org.apache.catalina.core.ApplicationContext.log SessionListener: contextDestroyed()
16-Feb-2023 11:48:16.340 INFO [Thread-1] org.apache.catalina.core.ApplicationContext.log ContextListener: contextDestroyed()
16-Feb-2023 11:48:37.047 INFO [main] org.apache.catalina.core.ApplicationContext.log ContextListener: contextInitialized()
16-Feb-2023 11:48:37.048 INFO [main] org.apache.catalina.core.ApplicationContext.log SessionListener: contextInitialized()
16-Feb-2023 11:48:37.049 INFO [main] org.apache.catalina.core.ApplicationContext.log ContextListener: attributeAdded('StockTicker', 'async.Stockticker@75c9e76b')
