05-Mar-2023 14:56:10.297 INFO [Thread-1] org.apache.catalina.core.ApplicationContext.log SessionListener: contextDestroyed()
05-Mar-2023 14:56:10.298 INFO [Thread-1] org.apache.catalina.core.ApplicationContext.log ContextListener: contextDestroyed()
05-Mar-2023 14:56:14.459 INFO [main] org.apache.catalina.core.ApplicationContext.log ContextListener: contextInitialized()
05-Mar-2023 14:56:14.459 INFO [main] org.apache.catalina.core.ApplicationContext.log SessionListener: contextInitialized()
05-Mar-2023 14:56:14.462 INFO [main] org.apache.catalina.core.ApplicationContext.log ContextListener: attributeAdded('StockTicker', 'async.Stockticker@9ed238c')
05-Mar-2023 15:15:59.775 INFO [Thread-1] org.apache.catalina.core.ApplicationContext.log SessionListener: contextDestroyed()
05-Mar-2023 15:15:59.775 INFO [Thread-1] org.apache.catalina.core.ApplicationContext.log ContextListener: contextDestroyed()
05-Mar-2023 15:16:04.986 INFO [main] org.apache.catalina.core.ApplicationContext.log ContextListener: contextInitialized()
05-Mar-2023 15:16:04.986 INFO [main] org.apache.catalina.core.ApplicationContext.log SessionListener: contextInitialized()
05-Mar-2023 15:16:04.989 INFO [main] org.apache.catalina.core.ApplicationContext.log ContextListener: attributeAdded('StockTicker', 'async.Stockticker@9ed238c')
05-Mar-2023 15:16:49.806 INFO [Thread-1] org.apache.catalina.core.ApplicationContext.log SessionListener: contextDestroyed()
05-Mar-2023 15:16:49.806 INFO [Thread-1] org.apache.catalina.core.ApplicationContext.log ContextListener: contextDestroyed()
05-Mar-2023 15:16:54.341 INFO [main] org.apache.catalina.core.ApplicationContext.log ContextListener: contextInitialized()
05-Mar-2023 15:16:54.342 INFO [main] org.apache.catalina.core.ApplicationContext.log SessionListener: contextInitialized()
05-Mar-2023 15:16:54.345 INFO [main] org.apache.catalina.core.ApplicationContext.log ContextListener: attributeAdded('StockTicker', 'async.Stockticker@350ec41e')
05-Mar-2023 15:19:21.141 SEVERE [http-nio-9999-exec-5] org.apache.catalina.core.ApplicationDispatcher.invoke Servlet.service() for servlet [jsp] threw exception
	org.apache.jasper.JasperException: Unable to compile class for JSP: 

An error occurred at line: [6] in the jsp file: [/viewListing.jsp]
Syntax error, insert ";" to complete Statement
3:   <head>
4:     <meta charset="utf-8" />
5:     <meta name="viewport" content="width=device-width, initial-scale=1" />
6:     <title>OldEgg | <% response.getHeader("name") %></title>
7:     <link rel="icon" type="image/x-icon" href="./images/oldegg-icon.png" />
8:     <link
9:       href="https://cdn.jsdelivr.net/npm/bootstrap@5.3.0-alpha1/dist/css/bootstrap.min.css"


An error occurred at line: [105] in the jsp file: [/viewListing.jsp]
Syntax error, insert ";" to complete Statement
102:                   max-height: 900px;
103:                   padding-right: 100px;
104:                 "
105:                 src="<% response.getHeader("link") %>"
106:               />
107:             </div>
108:           </div>


An error occurred at line: [121] in the jsp file: [/viewListing.jsp]
Syntax error, insert ";" to complete Statement
118:         <div class="col-lg-6">
119:           <div class="row">
120:             <div class="col-lg-12 pb-3">
121:               <h2><% response.getHeader("name") %></h2>
122:             </div>
123:           </div>
124:           <div class="row">


An error occurred at line: [126] in the jsp file: [/viewListing.jsp]
Syntax error, insert ";" to complete Statement
123:           </div>
124:           <div class="row">
125:             <div class="col-lg-12 pb-3">
126:               <h3>$<% response.getHeader("price") %></h3>
127:             </div>
128:           </div>
129:           <div class="row">


Stacktrace:
		at org.apache.jasper.compiler.DefaultErrorHandler.javacError(DefaultErrorHandler.java:102)
		at org.apache.jasper.compiler.ErrorDispatcher.javacError(ErrorDispatcher.java:213)
		at org.apache.jasper.compiler.JDTCompiler.generateClass(JDTCompiler.java:513)
		at org.apache.jasper.compiler.Compiler.compile(Compiler.java:402)
		at org.apache.jasper.compiler.Compiler.compile(Compiler.java:372)
		at org.apache.jasper.compiler.Compiler.compile(Compiler.java:356)
		at org.apache.jasper.JspCompilationContext.compile(JspCompilationContext.java:603)
		at org.apache.jasper.servlet.JspServletWrapper.service(JspServletWrapper.java:396)
		at org.apache.jasper.servlet.JspServlet.serviceJspFile(JspServlet.java:380)
		at org.apache.jasper.servlet.JspServlet.service(JspServlet.java:328)
		at jakarta.servlet.http.HttpServlet.service(HttpServlet.java:814)
		at org.apache.catalina.core.ApplicationFilterChain.internalDoFilter(ApplicationFilterChain.java:223)
		at org.apache.catalina.core.ApplicationFilterChain.doFilter(ApplicationFilterChain.java:158)
		at org.apache.tomcat.websocket.server.WsFilter.doFilter(WsFilter.java:53)
		at org.apache.catalina.core.ApplicationFilterChain.internalDoFilter(ApplicationFilterChain.java:185)
		at org.apache.catalina.core.ApplicationFilterChain.doFilter(ApplicationFilterChain.java:158)
		at org.apache.catalina.core.ApplicationDispatcher.invoke(ApplicationDispatcher.java:691)
		at org.apache.catalina.core.ApplicationDispatcher.processRequest(ApplicationDispatcher.java:441)
		at org.apache.catalina.core.ApplicationDispatcher.doForward(ApplicationDispatcher.java:367)
		at org.apache.catalina.core.ApplicationDispatcher.forward(ApplicationDispatcher.java:295)
		at listingServlet.doGet(listingServlet.java:44)
		at jakarta.servlet.http.HttpServlet.service(HttpServlet.java:705)
		at jakarta.servlet.http.HttpServlet.service(HttpServlet.java:814)
		at org.apache.catalina.core.ApplicationFilterChain.internalDoFilter(ApplicationFilterChain.java:223)
		at org.apache.catalina.core.ApplicationFilterChain.doFilter(ApplicationFilterChain.java:158)
		at org.apache.tomcat.websocket.server.WsFilter.doFilter(WsFilter.java:53)
		at org.apache.catalina.core.ApplicationFilterChain.internalDoFilter(ApplicationFilterChain.java:185)
		at org.apache.catalina.core.ApplicationFilterChain.doFilter(ApplicationFilterChain.java:158)
		at org.apache.catalina.core.StandardWrapperValve.invoke(StandardWrapperValve.java:177)
		at org.apache.catalina.core.StandardContextValve.invoke(StandardContextValve.java:97)
		at org.apache.catalina.authenticator.AuthenticatorBase.invoke(AuthenticatorBase.java:542)
		at org.apache.catalina.core.StandardHostValve.invoke(StandardHostValve.java:119)
		at org.apache.catalina.valves.ErrorReportValve.invoke(ErrorReportValve.java:92)
		at org.apache.catalina.valves.AbstractAccessLogValve.invoke(AbstractAccessLogValve.java:690)
		at org.apache.catalina.core.StandardEngineValve.invoke(StandardEngineValve.java:78)
		at org.apache.catalina.connector.CoyoteAdapter.service(CoyoteAdapter.java:357)
		at org.apache.coyote.http11.Http11Processor.service(Http11Processor.java:400)
		at org.apache.coyote.AbstractProcessorLight.process(AbstractProcessorLight.java:65)
		at org.apache.coyote.AbstractProtocol$ConnectionHandler.process(AbstractProtocol.java:859)
		at org.apache.tomcat.util.net.NioEndpoint$SocketProcessor.doRun(NioEndpoint.java:1734)
		at org.apache.tomcat.util.net.SocketProcessorBase.run(SocketProcessorBase.java:52)
		at org.apache.tomcat.util.threads.ThreadPoolExecutor.runWorker(ThreadPoolExecutor.java:1191)
		at org.apache.tomcat.util.threads.ThreadPoolExecutor$Worker.run(ThreadPoolExecutor.java:659)
		at org.apache.tomcat.util.threads.TaskThread$WrappingRunnable.run(TaskThread.java:61)
		at java.base/java.lang.Thread.run(Thread.java:833)
05-Mar-2023 15:20:25.149 SEVERE [http-nio-9999-exec-10] org.apache.catalina.core.ApplicationDispatcher.invoke Servlet.service() for servlet [jsp] threw exception
	org.apache.jasper.JasperException: Unable to compile class for JSP: 

An error occurred at line: [6] in the jsp file: [/viewListing.jsp]
Syntax error on token ";", delete this token
3:   <head>
4:     <meta charset="utf-8" />
5:     <meta name="viewport" content="width=device-width, initial-scale=1" />
6:     <title>OldEgg | <%= response.getHeader("name"); %></title>
7:     <link rel="icon" type="image/x-icon" href="./images/oldegg-icon.png" />
8:     <link
9:       href="https://cdn.jsdelivr.net/npm/bootstrap@5.3.0-alpha1/dist/css/bootstrap.min.css"


An error occurred at line: [105] in the jsp file: [/viewListing.jsp]
Syntax error on token ";", delete this token
102:                   max-height: 900px;
103:                   padding-right: 100px;
104:                 "
105:                 src="<%= response.getHeader("link"); %>"
106:               />
107:             </div>
108:           </div>


An error occurred at line: [121] in the jsp file: [/viewListing.jsp]
Syntax error on token ";", delete this token
118:         <div class="col-lg-6">
119:           <div class="row">
120:             <div class="col-lg-12 pb-3">
121:               <h2><%= response.getHeader("name"); %></h2>
122:             </div>
123:           </div>
124:           <div class="row">


An error occurred at line: [126] in the jsp file: [/viewListing.jsp]
Syntax error on token ";", delete this token
123:           </div>
124:           <div class="row">
125:             <div class="col-lg-12 pb-3">
126:               <h3>$<%= response.getHeader("price"); %></h3>
127:             </div>
128:           </div>
129:           <div class="row">


Stacktrace:
		at org.apache.jasper.compiler.DefaultErrorHandler.javacError(DefaultErrorHandler.java:102)
		at org.apache.jasper.compiler.ErrorDispatcher.javacError(ErrorDispatcher.java:213)
		at org.apache.jasper.compiler.JDTCompiler.generateClass(JDTCompiler.java:513)
		at org.apache.jasper.compiler.Compiler.compile(Compiler.java:402)
		at org.apache.jasper.compiler.Compiler.compile(Compiler.java:372)
		at org.apache.jasper.compiler.Compiler.compile(Compiler.java:356)
		at org.apache.jasper.JspCompilationContext.compile(JspCompilationContext.java:603)
		at org.apache.jasper.servlet.JspServletWrapper.service(JspServletWrapper.java:396)
		at org.apache.jasper.servlet.JspServlet.serviceJspFile(JspServlet.java:380)
		at org.apache.jasper.servlet.JspServlet.service(JspServlet.java:328)
		at jakarta.servlet.http.HttpServlet.service(HttpServlet.java:814)
		at org.apache.catalina.core.ApplicationFilterChain.internalDoFilter(ApplicationFilterChain.java:223)
		at org.apache.catalina.core.ApplicationFilterChain.doFilter(ApplicationFilterChain.java:158)
		at org.apache.tomcat.websocket.server.WsFilter.doFilter(WsFilter.java:53)
		at org.apache.catalina.core.ApplicationFilterChain.internalDoFilter(ApplicationFilterChain.java:185)
		at org.apache.catalina.core.ApplicationFilterChain.doFilter(ApplicationFilterChain.java:158)
		at org.apache.catalina.core.ApplicationDispatcher.invoke(ApplicationDispatcher.java:691)
		at org.apache.catalina.core.ApplicationDispatcher.processRequest(ApplicationDispatcher.java:441)
		at org.apache.catalina.core.ApplicationDispatcher.doForward(ApplicationDispatcher.java:367)
		at org.apache.catalina.core.ApplicationDispatcher.forward(ApplicationDispatcher.java:295)
		at listingServlet.doGet(listingServlet.java:44)
		at jakarta.servlet.http.HttpServlet.service(HttpServlet.java:705)
		at jakarta.servlet.http.HttpServlet.service(HttpServlet.java:814)
		at org.apache.catalina.core.ApplicationFilterChain.internalDoFilter(ApplicationFilterChain.java:223)
		at org.apache.catalina.core.ApplicationFilterChain.doFilter(ApplicationFilterChain.java:158)
		at org.apache.tomcat.websocket.server.WsFilter.doFilter(WsFilter.java:53)
		at org.apache.catalina.core.ApplicationFilterChain.internalDoFilter(ApplicationFilterChain.java:185)
		at org.apache.catalina.core.ApplicationFilterChain.doFilter(ApplicationFilterChain.java:158)
		at org.apache.catalina.core.StandardWrapperValve.invoke(StandardWrapperValve.java:177)
		at org.apache.catalina.core.StandardContextValve.invoke(StandardContextValve.java:97)
		at org.apache.catalina.authenticator.AuthenticatorBase.invoke(AuthenticatorBase.java:542)
		at org.apache.catalina.core.StandardHostValve.invoke(StandardHostValve.java:119)
		at org.apache.catalina.valves.ErrorReportValve.invoke(ErrorReportValve.java:92)
		at org.apache.catalina.valves.AbstractAccessLogValve.invoke(AbstractAccessLogValve.java:690)
		at org.apache.catalina.core.StandardEngineValve.invoke(StandardEngineValve.java:78)
		at org.apache.catalina.connector.CoyoteAdapter.service(CoyoteAdapter.java:357)
		at org.apache.coyote.http11.Http11Processor.service(Http11Processor.java:400)
		at org.apache.coyote.AbstractProcessorLight.process(AbstractProcessorLight.java:65)
		at org.apache.coyote.AbstractProtocol$ConnectionHandler.process(AbstractProtocol.java:859)
		at org.apache.tomcat.util.net.NioEndpoint$SocketProcessor.doRun(NioEndpoint.java:1734)
		at org.apache.tomcat.util.net.SocketProcessorBase.run(SocketProcessorBase.java:52)
		at org.apache.tomcat.util.threads.ThreadPoolExecutor.runWorker(ThreadPoolExecutor.java:1191)
		at org.apache.tomcat.util.threads.ThreadPoolExecutor$Worker.run(ThreadPoolExecutor.java:659)
		at org.apache.tomcat.util.threads.TaskThread$WrappingRunnable.run(TaskThread.java:61)
		at java.base/java.lang.Thread.run(Thread.java:833)
05-Mar-2023 15:21:31.787 INFO [Thread-1] org.apache.catalina.core.ApplicationContext.log SessionListener: contextDestroyed()
05-Mar-2023 15:21:31.787 INFO [Thread-1] org.apache.catalina.core.ApplicationContext.log ContextListener: contextDestroyed()
05-Mar-2023 15:21:37.148 INFO [main] org.apache.catalina.core.ApplicationContext.log ContextListener: contextInitialized()
05-Mar-2023 15:21:37.148 INFO [main] org.apache.catalina.core.ApplicationContext.log SessionListener: contextInitialized()
05-Mar-2023 15:21:37.149 INFO [main] org.apache.catalina.core.ApplicationContext.log ContextListener: attributeAdded('StockTicker', 'async.Stockticker@9ed238c')
05-Mar-2023 15:29:47.077 INFO [Thread-1] org.apache.catalina.core.ApplicationContext.log SessionListener: contextDestroyed()
05-Mar-2023 15:29:47.077 INFO [Thread-1] org.apache.catalina.core.ApplicationContext.log ContextListener: contextDestroyed()
05-Mar-2023 15:29:51.429 INFO [main] org.apache.catalina.core.ApplicationContext.log ContextListener: contextInitialized()
05-Mar-2023 15:29:51.430 INFO [main] org.apache.catalina.core.ApplicationContext.log SessionListener: contextInitialized()
05-Mar-2023 15:29:51.432 INFO [main] org.apache.catalina.core.ApplicationContext.log ContextListener: attributeAdded('StockTicker', 'async.Stockticker@9ed238c')
