25-Mar-2023 09:32:46.468 INFO [main] org.apache.catalina.core.ApplicationContext.log ContextListener: contextInitialized()
25-Mar-2023 09:32:46.468 INFO [main] org.apache.catalina.core.ApplicationContext.log SessionListener: contextInitialized()
25-Mar-2023 09:32:46.471 INFO [main] org.apache.catalina.core.ApplicationContext.log ContextListener: attributeAdded('StockTicker', 'async.Stockticker@63192798')
25-Mar-2023 12:37:12.084 INFO [Thread-1] org.apache.catalina.core.ApplicationContext.log SessionListener: contextDestroyed()
25-Mar-2023 12:37:12.084 INFO [Thread-1] org.apache.catalina.core.ApplicationContext.log ContextListener: contextDestroyed()
<<<<<<< HEAD
25-Mar-2023 17:45:08.643 INFO [main] org.apache.catalina.core.ApplicationContext.log ContextListener: contextInitialized()
25-Mar-2023 17:45:08.643 INFO [main] org.apache.catalina.core.ApplicationContext.log SessionListener: contextInitialized()
25-Mar-2023 17:45:08.645 INFO [main] org.apache.catalina.core.ApplicationContext.log ContextListener: attributeAdded('StockTicker', 'async.Stockticker@7446d8d5')
25-Mar-2023 17:45:26.597 INFO [http-nio-9999-exec-10] org.apache.catalina.core.ApplicationContext.log Marking servlet [questionsServlet] as unavailable
25-Mar-2023 17:45:26.597 SEVERE [http-nio-9999-exec-10] org.apache.catalina.core.StandardWrapperValve.invoke Allocate exception for servlet [questionsServlet]
	java.lang.UnsupportedClassVersionError: questionsServlet has been compiled by a more recent version of the Java Runtime (class file version 63.0), this version of the Java Runtime only recognizes class file versions up to 61.0 (unable to load class [questionsServlet])
		at org.apache.catalina.loader.WebappClassLoaderBase.findClassInternal(WebappClassLoaderBase.java:2494)
		at org.apache.catalina.loader.WebappClassLoaderBase.findClass(WebappClassLoaderBase.java:865)
		at org.apache.catalina.loader.WebappClassLoaderBase.loadClass(WebappClassLoaderBase.java:1401)
		at org.apache.catalina.loader.WebappClassLoaderBase.loadClass(WebappClassLoaderBase.java:1245)
		at org.apache.catalina.core.DefaultInstanceManager.loadClass(DefaultInstanceManager.java:537)
		at org.apache.catalina.core.DefaultInstanceManager.loadClassMaybePrivileged(DefaultInstanceManager.java:518)
		at org.apache.catalina.core.DefaultInstanceManager.newInstance(DefaultInstanceManager.java:150)
		at org.apache.catalina.core.StandardWrapper.loadServlet(StandardWrapper.java:905)
		at org.apache.catalina.core.StandardWrapper.allocate(StandardWrapper.java:682)
		at org.apache.catalina.core.StandardWrapperValve.invoke(StandardWrapperValve.java:118)
		at org.apache.catalina.core.StandardContextValve.invoke(StandardContextValve.java:97)
		at org.apache.catalina.authenticator.AuthenticatorBase.invoke(AuthenticatorBase.java:542)
		at org.apache.catalina.core.StandardHostValve.invoke(StandardHostValve.java:119)
		at org.apache.catalina.valves.ErrorReportValve.invoke(ErrorReportValve.java:92)
		at org.apache.catalina.valves.AbstractAccessLogValve.invoke(AbstractAccessLogValve.java:690)
		at org.apache.catalina.core.StandardEngineValve.invoke(StandardEngineValve.java:78)
		at org.apache.catalina.connector.CoyoteAdapter.service(CoyoteAdapter.java:357)
		at org.apache.coyote.http11.Http11Processor.service(Http11Processor.java:400)
		at org.apache.coyote.AbstractProcessorLight.process(AbstractProcessorLight.java:65)
		at org.apache.coyote.AbstractProtocol$ConnectionHandler.process(AbstractProtocol.java:859)
		at org.apache.tomcat.util.net.NioEndpoint$SocketProcessor.doRun(NioEndpoint.java:1734)
		at org.apache.tomcat.util.net.SocketProcessorBase.run(SocketProcessorBase.java:52)
		at org.apache.tomcat.util.threads.ThreadPoolExecutor.runWorker(ThreadPoolExecutor.java:1191)
		at org.apache.tomcat.util.threads.ThreadPoolExecutor$Worker.run(ThreadPoolExecutor.java:659)
		at org.apache.tomcat.util.threads.TaskThread$WrappingRunnable.run(TaskThread.java:61)
		at java.base/java.lang.Thread.run(Thread.java:833)
25-Mar-2023 18:42:24.998 SEVERE [http-nio-9999-exec-17] org.apache.catalina.core.ApplicationDispatcher.invoke Servlet.service() for servlet [jsp] threw exception
	org.apache.jasper.JasperException: Unable to compile class for JSP: 

An error occurred at line: [64] in the jsp file: [/questions.jsp]
The method getIntHeader(String) is undefined for the type HttpServletResponse
61:           <div class="col-lg-6"></div>
62:           <div class="col-lg-2">
63:             <form method="get" action="viewQuestions">
64:               <input name="qnNo" value="<%= response.getIntHeader("qnNo") +1 %>" >
65:               <input hidden name="setid" value="<%= response.getHeader("setid") %>" >
66:               <input hidden name="totalQn" value="<%= response.getHeader("totalQn") %>">
67:               <button class="btn btn-danger" style="width: 100%;">Next Question</button>


Stacktrace:
		at org.apache.jasper.compiler.DefaultErrorHandler.javacError(DefaultErrorHandler.java:102)
		at org.apache.jasper.compiler.ErrorDispatcher.javacError(ErrorDispatcher.java:213)
		at org.apache.jasper.compiler.JDTCompiler.generateClass(JDTCompiler.java:513)
		at org.apache.jasper.compiler.Compiler.compile(Compiler.java:402)
		at org.apache.jasper.compiler.Compiler.compile(Compiler.java:372)
		at org.apache.jasper.compiler.Compiler.compile(Compiler.java:356)
		at org.apache.jasper.JspCompilationContext.compile(JspCompilationContext.java:603)
		at org.apache.jasper.servlet.JspServletWrapper.service(JspServletWrapper.java:396)
		at org.apache.jasper.servlet.JspServlet.serviceJspFile(JspServlet.java:380)
		at org.apache.jasper.servlet.JspServlet.service(JspServlet.java:328)
		at jakarta.servlet.http.HttpServlet.service(HttpServlet.java:814)
		at org.apache.catalina.core.ApplicationFilterChain.internalDoFilter(ApplicationFilterChain.java:223)
		at org.apache.catalina.core.ApplicationFilterChain.doFilter(ApplicationFilterChain.java:158)
		at org.apache.tomcat.websocket.server.WsFilter.doFilter(WsFilter.java:53)
		at org.apache.catalina.core.ApplicationFilterChain.internalDoFilter(ApplicationFilterChain.java:185)
		at org.apache.catalina.core.ApplicationFilterChain.doFilter(ApplicationFilterChain.java:158)
		at org.apache.catalina.core.ApplicationDispatcher.invoke(ApplicationDispatcher.java:691)
		at org.apache.catalina.core.ApplicationDispatcher.processRequest(ApplicationDispatcher.java:441)
		at org.apache.catalina.core.ApplicationDispatcher.doForward(ApplicationDispatcher.java:367)
		at org.apache.catalina.core.ApplicationDispatcher.forward(ApplicationDispatcher.java:295)
		at questionsServlet.doGet(questionsServlet.java:49)
		at jakarta.servlet.http.HttpServlet.service(HttpServlet.java:705)
		at jakarta.servlet.http.HttpServlet.service(HttpServlet.java:814)
		at org.apache.catalina.core.ApplicationFilterChain.internalDoFilter(ApplicationFilterChain.java:223)
		at org.apache.catalina.core.ApplicationFilterChain.doFilter(ApplicationFilterChain.java:158)
		at org.apache.tomcat.websocket.server.WsFilter.doFilter(WsFilter.java:53)
		at org.apache.catalina.core.ApplicationFilterChain.internalDoFilter(ApplicationFilterChain.java:185)
		at org.apache.catalina.core.ApplicationFilterChain.doFilter(ApplicationFilterChain.java:158)
		at org.apache.catalina.core.StandardWrapperValve.invoke(StandardWrapperValve.java:177)
		at org.apache.catalina.core.StandardContextValve.invoke(StandardContextValve.java:97)
		at org.apache.catalina.authenticator.AuthenticatorBase.invoke(AuthenticatorBase.java:542)
		at org.apache.catalina.core.StandardHostValve.invoke(StandardHostValve.java:119)
		at org.apache.catalina.valves.ErrorReportValve.invoke(ErrorReportValve.java:92)
		at org.apache.catalina.valves.AbstractAccessLogValve.invoke(AbstractAccessLogValve.java:690)
		at org.apache.catalina.core.StandardEngineValve.invoke(StandardEngineValve.java:78)
		at org.apache.catalina.connector.CoyoteAdapter.service(CoyoteAdapter.java:357)
		at org.apache.coyote.http11.Http11Processor.service(Http11Processor.java:400)
		at org.apache.coyote.AbstractProcessorLight.process(AbstractProcessorLight.java:65)
		at org.apache.coyote.AbstractProtocol$ConnectionHandler.process(AbstractProtocol.java:859)
		at org.apache.tomcat.util.net.NioEndpoint$SocketProcessor.doRun(NioEndpoint.java:1734)
		at org.apache.tomcat.util.net.SocketProcessorBase.run(SocketProcessorBase.java:52)
		at org.apache.tomcat.util.threads.ThreadPoolExecutor.runWorker(ThreadPoolExecutor.java:1191)
		at org.apache.tomcat.util.threads.ThreadPoolExecutor$Worker.run(ThreadPoolExecutor.java:659)
		at org.apache.tomcat.util.threads.TaskThread$WrappingRunnable.run(TaskThread.java:61)
		at java.base/java.lang.Thread.run(Thread.java:833)
25-Mar-2023 18:42:30.413 SEVERE [http-nio-9999-exec-18] org.apache.catalina.core.ApplicationDispatcher.invoke Servlet.service() for servlet [jsp] threw exception
	org.apache.jasper.JasperException: Unable to compile class for JSP: 

An error occurred at line: [64] in the jsp file: [/questions.jsp]
The method getIntHeader(String) is undefined for the type HttpServletResponse
61:           <div class="col-lg-6"></div>
62:           <div class="col-lg-2">
63:             <form method="get" action="viewQuestions">
64:               <input name="qnNo" value="<%= response.getIntHeader("qnNo") +1 %>" >
65:               <input hidden name="setid" value="<%= response.getHeader("setid") %>" >
66:               <input hidden name="totalQn" value="<%= response.getHeader("totalQn") %>">
67:               <button class="btn btn-danger" style="width: 100%;">Next Question</button>


Stacktrace:
		at org.apache.jasper.compiler.DefaultErrorHandler.javacError(DefaultErrorHandler.java:102)
		at org.apache.jasper.compiler.ErrorDispatcher.javacError(ErrorDispatcher.java:213)
		at org.apache.jasper.compiler.JDTCompiler.generateClass(JDTCompiler.java:513)
		at org.apache.jasper.compiler.Compiler.compile(Compiler.java:402)
		at org.apache.jasper.compiler.Compiler.compile(Compiler.java:372)
		at org.apache.jasper.compiler.Compiler.compile(Compiler.java:356)
		at org.apache.jasper.JspCompilationContext.compile(JspCompilationContext.java:603)
		at org.apache.jasper.servlet.JspServletWrapper.service(JspServletWrapper.java:396)
		at org.apache.jasper.servlet.JspServlet.serviceJspFile(JspServlet.java:380)
		at org.apache.jasper.servlet.JspServlet.service(JspServlet.java:328)
		at jakarta.servlet.http.HttpServlet.service(HttpServlet.java:814)
		at org.apache.catalina.core.ApplicationFilterChain.internalDoFilter(ApplicationFilterChain.java:223)
		at org.apache.catalina.core.ApplicationFilterChain.doFilter(ApplicationFilterChain.java:158)
		at org.apache.tomcat.websocket.server.WsFilter.doFilter(WsFilter.java:53)
		at org.apache.catalina.core.ApplicationFilterChain.internalDoFilter(ApplicationFilterChain.java:185)
		at org.apache.catalina.core.ApplicationFilterChain.doFilter(ApplicationFilterChain.java:158)
		at org.apache.catalina.core.ApplicationDispatcher.invoke(ApplicationDispatcher.java:691)
		at org.apache.catalina.core.ApplicationDispatcher.processRequest(ApplicationDispatcher.java:441)
		at org.apache.catalina.core.ApplicationDispatcher.doForward(ApplicationDispatcher.java:367)
		at org.apache.catalina.core.ApplicationDispatcher.forward(ApplicationDispatcher.java:295)
		at questionsServlet.doGet(questionsServlet.java:49)
		at jakarta.servlet.http.HttpServlet.service(HttpServlet.java:705)
		at jakarta.servlet.http.HttpServlet.service(HttpServlet.java:814)
		at org.apache.catalina.core.ApplicationFilterChain.internalDoFilter(ApplicationFilterChain.java:223)
		at org.apache.catalina.core.ApplicationFilterChain.doFilter(ApplicationFilterChain.java:158)
		at org.apache.tomcat.websocket.server.WsFilter.doFilter(WsFilter.java:53)
		at org.apache.catalina.core.ApplicationFilterChain.internalDoFilter(ApplicationFilterChain.java:185)
		at org.apache.catalina.core.ApplicationFilterChain.doFilter(ApplicationFilterChain.java:158)
		at org.apache.catalina.core.StandardWrapperValve.invoke(StandardWrapperValve.java:177)
		at org.apache.catalina.core.StandardContextValve.invoke(StandardContextValve.java:97)
		at org.apache.catalina.authenticator.AuthenticatorBase.invoke(AuthenticatorBase.java:542)
		at org.apache.catalina.core.StandardHostValve.invoke(StandardHostValve.java:119)
		at org.apache.catalina.valves.ErrorReportValve.invoke(ErrorReportValve.java:92)
		at org.apache.catalina.valves.AbstractAccessLogValve.invoke(AbstractAccessLogValve.java:690)
		at org.apache.catalina.core.StandardEngineValve.invoke(StandardEngineValve.java:78)
		at org.apache.catalina.connector.CoyoteAdapter.service(CoyoteAdapter.java:357)
		at org.apache.coyote.http11.Http11Processor.service(Http11Processor.java:400)
		at org.apache.coyote.AbstractProcessorLight.process(AbstractProcessorLight.java:65)
		at org.apache.coyote.AbstractProtocol$ConnectionHandler.process(AbstractProtocol.java:859)
		at org.apache.tomcat.util.net.NioEndpoint$SocketProcessor.doRun(NioEndpoint.java:1734)
		at org.apache.tomcat.util.net.SocketProcessorBase.run(SocketProcessorBase.java:52)
		at org.apache.tomcat.util.threads.ThreadPoolExecutor.runWorker(ThreadPoolExecutor.java:1191)
		at org.apache.tomcat.util.threads.ThreadPoolExecutor$Worker.run(ThreadPoolExecutor.java:659)
		at org.apache.tomcat.util.threads.TaskThread$WrappingRunnable.run(TaskThread.java:61)
		at java.base/java.lang.Thread.run(Thread.java:833)
25-Mar-2023 18:42:53.246 SEVERE [http-nio-9999-exec-16] org.apache.catalina.core.ApplicationDispatcher.invoke Servlet.service() for servlet [jsp] threw exception
	org.apache.jasper.JasperException: Unable to compile class for JSP: 

An error occurred at line: [64] in the jsp file: [/questions.jsp]
The method getIntHeader(String) is undefined for the type HttpServletResponse
61:           <div class="col-lg-6"></div>
62:           <div class="col-lg-2">
63:             <form method="get" action="viewQuestions">
64:               <input name="qnNo" value="<%= Integer.parseInt(response.getIntHeader("qnNo")) +1 %>" >
65:               <input hidden name="setid" value="<%= response.getHeader("setid") %>" >
66:               <input hidden name="totalQn" value="<%= response.getHeader("totalQn") %>">
67:               <button class="btn btn-danger" style="width: 100%;">Next Question</button>


Stacktrace:
		at org.apache.jasper.compiler.DefaultErrorHandler.javacError(DefaultErrorHandler.java:102)
		at org.apache.jasper.compiler.ErrorDispatcher.javacError(ErrorDispatcher.java:213)
		at org.apache.jasper.compiler.JDTCompiler.generateClass(JDTCompiler.java:513)
		at org.apache.jasper.compiler.Compiler.compile(Compiler.java:402)
		at org.apache.jasper.compiler.Compiler.compile(Compiler.java:372)
		at org.apache.jasper.compiler.Compiler.compile(Compiler.java:356)
		at org.apache.jasper.JspCompilationContext.compile(JspCompilationContext.java:603)
		at org.apache.jasper.servlet.JspServletWrapper.service(JspServletWrapper.java:396)
		at org.apache.jasper.servlet.JspServlet.serviceJspFile(JspServlet.java:380)
		at org.apache.jasper.servlet.JspServlet.service(JspServlet.java:328)
		at jakarta.servlet.http.HttpServlet.service(HttpServlet.java:814)
		at org.apache.catalina.core.ApplicationFilterChain.internalDoFilter(ApplicationFilterChain.java:223)
		at org.apache.catalina.core.ApplicationFilterChain.doFilter(ApplicationFilterChain.java:158)
		at org.apache.tomcat.websocket.server.WsFilter.doFilter(WsFilter.java:53)
		at org.apache.catalina.core.ApplicationFilterChain.internalDoFilter(ApplicationFilterChain.java:185)
		at org.apache.catalina.core.ApplicationFilterChain.doFilter(ApplicationFilterChain.java:158)
		at org.apache.catalina.core.ApplicationDispatcher.invoke(ApplicationDispatcher.java:691)
		at org.apache.catalina.core.ApplicationDispatcher.processRequest(ApplicationDispatcher.java:441)
		at org.apache.catalina.core.ApplicationDispatcher.doForward(ApplicationDispatcher.java:367)
		at org.apache.catalina.core.ApplicationDispatcher.forward(ApplicationDispatcher.java:295)
		at questionsServlet.doGet(questionsServlet.java:49)
		at jakarta.servlet.http.HttpServlet.service(HttpServlet.java:705)
		at jakarta.servlet.http.HttpServlet.service(HttpServlet.java:814)
		at org.apache.catalina.core.ApplicationFilterChain.internalDoFilter(ApplicationFilterChain.java:223)
		at org.apache.catalina.core.ApplicationFilterChain.doFilter(ApplicationFilterChain.java:158)
		at org.apache.tomcat.websocket.server.WsFilter.doFilter(WsFilter.java:53)
		at org.apache.catalina.core.ApplicationFilterChain.internalDoFilter(ApplicationFilterChain.java:185)
		at org.apache.catalina.core.ApplicationFilterChain.doFilter(ApplicationFilterChain.java:158)
		at org.apache.catalina.core.StandardWrapperValve.invoke(StandardWrapperValve.java:177)
		at org.apache.catalina.core.StandardContextValve.invoke(StandardContextValve.java:97)
		at org.apache.catalina.authenticator.AuthenticatorBase.invoke(AuthenticatorBase.java:542)
		at org.apache.catalina.core.StandardHostValve.invoke(StandardHostValve.java:119)
		at org.apache.catalina.valves.ErrorReportValve.invoke(ErrorReportValve.java:92)
		at org.apache.catalina.valves.AbstractAccessLogValve.invoke(AbstractAccessLogValve.java:690)
		at org.apache.catalina.core.StandardEngineValve.invoke(StandardEngineValve.java:78)
		at org.apache.catalina.connector.CoyoteAdapter.service(CoyoteAdapter.java:357)
		at org.apache.coyote.http11.Http11Processor.service(Http11Processor.java:400)
		at org.apache.coyote.AbstractProcessorLight.process(AbstractProcessorLight.java:65)
		at org.apache.coyote.AbstractProtocol$ConnectionHandler.process(AbstractProtocol.java:859)
		at org.apache.tomcat.util.net.NioEndpoint$SocketProcessor.doRun(NioEndpoint.java:1734)
		at org.apache.tomcat.util.net.SocketProcessorBase.run(SocketProcessorBase.java:52)
		at org.apache.tomcat.util.threads.ThreadPoolExecutor.runWorker(ThreadPoolExecutor.java:1191)
		at org.apache.tomcat.util.threads.ThreadPoolExecutor$Worker.run(ThreadPoolExecutor.java:659)
		at org.apache.tomcat.util.threads.TaskThread$WrappingRunnable.run(TaskThread.java:61)
		at java.base/java.lang.Thread.run(Thread.java:833)
25-Mar-2023 18:42:57.826 SEVERE [http-nio-9999-exec-12] org.apache.catalina.core.ApplicationDispatcher.invoke Servlet.service() for servlet [jsp] threw exception
	org.apache.jasper.JasperException: Unable to compile class for JSP: 

An error occurred at line: [64] in the jsp file: [/questions.jsp]
The method getIntHeader(String) is undefined for the type HttpServletResponse
61:           <div class="col-lg-6"></div>
62:           <div class="col-lg-2">
63:             <form method="get" action="viewQuestions">
64:               <input name="qnNo" value="<%= Integer.parseInt(response.getIntHeader("qnNo")) +1 %>" >
65:               <input hidden name="setid" value="<%= response.getHeader("setid") %>" >
66:               <input hidden name="totalQn" value="<%= response.getHeader("totalQn") %>">
67:               <button class="btn btn-danger" style="width: 100%;">Next Question</button>


Stacktrace:
		at org.apache.jasper.compiler.DefaultErrorHandler.javacError(DefaultErrorHandler.java:102)
		at org.apache.jasper.compiler.ErrorDispatcher.javacError(ErrorDispatcher.java:213)
		at org.apache.jasper.compiler.JDTCompiler.generateClass(JDTCompiler.java:513)
		at org.apache.jasper.compiler.Compiler.compile(Compiler.java:402)
		at org.apache.jasper.compiler.Compiler.compile(Compiler.java:372)
		at org.apache.jasper.compiler.Compiler.compile(Compiler.java:356)
		at org.apache.jasper.JspCompilationContext.compile(JspCompilationContext.java:603)
		at org.apache.jasper.servlet.JspServletWrapper.service(JspServletWrapper.java:396)
		at org.apache.jasper.servlet.JspServlet.serviceJspFile(JspServlet.java:380)
		at org.apache.jasper.servlet.JspServlet.service(JspServlet.java:328)
		at jakarta.servlet.http.HttpServlet.service(HttpServlet.java:814)
		at org.apache.catalina.core.ApplicationFilterChain.internalDoFilter(ApplicationFilterChain.java:223)
		at org.apache.catalina.core.ApplicationFilterChain.doFilter(ApplicationFilterChain.java:158)
		at org.apache.tomcat.websocket.server.WsFilter.doFilter(WsFilter.java:53)
		at org.apache.catalina.core.ApplicationFilterChain.internalDoFilter(ApplicationFilterChain.java:185)
		at org.apache.catalina.core.ApplicationFilterChain.doFilter(ApplicationFilterChain.java:158)
		at org.apache.catalina.core.ApplicationDispatcher.invoke(ApplicationDispatcher.java:691)
		at org.apache.catalina.core.ApplicationDispatcher.processRequest(ApplicationDispatcher.java:441)
		at org.apache.catalina.core.ApplicationDispatcher.doForward(ApplicationDispatcher.java:367)
		at org.apache.catalina.core.ApplicationDispatcher.forward(ApplicationDispatcher.java:295)
		at questionsServlet.doGet(questionsServlet.java:49)
		at jakarta.servlet.http.HttpServlet.service(HttpServlet.java:705)
		at jakarta.servlet.http.HttpServlet.service(HttpServlet.java:814)
		at org.apache.catalina.core.ApplicationFilterChain.internalDoFilter(ApplicationFilterChain.java:223)
		at org.apache.catalina.core.ApplicationFilterChain.doFilter(ApplicationFilterChain.java:158)
		at org.apache.tomcat.websocket.server.WsFilter.doFilter(WsFilter.java:53)
		at org.apache.catalina.core.ApplicationFilterChain.internalDoFilter(ApplicationFilterChain.java:185)
		at org.apache.catalina.core.ApplicationFilterChain.doFilter(ApplicationFilterChain.java:158)
		at org.apache.catalina.core.StandardWrapperValve.invoke(StandardWrapperValve.java:177)
		at org.apache.catalina.core.StandardContextValve.invoke(StandardContextValve.java:97)
		at org.apache.catalina.authenticator.AuthenticatorBase.invoke(AuthenticatorBase.java:542)
		at org.apache.catalina.core.StandardHostValve.invoke(StandardHostValve.java:119)
		at org.apache.catalina.valves.ErrorReportValve.invoke(ErrorReportValve.java:92)
		at org.apache.catalina.valves.AbstractAccessLogValve.invoke(AbstractAccessLogValve.java:690)
		at org.apache.catalina.core.StandardEngineValve.invoke(StandardEngineValve.java:78)
		at org.apache.catalina.connector.CoyoteAdapter.service(CoyoteAdapter.java:357)
		at org.apache.coyote.http11.Http11Processor.service(Http11Processor.java:400)
		at org.apache.coyote.AbstractProcessorLight.process(AbstractProcessorLight.java:65)
		at org.apache.coyote.AbstractProtocol$ConnectionHandler.process(AbstractProtocol.java:859)
		at org.apache.tomcat.util.net.NioEndpoint$SocketProcessor.doRun(NioEndpoint.java:1734)
		at org.apache.tomcat.util.net.SocketProcessorBase.run(SocketProcessorBase.java:52)
		at org.apache.tomcat.util.threads.ThreadPoolExecutor.runWorker(ThreadPoolExecutor.java:1191)
		at org.apache.tomcat.util.threads.ThreadPoolExecutor$Worker.run(ThreadPoolExecutor.java:659)
		at org.apache.tomcat.util.threads.TaskThread$WrappingRunnable.run(TaskThread.java:61)
		at java.base/java.lang.Thread.run(Thread.java:833)
25-Mar-2023 18:51:04.963 INFO [Thread-1] org.apache.catalina.core.ApplicationContext.log SessionListener: contextDestroyed()
25-Mar-2023 18:51:04.964 INFO [Thread-1] org.apache.catalina.core.ApplicationContext.log ContextListener: contextDestroyed()
25-Mar-2023 18:51:09.031 INFO [main] org.apache.catalina.core.ApplicationContext.log ContextListener: contextInitialized()
25-Mar-2023 18:51:09.032 INFO [main] org.apache.catalina.core.ApplicationContext.log SessionListener: contextInitialized()
25-Mar-2023 18:51:09.034 INFO [main] org.apache.catalina.core.ApplicationContext.log ContextListener: attributeAdded('StockTicker', 'async.Stockticker@306851c7')
25-Mar-2023 18:53:01.704 INFO [Thread-1] org.apache.catalina.core.ApplicationContext.log SessionListener: contextDestroyed()
25-Mar-2023 18:53:01.704 INFO [Thread-1] org.apache.catalina.core.ApplicationContext.log ContextListener: contextDestroyed()
25-Mar-2023 18:53:05.937 INFO [main] org.apache.catalina.core.ApplicationContext.log ContextListener: contextInitialized()
25-Mar-2023 18:53:05.938 INFO [main] org.apache.catalina.core.ApplicationContext.log SessionListener: contextInitialized()
25-Mar-2023 18:53:05.941 INFO [main] org.apache.catalina.core.ApplicationContext.log ContextListener: attributeAdded('StockTicker', 'async.Stockticker@75f5fd58')
25-Mar-2023 19:56:40.645 INFO [Thread-1] org.apache.catalina.core.ApplicationContext.log SessionListener: contextDestroyed()
25-Mar-2023 19:56:40.645 INFO [Thread-1] org.apache.catalina.core.ApplicationContext.log ContextListener: contextDestroyed()
25-Mar-2023 19:56:44.242 INFO [main] org.apache.catalina.core.ApplicationContext.log ContextListener: contextInitialized()
25-Mar-2023 19:56:44.242 INFO [main] org.apache.catalina.core.ApplicationContext.log SessionListener: contextInitialized()
25-Mar-2023 19:56:44.244 INFO [main] org.apache.catalina.core.ApplicationContext.log ContextListener: attributeAdded('StockTicker', 'async.Stockticker@79da1ec0')
=======
25-Mar-2023 15:25:41.691 INFO [main] org.apache.catalina.core.ApplicationContext.log ContextListener: contextInitialized()
25-Mar-2023 15:25:41.691 INFO [main] org.apache.catalina.core.ApplicationContext.log SessionListener: contextInitialized()
25-Mar-2023 15:25:41.693 INFO [main] org.apache.catalina.core.ApplicationContext.log ContextListener: attributeAdded('StockTicker', 'async.Stockticker@7fc44dec')
25-Mar-2023 17:37:51.370 INFO [Thread-1] org.apache.catalina.core.ApplicationContext.log SessionListener: contextDestroyed()
25-Mar-2023 17:37:51.370 INFO [Thread-1] org.apache.catalina.core.ApplicationContext.log ContextListener: contextDestroyed()
25-Mar-2023 17:38:19.161 INFO [main] org.apache.catalina.core.ApplicationContext.log ContextListener: contextInitialized()
25-Mar-2023 17:38:19.161 INFO [main] org.apache.catalina.core.ApplicationContext.log SessionListener: contextInitialized()
25-Mar-2023 17:38:19.163 INFO [main] org.apache.catalina.core.ApplicationContext.log ContextListener: attributeAdded('StockTicker', 'async.Stockticker@20b5f2ac')
25-Mar-2023 18:40:22.531 INFO [Thread-1] org.apache.catalina.core.ApplicationContext.log SessionListener: contextDestroyed()
25-Mar-2023 18:40:22.531 INFO [Thread-1] org.apache.catalina.core.ApplicationContext.log ContextListener: contextDestroyed()
>>>>>>> e36af7d256a84b8c5742ff11bd87ee60b78df18f
25-Mar-2023 22:34:27.685 INFO [main] org.apache.catalina.core.ApplicationContext.log ContextListener: contextInitialized()
25-Mar-2023 22:34:27.685 INFO [main] org.apache.catalina.core.ApplicationContext.log SessionListener: contextInitialized()
25-Mar-2023 22:34:27.686 INFO [main] org.apache.catalina.core.ApplicationContext.log ContextListener: attributeAdded('StockTicker', 'async.Stockticker@435871cb')
25-Mar-2023 22:40:48.814 INFO [Thread-1] org.apache.catalina.core.ApplicationContext.log SessionListener: contextDestroyed()
25-Mar-2023 22:40:48.814 INFO [Thread-1] org.apache.catalina.core.ApplicationContext.log ContextListener: contextDestroyed()
25-Mar-2023 22:40:53.472 INFO [main] org.apache.catalina.core.ApplicationContext.log ContextListener: contextInitialized()
25-Mar-2023 22:40:53.472 INFO [main] org.apache.catalina.core.ApplicationContext.log SessionListener: contextInitialized()
25-Mar-2023 22:40:53.476 INFO [main] org.apache.catalina.core.ApplicationContext.log ContextListener: attributeAdded('StockTicker', 'async.Stockticker@435871cb')
25-Mar-2023 22:42:59.499 INFO [Thread-1] org.apache.catalina.core.ApplicationContext.log SessionListener: contextDestroyed()
25-Mar-2023 22:42:59.500 INFO [Thread-1] org.apache.catalina.core.ApplicationContext.log ContextListener: contextDestroyed()
25-Mar-2023 22:43:03.274 INFO [main] org.apache.catalina.core.ApplicationContext.log ContextListener: contextInitialized()
25-Mar-2023 22:43:03.274 INFO [main] org.apache.catalina.core.ApplicationContext.log SessionListener: contextInitialized()
25-Mar-2023 22:43:03.275 INFO [main] org.apache.catalina.core.ApplicationContext.log ContextListener: attributeAdded('StockTicker', 'async.Stockticker@192d74fb')
25-Mar-2023 22:45:05.481 INFO [Thread-1] org.apache.catalina.core.ApplicationContext.log SessionListener: contextDestroyed()
25-Mar-2023 22:45:05.481 INFO [Thread-1] org.apache.catalina.core.ApplicationContext.log ContextListener: contextDestroyed()
25-Mar-2023 22:45:09.357 INFO [main] org.apache.catalina.core.ApplicationContext.log ContextListener: contextInitialized()
25-Mar-2023 22:45:09.357 INFO [main] org.apache.catalina.core.ApplicationContext.log SessionListener: contextInitialized()
25-Mar-2023 22:45:09.359 INFO [main] org.apache.catalina.core.ApplicationContext.log ContextListener: attributeAdded('StockTicker', 'async.Stockticker@79da1ec0')
25-Mar-2023 22:45:41.896 INFO [Thread-1] org.apache.catalina.core.ApplicationContext.log SessionListener: contextDestroyed()
25-Mar-2023 22:45:41.897 INFO [Thread-1] org.apache.catalina.core.ApplicationContext.log ContextListener: contextDestroyed()
25-Mar-2023 22:47:33.231 INFO [main] org.apache.catalina.core.ApplicationContext.log ContextListener: contextInitialized()
25-Mar-2023 22:47:33.232 INFO [main] org.apache.catalina.core.ApplicationContext.log SessionListener: contextInitialized()
25-Mar-2023 22:47:33.233 INFO [main] org.apache.catalina.core.ApplicationContext.log ContextListener: attributeAdded('StockTicker', 'async.Stockticker@192d74fb')
25-Mar-2023 22:47:50.194 INFO [Thread-1] org.apache.catalina.core.ApplicationContext.log SessionListener: contextDestroyed()
25-Mar-2023 22:47:50.194 INFO [Thread-1] org.apache.catalina.core.ApplicationContext.log ContextListener: contextDestroyed()
25-Mar-2023 22:47:56.003 INFO [main] org.apache.catalina.core.ApplicationContext.log ContextListener: contextInitialized()
25-Mar-2023 22:47:56.003 INFO [main] org.apache.catalina.core.ApplicationContext.log SessionListener: contextInitialized()
25-Mar-2023 22:47:56.006 INFO [main] org.apache.catalina.core.ApplicationContext.log ContextListener: attributeAdded('StockTicker', 'async.Stockticker@79da1ec0')
25-Mar-2023 22:54:23.691 INFO [Thread-1] org.apache.catalina.core.ApplicationContext.log SessionListener: contextDestroyed()
25-Mar-2023 22:54:23.691 INFO [Thread-1] org.apache.catalina.core.ApplicationContext.log ContextListener: contextDestroyed()
25-Mar-2023 22:54:30.865 INFO [main] org.apache.catalina.core.ApplicationContext.log ContextListener: contextInitialized()
25-Mar-2023 22:54:30.866 INFO [main] org.apache.catalina.core.ApplicationContext.log SessionListener: contextInitialized()
25-Mar-2023 22:54:30.869 INFO [main] org.apache.catalina.core.ApplicationContext.log ContextListener: attributeAdded('StockTicker', 'async.Stockticker@79da1ec0')
25-Mar-2023 22:56:21.845 INFO [Thread-1] org.apache.catalina.core.ApplicationContext.log SessionListener: contextDestroyed()
25-Mar-2023 22:56:21.846 INFO [Thread-1] org.apache.catalina.core.ApplicationContext.log ContextListener: contextDestroyed()
25-Mar-2023 22:56:26.247 INFO [main] org.apache.catalina.core.ApplicationContext.log ContextListener: contextInitialized()
25-Mar-2023 22:56:26.247 INFO [main] org.apache.catalina.core.ApplicationContext.log SessionListener: contextInitialized()
25-Mar-2023 22:56:26.249 INFO [main] org.apache.catalina.core.ApplicationContext.log ContextListener: attributeAdded('StockTicker', 'async.Stockticker@192d74fb')
25-Mar-2023 22:56:57.521 INFO [Thread-1] org.apache.catalina.core.ApplicationContext.log SessionListener: contextDestroyed()
25-Mar-2023 22:56:57.521 INFO [Thread-1] org.apache.catalina.core.ApplicationContext.log ContextListener: contextDestroyed()
25-Mar-2023 22:57:00.786 INFO [main] org.apache.catalina.core.ApplicationContext.log ContextListener: contextInitialized()
25-Mar-2023 22:57:00.787 INFO [main] org.apache.catalina.core.ApplicationContext.log SessionListener: contextInitialized()
25-Mar-2023 22:57:00.788 INFO [main] org.apache.catalina.core.ApplicationContext.log ContextListener: attributeAdded('StockTicker', 'async.Stockticker@435871cb')
25-Mar-2023 22:59:38.771 INFO [Thread-1] org.apache.catalina.core.ApplicationContext.log SessionListener: contextDestroyed()
25-Mar-2023 22:59:38.771 INFO [Thread-1] org.apache.catalina.core.ApplicationContext.log ContextListener: contextDestroyed()
25-Mar-2023 22:59:44.291 INFO [main] org.apache.catalina.core.ApplicationContext.log ContextListener: contextInitialized()
25-Mar-2023 22:59:44.292 INFO [main] org.apache.catalina.core.ApplicationContext.log SessionListener: contextInitialized()
25-Mar-2023 22:59:44.293 INFO [main] org.apache.catalina.core.ApplicationContext.log ContextListener: attributeAdded('StockTicker', 'async.Stockticker@435871cb')
25-Mar-2023 23:05:14.892 INFO [Thread-1] org.apache.catalina.core.ApplicationContext.log SessionListener: contextDestroyed()
25-Mar-2023 23:05:14.892 INFO [Thread-1] org.apache.catalina.core.ApplicationContext.log ContextListener: contextDestroyed()
25-Mar-2023 23:05:18.632 INFO [main] org.apache.catalina.core.ApplicationContext.log ContextListener: contextInitialized()
25-Mar-2023 23:05:18.632 INFO [main] org.apache.catalina.core.ApplicationContext.log SessionListener: contextInitialized()
25-Mar-2023 23:05:18.634 INFO [main] org.apache.catalina.core.ApplicationContext.log ContextListener: attributeAdded('StockTicker', 'async.Stockticker@388ba540')
25-Mar-2023 23:09:57.100 INFO [Thread-1] org.apache.catalina.core.ApplicationContext.log SessionListener: contextDestroyed()
25-Mar-2023 23:09:57.101 INFO [Thread-1] org.apache.catalina.core.ApplicationContext.log ContextListener: contextDestroyed()
25-Mar-2023 23:10:00.250 INFO [main] org.apache.catalina.core.ApplicationContext.log ContextListener: contextInitialized()
25-Mar-2023 23:10:00.251 INFO [main] org.apache.catalina.core.ApplicationContext.log SessionListener: contextInitialized()
25-Mar-2023 23:10:00.253 INFO [main] org.apache.catalina.core.ApplicationContext.log ContextListener: attributeAdded('StockTicker', 'async.Stockticker@79da1ec0')
25-Mar-2023 23:10:29.701 INFO [Thread-1] org.apache.catalina.core.ApplicationContext.log SessionListener: contextDestroyed()
25-Mar-2023 23:10:29.701 INFO [Thread-1] org.apache.catalina.core.ApplicationContext.log ContextListener: contextDestroyed()
25-Mar-2023 23:10:32.758 INFO [main] org.apache.catalina.core.ApplicationContext.log ContextListener: contextInitialized()
25-Mar-2023 23:10:32.759 INFO [main] org.apache.catalina.core.ApplicationContext.log SessionListener: contextInitialized()
25-Mar-2023 23:10:32.760 INFO [main] org.apache.catalina.core.ApplicationContext.log ContextListener: attributeAdded('StockTicker', 'async.Stockticker@435871cb')
25-Mar-2023 23:53:41.136 INFO [Thread-1] org.apache.catalina.core.ApplicationContext.log SessionListener: contextDestroyed()
25-Mar-2023 23:53:41.136 INFO [Thread-1] org.apache.catalina.core.ApplicationContext.log ContextListener: contextDestroyed()
25-Mar-2023 23:53:45.309 INFO [main] org.apache.catalina.core.ApplicationContext.log ContextListener: contextInitialized()
25-Mar-2023 23:53:45.309 INFO [main] org.apache.catalina.core.ApplicationContext.log SessionListener: contextInitialized()
25-Mar-2023 23:53:45.311 INFO [main] org.apache.catalina.core.ApplicationContext.log ContextListener: attributeAdded('StockTicker', 'async.Stockticker@435871cb')
25-Mar-2023 23:55:10.032 INFO [Thread-1] org.apache.catalina.core.ApplicationContext.log SessionListener: contextDestroyed()
25-Mar-2023 23:55:10.032 INFO [Thread-1] org.apache.catalina.core.ApplicationContext.log ContextListener: contextDestroyed()
25-Mar-2023 23:55:13.861 INFO [main] org.apache.catalina.core.ApplicationContext.log ContextListener: contextInitialized()
25-Mar-2023 23:55:13.861 INFO [main] org.apache.catalina.core.ApplicationContext.log SessionListener: contextInitialized()
25-Mar-2023 23:55:13.863 INFO [main] org.apache.catalina.core.ApplicationContext.log ContextListener: attributeAdded('StockTicker', 'async.Stockticker@2c88b9fc')
25-Mar-2023 23:55:42.661 INFO [Thread-1] org.apache.catalina.core.ApplicationContext.log SessionListener: contextDestroyed()
25-Mar-2023 23:55:42.661 INFO [Thread-1] org.apache.catalina.core.ApplicationContext.log ContextListener: contextDestroyed()
25-Mar-2023 23:55:46.379 INFO [main] org.apache.catalina.core.ApplicationContext.log ContextListener: contextInitialized()
25-Mar-2023 23:55:46.380 INFO [main] org.apache.catalina.core.ApplicationContext.log SessionListener: contextInitialized()
25-Mar-2023 23:55:46.382 INFO [main] org.apache.catalina.core.ApplicationContext.log ContextListener: attributeAdded('StockTicker', 'async.Stockticker@192d74fb')
